#
# There is insufficient memory for the Java Runtime Environment to continue.
# Native memory allocation (malloc) failed to allocate 3221584 bytes for Chunk::new
# Possible reasons:
#   The system is out of physical RAM or swap space
#   The process is running with CompressedOops enabled, and the Java Heap may be blocking the growth of the native heap
# Possible solutions:
#   Reduce memory load on the system
#   Increase physical memory or swap space
#   Check if swap backing store is full
#   Decrease Java heap size (-Xmx/-Xms)
#   Decrease number of Java threads
#   Decrease Java thread stack sizes (-Xss)
#   Set larger code cache with -XX:ReservedCodeCacheSize=
#   JVM is running with Unscaled Compressed Oops mode in which the Java heap is
#     placed in the first 4GB address space. The Java Heap base address is the
#     maximum limit for the native heap growth. Please use -XX:HeapBaseMinAddress
#     to set the Java Heap base and to place the Java Heap above 4GB virtual address.
# This output file may be truncated or incomplete.
#
#  Out of Memory Error (./open/src/hotspot/share/memory/arena.cpp:195), pid=9960, tid=8940
#
# JRE version: Java(TM) SE Runtime Environment (14.0.2+12) (build 14.0.2+12-46)
# Java VM: Java HotSpot(TM) 64-Bit Server VM (14.0.2+12-46, mixed mode, sharing, tiered, compressed oops, g1 gc, windows-amd64)
# No core dump will be written. Minidumps are not enabled by default on client versions of Windows
#

---------------  S U M M A R Y ------------

Command Line: -Dfile.encoding=UTF-8 --module-path=D:\Documents\NetBeansProjects\Covid Management\build\classes home

Host: Intel(R) Core(TM) i5-7200U CPU @ 2.50GHz, 4 cores, 3G,  Windows 10 , 64 bit Build 18362 (10.0.18362.86)
Time: Wed Dec  1 14:53:00 2021 SE Asia Standard Time elapsed time: 7 seconds (0d 0h 0m 7s)

---------------  T H R E A D  ---------------

Current thread (0x000001f4bcfd6000):  JavaThread "C2 CompilerThread0" daemon [_thread_in_native, id=8940, stack(0x0000008299400000,0x0000008299500000)]


Current CompileTask:
C2:   7422 1737   !   4       sun.awt.image.PNGImageDecoder::produceImage (1917 bytes)

Stack: [0x0000008299400000,0x0000008299500000]
Native frames: (J=compiled Java code, j=interpreted, Vv=VM code, C=native code)
V  [jvm.dll+0x5f8a9a]
V  [jvm.dll+0x74247a]
V  [jvm.dll+0x743c2f]
V  [jvm.dll+0x744273]
V  [jvm.dll+0x20d288]
V  [jvm.dll+0xabb07]
V  [jvm.dll+0xac1fc]
V  [jvm.dll+0x31c495]
V  [jvm.dll+0x18ce00]
V  [jvm.dll+0x1e5efa]
V  [jvm.dll+0x1e50b8]
V  [jvm.dll+0x1779cc]
V  [jvm.dll+0x1f4105]
V  [jvm.dll+0x1f22eb]
V  [jvm.dll+0x7070cd]
V  [jvm.dll+0x6ffeda]
V  [jvm.dll+0x5f78f6]
C  [ucrtbase.dll+0x1d912]
C  [KERNEL32.DLL+0x17bd4]
C  [ntdll.dll+0x6ce71]


---------------  P R O C E S S  ---------------

Threads class SMR info:
_java_thread_list=0x000001f4bf780990, length=18, elements={
0x000001f4bcfad000, 0x000001f4bcfae000, 0x000001f4bcfc6800, 0x000001f4bcfca800,
0x000001f4bcfcc000, 0x000001f4bcfd6000, 0x000001f4bcfda800, 0x000001f4bcfe1000,
0x000001f4bcf9d000, 0x000001f4bda4f000, 0x000001f4bdc72000, 0x000001f4bdc73000,
0x000001f4bdc76000, 0x000001f4bdd02800, 0x000001f4a0e44000, 0x000001f4bda56800,
0x000001f4bf7f7000, 0x000001f4bf011000
}

Java Threads: ( => current thread )
  0x000001f4bcfad000 JavaThread "Reference Handler" daemon [_thread_blocked, id=9288, stack(0x0000008298f00000,0x0000008299000000)]
  0x000001f4bcfae000 JavaThread "Finalizer" daemon [_thread_blocked, id=5984, stack(0x0000008299000000,0x0000008299100000)]
  0x000001f4bcfc6800 JavaThread "Signal Dispatcher" daemon [_thread_blocked, id=9768, stack(0x0000008299100000,0x0000008299200000)]
  0x000001f4bcfca800 JavaThread "Attach Listener" daemon [_thread_blocked, id=10580, stack(0x0000008299200000,0x0000008299300000)]
  0x000001f4bcfcc000 JavaThread "Service Thread" daemon [_thread_blocked, id=2952, stack(0x0000008299300000,0x0000008299400000)]
=>0x000001f4bcfd6000 JavaThread "C2 CompilerThread0" daemon [_thread_in_native, id=8940, stack(0x0000008299400000,0x0000008299500000)]
  0x000001f4bcfda800 JavaThread "C1 CompilerThread0" daemon [_thread_blocked, id=8996, stack(0x0000008299500000,0x0000008299600000)]
  0x000001f4bcfe1000 JavaThread "Sweeper thread" daemon [_thread_blocked, id=1928, stack(0x0000008299600000,0x0000008299700000)]
  0x000001f4bcf9d000 JavaThread "Common-Cleaner" daemon [_thread_blocked, id=1128, stack(0x0000008299700000,0x0000008299800000)]
  0x000001f4bda4f000 JavaThread "Notification Thread" daemon [_thread_blocked, id=7072, stack(0x0000008299800000,0x0000008299900000)]
  0x000001f4bdc72000 JavaThread "Java2D Disposer" daemon [_thread_blocked, id=6156, stack(0x0000008299b00000,0x0000008299c00000)]
  0x000001f4bdc73000 JavaThread "AWT-Shutdown" [_thread_blocked, id=12112, stack(0x0000008299c00000,0x0000008299d00000)]
  0x000001f4bdc76000 JavaThread "AWT-Windows" daemon [_thread_in_native, id=3380, stack(0x0000008299d00000,0x0000008299e00000)]
  0x000001f4bdd02800 JavaThread "AWT-EventQueue-0" [_thread_in_native, id=10452, stack(0x0000008299e00000,0x0000008299f00000)]
  0x000001f4a0e44000 JavaThread "DestroyJavaVM" [_thread_blocked, id=7300, stack(0x0000008298800000,0x0000008298900000)]
  0x000001f4bda56800 JavaThread "Image Fetcher 0" daemon [_thread_blocked, id=1684, stack(0x0000008299f00000,0x000000829a000000)]
  0x000001f4bf7f7000 JavaThread "TimerQueue" daemon [_thread_blocked, id=1044, stack(0x000000829a600000,0x000000829a700000)]
  0x000001f4bf011000 JavaThread "C2 CompilerThread1" daemon [_thread_blocked, id=6704, stack(0x000000829a700000,0x000000829a800000)]

Other Threads:
  0x000001f4bcfa9000 VMThread "VM Thread" [stack: 0x0000008298e00000,0x0000008298f00000] [id=5948]
  0x000001f4bda68800 WatcherThread [stack: 0x0000008299900000,0x0000008299a00000] [id=4040]
  0x000001f4a0e6f000 GCTaskThread "GC Thread#0" [stack: 0x0000008298900000,0x0000008298a00000] [id=12060]
  0x000001f4beb66000 GCTaskThread "GC Thread#1" [stack: 0x000000829a000000,0x000000829a100000] [id=10856]
  0x000001f4bdd5e000 GCTaskThread "GC Thread#2" [stack: 0x000000829a100000,0x000000829a200000] [id=9220]
  0x000001f4be895000 GCTaskThread "GC Thread#3" [stack: 0x000000829a200000,0x000000829a300000] [id=10624]
  0x000001f4a0e78800 ConcurrentGCThread "G1 Main Marker" [stack: 0x0000008298a00000,0x0000008298b00000] [id=11672]
  0x000001f4a0e79800 ConcurrentGCThread "G1 Conc#0" [stack: 0x0000008298b00000,0x0000008298c00000] [id=5188]
  0x000001f4a0ed3000 ConcurrentGCThread "G1 Refine#0" [stack: 0x0000008298c00000,0x0000008298d00000] [id=5812]
  0x000001f4bead8800 ConcurrentGCThread "G1 Refine#1" [stack: 0x000000829a300000,0x000000829a400000] [id=10584]
  0x000001f4a0ed4000 ConcurrentGCThread "G1 Young RemSet Sampling" [stack: 0x0000008298d00000,0x0000008298e00000] [id=3432]

Threads with active compile tasks:
C2 CompilerThread0     7456 1737   !   4       sun.awt.image.PNGImageDecoder::produceImage (1917 bytes)

VM state:not at safepoint (normal execution)

VM Mutex/Monitor currently owned by a thread: None

Heap address: 0x00000000c1800000, size: 1000 MB, Compressed Oops mode: 32-bit
Narrow klass base: 0x0000000800000000, Narrow klass shift: 3
Compressed class space size: 1073741824 Address: 0x0000000800b30000

Heap:
 garbage-first heap   total 299008K, used 211180K [0x00000000c1800000, 0x0000000100000000)
  region size 1024K, 36 young (36864K), 2 survivors (2048K)
 Metaspace       used 12686K, capacity 13008K, committed 13184K, reserved 1060864K
  class space    used 1503K, capacity 1641K, committed 1664K, reserved 1048576K
Heap Regions: E=young(eden), S=young(survivor), O=old, HS=humongous(starts), HC=humongous(continues), CS=collection set, F=free, OA=open archive, CA=closed archive, TAMS=top-at-mark-start (previous, next)
|   0|0x00000000c1800000, 0x00000000c1900000, 0x00000000c1900000|100%|HS|  |TAMS 0x00000000c1900000, 0x00000000c1800000| Complete 
|   1|0x00000000c1900000, 0x00000000c1a00000, 0x00000000c1a00000|100%|HC|  |TAMS 0x00000000c1a00000, 0x00000000c1900000| Complete 
|   2|0x00000000c1a00000, 0x00000000c1a00000, 0x00000000c1b00000|  0%| F|  |TAMS 0x00000000c1a00000, 0x00000000c1a00000| Untracked 
|   3|0x00000000c1b00000, 0x00000000c1c00000, 0x00000000c1c00000|100%| O|  |TAMS 0x00000000c1c00000, 0x00000000c1b00000| Untracked 
|   4|0x00000000c1c00000, 0x00000000c1d00000, 0x00000000c1d00000|100%| O|  |TAMS 0x00000000c1d00000, 0x00000000c1c00000| Untracked 
|   5|0x00000000c1d00000, 0x00000000c1df1a00, 0x00000000c1e00000| 94%| O|  |TAMS 0x00000000c1df1a00, 0x00000000c1d00000| Untracked 
|   6|0x00000000c1e00000, 0x00000000c1f00000, 0x00000000c1f00000|100%|HS|  |TAMS 0x00000000c1f00000, 0x00000000c1e00000| Complete 
|   7|0x00000000c1f00000, 0x00000000c2000000, 0x00000000c2000000|100%|HC|  |TAMS 0x00000000c2000000, 0x00000000c1f00000| Complete 
|   8|0x00000000c2000000, 0x00000000c2100000, 0x00000000c2100000|100%|HC|  |TAMS 0x00000000c2100000, 0x00000000c2000000| Complete 
|   9|0x00000000c2100000, 0x00000000c2200000, 0x00000000c2200000|100%|HC|  |TAMS 0x00000000c2200000, 0x00000000c2100000| Complete 
|  10|0x00000000c2200000, 0x00000000c2300000, 0x00000000c2300000|100%|HC|  |TAMS 0x00000000c2300000, 0x00000000c2200000| Complete 
|  11|0x00000000c2300000, 0x00000000c2400000, 0x00000000c2400000|100%|HC|  |TAMS 0x00000000c2400000, 0x00000000c2300000| Complete 
|  12|0x00000000c2400000, 0x00000000c2500000, 0x00000000c2500000|100%|HC|  |TAMS 0x00000000c2500000, 0x00000000c2400000| Complete 
|  13|0x00000000c2500000, 0x00000000c2600000, 0x00000000c2600000|100%|HC|  |TAMS 0x00000000c2600000, 0x00000000c2500000| Complete 
|  14|0x00000000c2600000, 0x00000000c2700000, 0x00000000c2700000|100%|HS|  |TAMS 0x00000000c2700000, 0x00000000c2600000| Complete 
|  15|0x00000000c2700000, 0x00000000c2800000, 0x00000000c2800000|100%|HC|  |TAMS 0x00000000c2800000, 0x00000000c2700000| Complete 
|  16|0x00000000c2800000, 0x00000000c2900000, 0x00000000c2900000|100%|HC|  |TAMS 0x00000000c2900000, 0x00000000c2800000| Complete 
|  17|0x00000000c2900000, 0x00000000c2a00000, 0x00000000c2a00000|100%|HC|  |TAMS 0x00000000c2a00000, 0x00000000c2900000| Complete 
|  18|0x00000000c2a00000, 0x00000000c2b00000, 0x00000000c2b00000|100%|HC|  |TAMS 0x00000000c2b00000, 0x00000000c2a00000| Complete 
|  19|0x00000000c2b00000, 0x00000000c2c00000, 0x00000000c2c00000|100%|HC|  |TAMS 0x00000000c2c00000, 0x00000000c2b00000| Complete 
|  20|0x00000000c2c00000, 0x00000000c2d00000, 0x00000000c2d00000|100%|HC|  |TAMS 0x00000000c2d00000, 0x00000000c2c00000| Complete 
|  21|0x00000000c2d00000, 0x00000000c2e00000, 0x00000000c2e00000|100%|HC|  |TAMS 0x00000000c2e00000, 0x00000000c2d00000| Complete 
|  22|0x00000000c2e00000, 0x00000000c2f00000, 0x00000000c2f00000|100%|HC|  |TAMS 0x00000000c2f00000, 0x00000000c2e00000| Complete 
|  23|0x00000000c2f00000, 0x00000000c3000000, 0x00000000c3000000|100%|HC|  |TAMS 0x00000000c3000000, 0x00000000c2f00000| Complete 
|  24|0x00000000c3000000, 0x00000000c3100000, 0x00000000c3100000|100%|HC|  |TAMS 0x00000000c3100000, 0x00000000c3000000| Complete 
|  25|0x00000000c3100000, 0x00000000c3200000, 0x00000000c3200000|100%|HC|  |TAMS 0x00000000c3200000, 0x00000000c3100000| Complete 
|  26|0x00000000c3200000, 0x00000000c3300000, 0x00000000c3300000|100%|HC|  |TAMS 0x00000000c3300000, 0x00000000c3200000| Complete 
|  27|0x00000000c3300000, 0x00000000c3400000, 0x00000000c3400000|100%|HC|  |TAMS 0x00000000c3400000, 0x00000000c3300000| Complete 
|  28|0x00000000c3400000, 0x00000000c3500000, 0x00000000c3500000|100%|HC|  |TAMS 0x00000000c3500000, 0x00000000c3400000| Complete 
|  29|0x00000000c3500000, 0x00000000c3600000, 0x00000000c3600000|100%|HC|  |TAMS 0x00000000c3600000, 0x00000000c3500000| Complete 
|  30|0x00000000c3600000, 0x00000000c3700000, 0x00000000c3700000|100%|HC|  |TAMS 0x00000000c3700000, 0x00000000c3600000| Complete 
|  31|0x00000000c3700000, 0x00000000c3800000, 0x00000000c3800000|100%|HC|  |TAMS 0x00000000c3800000, 0x00000000c3700000| Complete 
|  32|0x00000000c3800000, 0x00000000c3900000, 0x00000000c3900000|100%|HC|  |TAMS 0x00000000c3900000, 0x00000000c3800000| Complete 
|  33|0x00000000c3900000, 0x00000000c3a00000, 0x00000000c3a00000|100%|HC|  |TAMS 0x00000000c3a00000, 0x00000000c3900000| Complete 
|  34|0x00000000c3a00000, 0x00000000c3b00000, 0x00000000c3b00000|100%|HC|  |TAMS 0x00000000c3b00000, 0x00000000c3a00000| Complete 
|  35|0x00000000c3b00000, 0x00000000c3c00000, 0x00000000c3c00000|100%|HC|  |TAMS 0x00000000c3c00000, 0x00000000c3b00000| Complete 
|  36|0x00000000c3c00000, 0x00000000c3d00000, 0x00000000c3d00000|100%|HC|  |TAMS 0x00000000c3d00000, 0x00000000c3c00000| Complete 
|  37|0x00000000c3d00000, 0x00000000c3e00000, 0x00000000c3e00000|100%|HC|  |TAMS 0x00000000c3e00000, 0x00000000c3d00000| Complete 
|  38|0x00000000c3e00000, 0x00000000c3f00000, 0x00000000c3f00000|100%|HC|  |TAMS 0x00000000c3f00000, 0x00000000c3e00000| Complete 
|  39|0x00000000c3f00000, 0x00000000c4000000, 0x00000000c4000000|100%|HC|  |TAMS 0x00000000c4000000, 0x00000000c3f00000| Complete 
|  40|0x00000000c4000000, 0x00000000c4100000, 0x00000000c4100000|100%|HC|  |TAMS 0x00000000c4100000, 0x00000000c4000000| Complete 
|  41|0x00000000c4100000, 0x00000000c4200000, 0x00000000c4200000|100%|HC|  |TAMS 0x00000000c4200000, 0x00000000c4100000| Complete 
|  42|0x00000000c4200000, 0x00000000c4300000, 0x00000000c4300000|100%|HC|  |TAMS 0x00000000c4300000, 0x00000000c4200000| Complete 
|  43|0x00000000c4300000, 0x00000000c4400000, 0x00000000c4400000|100%|HC|  |TAMS 0x00000000c4400000, 0x00000000c4300000| Complete 
|  44|0x00000000c4400000, 0x00000000c4500000, 0x00000000c4500000|100%|HC|  |TAMS 0x00000000c4500000, 0x00000000c4400000| Complete 
|  45|0x00000000c4500000, 0x00000000c4600000, 0x00000000c4600000|100%|HC|  |TAMS 0x00000000c4600000, 0x00000000c4500000| Complete 
|  46|0x00000000c4600000, 0x00000000c4600000, 0x00000000c4700000|  0%| F|  |TAMS 0x00000000c4600000, 0x00000000c4600000| Untracked 
|  47|0x00000000c4700000, 0x00000000c4700000, 0x00000000c4800000|  0%| F|  |TAMS 0x00000000c4700000, 0x00000000c4700000| Untracked 
|  48|0x00000000c4800000, 0x00000000c4800000, 0x00000000c4900000|  0%| F|  |TAMS 0x00000000c4800000, 0x00000000c4800000| Untracked 
|  49|0x00000000c4900000, 0x00000000c4900000, 0x00000000c4a00000|  0%| F|  |TAMS 0x00000000c4900000, 0x00000000c4900000| Untracked 
|  50|0x00000000c4a00000, 0x00000000c4a00000, 0x00000000c4b00000|  0%| F|  |TAMS 0x00000000c4a00000, 0x00000000c4a00000| Untracked 
|  51|0x00000000c4b00000, 0x00000000c4b00000, 0x00000000c4c00000|  0%| F|  |TAMS 0x00000000c4b00000, 0x00000000c4b00000| Untracked 
|  52|0x00000000c4c00000, 0x00000000c4c00000, 0x00000000c4d00000|  0%| F|  |TAMS 0x00000000c4c00000, 0x00000000c4c00000| Untracked 
|  53|0x00000000c4d00000, 0x00000000c4d00000, 0x00000000c4e00000|  0%| F|  |TAMS 0x00000000c4d00000, 0x00000000c4d00000| Untracked 
|  54|0x00000000c4e00000, 0x00000000c4e00000, 0x00000000c4f00000|  0%| F|  |TAMS 0x00000000c4e00000, 0x00000000c4e00000| Untracked 
|  55|0x00000000c4f00000, 0x00000000c4f00000, 0x00000000c5000000|  0%| F|  |TAMS 0x00000000c4f00000, 0x00000000c4f00000| Untracked 
|  56|0x00000000c5000000, 0x00000000c5100000, 0x00000000c5100000|100%|HS|  |TAMS 0x00000000c5100000, 0x00000000c5000000| Complete 
|  57|0x00000000c5100000, 0x00000000c5200000, 0x00000000c5200000|100%|HC|  |TAMS 0x00000000c5200000, 0x00000000c5100000| Complete 
|  58|0x00000000c5200000, 0x00000000c5300000, 0x00000000c5300000|100%|HC|  |TAMS 0x00000000c5300000, 0x00000000c5200000| Complete 
|  59|0x00000000c5300000, 0x00000000c5400000, 0x00000000c5400000|100%|HC|  |TAMS 0x00000000c5400000, 0x00000000c5300000| Complete 
|  60|0x00000000c5400000, 0x00000000c5500000, 0x00000000c5500000|100%|HC|  |TAMS 0x00000000c5500000, 0x00000000c5400000| Complete 
|  61|0x00000000c5500000, 0x00000000c5600000, 0x00000000c5600000|100%|HC|  |TAMS 0x00000000c5600000, 0x00000000c5500000| Complete 
|  62|0x00000000c5600000, 0x00000000c5700000, 0x00000000c5700000|100%|HC|  |TAMS 0x00000000c5700000, 0x00000000c5600000| Complete 
|  63|0x00000000c5700000, 0x00000000c5800000, 0x00000000c5800000|100%|HC|  |TAMS 0x00000000c5800000, 0x00000000c5700000| Complete 
|  64|0x00000000c5800000, 0x00000000c5900000, 0x00000000c5900000|100%|HC|  |TAMS 0x00000000c5900000, 0x00000000c5800000| Complete 
|  65|0x00000000c5900000, 0x00000000c5a00000, 0x00000000c5a00000|100%|HC|  |TAMS 0x00000000c5a00000, 0x00000000c5900000| Complete 
|  66|0x00000000c5a00000, 0x00000000c5b00000, 0x00000000c5b00000|100%|HC|  |TAMS 0x00000000c5b00000, 0x00000000c5a00000| Complete 
|  67|0x00000000c5b00000, 0x00000000c5c00000, 0x00000000c5c00000|100%|HC|  |TAMS 0x00000000c5c00000, 0x00000000c5b00000| Complete 
|  68|0x00000000c5c00000, 0x00000000c5d00000, 0x00000000c5d00000|100%|HC|  |TAMS 0x00000000c5d00000, 0x00000000c5c00000| Complete 
|  69|0x00000000c5d00000, 0x00000000c5e00000, 0x00000000c5e00000|100%|HC|  |TAMS 0x00000000c5e00000, 0x00000000c5d00000| Complete 
|  70|0x00000000c5e00000, 0x00000000c5f00000, 0x00000000c5f00000|100%|HC|  |TAMS 0x00000000c5f00000, 0x00000000c5e00000| Complete 
|  71|0x00000000c5f00000, 0x00000000c6000000, 0x00000000c6000000|100%|HC|  |TAMS 0x00000000c6000000, 0x00000000c5f00000| Complete 
|  72|0x00000000c6000000, 0x00000000c6100000, 0x00000000c6100000|100%|HC|  |TAMS 0x00000000c6100000, 0x00000000c6000000| Complete 
|  73|0x00000000c6100000, 0x00000000c6200000, 0x00000000c6200000|100%|HC|  |TAMS 0x00000000c6200000, 0x00000000c6100000| Complete 
|  74|0x00000000c6200000, 0x00000000c6300000, 0x00000000c6300000|100%|HC|  |TAMS 0x00000000c6300000, 0x00000000c6200000| Complete 
|  75|0x00000000c6300000, 0x00000000c6400000, 0x00000000c6400000|100%|HC|  |TAMS 0x00000000c6400000, 0x00000000c6300000| Complete 
|  76|0x00000000c6400000, 0x00000000c6500000, 0x00000000c6500000|100%|HC|  |TAMS 0x00000000c6500000, 0x00000000c6400000| Complete 
|  77|0x00000000c6500000, 0x00000000c6600000, 0x00000000c6600000|100%|HC|  |TAMS 0x00000000c6600000, 0x00000000c6500000| Complete 
|  78|0x00000000c6600000, 0x00000000c6700000, 0x00000000c6700000|100%|HC|  |TAMS 0x00000000c6700000, 0x00000000c6600000| Complete 
|  79|0x00000000c6700000, 0x00000000c6800000, 0x00000000c6800000|100%|HC|  |TAMS 0x00000000c6800000, 0x00000000c6700000| Complete 
|  80|0x00000000c6800000, 0x00000000c6900000, 0x00000000c6900000|100%|HC|  |TAMS 0x00000000c6900000, 0x00000000c6800000| Complete 
|  81|0x00000000c6900000, 0x00000000c6a00000, 0x00000000c6a00000|100%|HC|  |TAMS 0x00000000c6a00000, 0x00000000c6900000| Complete 
|  82|0x00000000c6a00000, 0x00000000c6b00000, 0x00000000c6b00000|100%|HC|  |TAMS 0x00000000c6b00000, 0x00000000c6a00000| Complete 
|  83|0x00000000c6b00000, 0x00000000c6c00000, 0x00000000c6c00000|100%|HC|  |TAMS 0x00000000c6c00000, 0x00000000c6b00000| Complete 
|  84|0x00000000c6c00000, 0x00000000c6d00000, 0x00000000c6d00000|100%|HC|  |TAMS 0x00000000c6d00000, 0x00000000c6c00000| Complete 
|  85|0x00000000c6d00000, 0x00000000c6e00000, 0x00000000c6e00000|100%|HC|  |TAMS 0x00000000c6e00000, 0x00000000c6d00000| Complete 
|  86|0x00000000c6e00000, 0x00000000c6f00000, 0x00000000c6f00000|100%|HC|  |TAMS 0x00000000c6f00000, 0x00000000c6e00000| Complete 
|  87|0x00000000c6f00000, 0x00000000c7000000, 0x00000000c7000000|100%|HC|  |TAMS 0x00000000c7000000, 0x00000000c6f00000| Complete 
|  88|0x00000000c7000000, 0x00000000c7100000, 0x00000000c7100000|100%|HC|  |TAMS 0x00000000c7100000, 0x00000000c7000000| Complete 
|  89|0x00000000c7100000, 0x00000000c7200000, 0x00000000c7200000|100%|HC|  |TAMS 0x00000000c7200000, 0x00000000c7100000| Complete 
|  90|0x00000000c7200000, 0x00000000c7300000, 0x00000000c7300000|100%|HC|  |TAMS 0x00000000c7300000, 0x00000000c7200000| Complete 
|  91|0x00000000c7300000, 0x00000000c7400000, 0x00000000c7400000|100%|HC|  |TAMS 0x00000000c7400000, 0x00000000c7300000| Complete 
|  92|0x00000000c7400000, 0x00000000c7500000, 0x00000000c7500000|100%|HC|  |TAMS 0x00000000c7500000, 0x00000000c7400000| Complete 
|  93|0x00000000c7500000, 0x00000000c7600000, 0x00000000c7600000|100%|HC|  |TAMS 0x00000000c7600000, 0x00000000c7500000| Complete 
|  94|0x00000000c7600000, 0x00000000c7700000, 0x00000000c7700000|100%|HC|  |TAMS 0x00000000c7700000, 0x00000000c7600000| Complete 
|  95|0x00000000c7700000, 0x00000000c7800000, 0x00000000c7800000|100%|HC|  |TAMS 0x00000000c7800000, 0x00000000c7700000| Complete 
|  96|0x00000000c7800000, 0x00000000c7900000, 0x00000000c7900000|100%|HC|  |TAMS 0x00000000c7900000, 0x00000000c7800000| Complete 
|  97|0x00000000c7900000, 0x00000000c7a00000, 0x00000000c7a00000|100%|HC|  |TAMS 0x00000000c7a00000, 0x00000000c7900000| Complete 
|  98|0x00000000c7a00000, 0x00000000c7b00000, 0x00000000c7b00000|100%|HC|  |TAMS 0x00000000c7b00000, 0x00000000c7a00000| Complete 
|  99|0x00000000c7b00000, 0x00000000c7c00000, 0x00000000c7c00000|100%|HC|  |TAMS 0x00000000c7c00000, 0x00000000c7b00000| Complete 
| 100|0x00000000c7c00000, 0x00000000c7d00000, 0x00000000c7d00000|100%|HC|  |TAMS 0x00000000c7d00000, 0x00000000c7c00000| Complete 
| 101|0x00000000c7d00000, 0x00000000c7e00000, 0x00000000c7e00000|100%|HC|  |TAMS 0x00000000c7e00000, 0x00000000c7d00000| Complete 
| 102|0x00000000c7e00000, 0x00000000c7f00000, 0x00000000c7f00000|100%|HC|  |TAMS 0x00000000c7f00000, 0x00000000c7e00000| Complete 
| 103|0x00000000c7f00000, 0x00000000c8000000, 0x00000000c8000000|100%|HC|  |TAMS 0x00000000c8000000, 0x00000000c7f00000| Complete 
| 104|0x00000000c8000000, 0x00000000c8100000, 0x00000000c8100000|100%|HC|  |TAMS 0x00000000c8100000, 0x00000000c8000000| Complete 
| 105|0x00000000c8100000, 0x00000000c8200000, 0x00000000c8200000|100%|HC|  |TAMS 0x00000000c8200000, 0x00000000c8100000| Complete 
| 106|0x00000000c8200000, 0x00000000c8300000, 0x00000000c8300000|100%|HC|  |TAMS 0x00000000c8300000, 0x00000000c8200000| Complete 
| 107|0x00000000c8300000, 0x00000000c8400000, 0x00000000c8400000|100%|HC|  |TAMS 0x00000000c8400000, 0x00000000c8300000| Complete 
| 108|0x00000000c8400000, 0x00000000c8500000, 0x00000000c8500000|100%|HC|  |TAMS 0x00000000c8500000, 0x00000000c8400000| Complete 
| 109|0x00000000c8500000, 0x00000000c8600000, 0x00000000c8600000|100%|HC|  |TAMS 0x00000000c8600000, 0x00000000c8500000| Complete 
| 110|0x00000000c8600000, 0x00000000c8700000, 0x00000000c8700000|100%|HC|  |TAMS 0x00000000c8700000, 0x00000000c8600000| Complete 
| 111|0x00000000c8700000, 0x00000000c8800000, 0x00000000c8800000|100%|HC|  |TAMS 0x00000000c8800000, 0x00000000c8700000| Complete 
| 112|0x00000000c8800000, 0x00000000c8900000, 0x00000000c8900000|100%|HC|  |TAMS 0x00000000c8900000, 0x00000000c8800000| Complete 
| 113|0x00000000c8900000, 0x00000000c8a00000, 0x00000000c8a00000|100%|HC|  |TAMS 0x00000000c8a00000, 0x00000000c8900000| Complete 
| 114|0x00000000c8a00000, 0x00000000c8b00000, 0x00000000c8b00000|100%|HC|  |TAMS 0x00000000c8b00000, 0x00000000c8a00000| Complete 
| 115|0x00000000c8b00000, 0x00000000c8c00000, 0x00000000c8c00000|100%|HC|  |TAMS 0x00000000c8c00000, 0x00000000c8b00000| Complete 
| 116|0x00000000c8c00000, 0x00000000c8d00000, 0x00000000c8d00000|100%|HC|  |TAMS 0x00000000c8d00000, 0x00000000c8c00000| Complete 
| 117|0x00000000c8d00000, 0x00000000c8e00000, 0x00000000c8e00000|100%|HC|  |TAMS 0x00000000c8e00000, 0x00000000c8d00000| Complete 
| 118|0x00000000c8e00000, 0x00000000c8f00000, 0x00000000c8f00000|100%|HC|  |TAMS 0x00000000c8f00000, 0x00000000c8e00000| Complete 
| 119|0x00000000c8f00000, 0x00000000c9000000, 0x00000000c9000000|100%|HC|  |TAMS 0x00000000c9000000, 0x00000000c8f00000| Complete 
| 120|0x00000000c9000000, 0x00000000c9100000, 0x00000000c9100000|100%|HC|  |TAMS 0x00000000c9100000, 0x00000000c9000000| Complete 
| 121|0x00000000c9100000, 0x00000000c9200000, 0x00000000c9200000|100%|HC|  |TAMS 0x00000000c9200000, 0x00000000c9100000| Complete 
| 122|0x00000000c9200000, 0x00000000c9300000, 0x00000000c9300000|100%|HC|  |TAMS 0x00000000c9300000, 0x00000000c9200000| Complete 
| 123|0x00000000c9300000, 0x00000000c9400000, 0x00000000c9400000|100%|HC|  |TAMS 0x00000000c9400000, 0x00000000c9300000| Complete 
| 124|0x00000000c9400000, 0x00000000c9500000, 0x00000000c9500000|100%|HC|  |TAMS 0x00000000c9500000, 0x00000000c9400000| Complete 
| 125|0x00000000c9500000, 0x00000000c9600000, 0x00000000c9600000|100%|HC|  |TAMS 0x00000000c9600000, 0x00000000c9500000| Complete 
| 126|0x00000000c9600000, 0x00000000c9700000, 0x00000000c9700000|100%|HC|  |TAMS 0x00000000c9700000, 0x00000000c9600000| Complete 
| 127|0x00000000c9700000, 0x00000000c9800000, 0x00000000c9800000|100%|HC|  |TAMS 0x00000000c9800000, 0x00000000c9700000| Complete 
| 128|0x00000000c9800000, 0x00000000c9900000, 0x00000000c9900000|100%|HC|  |TAMS 0x00000000c9900000, 0x00000000c9800000| Complete 
| 129|0x00000000c9900000, 0x00000000c9a00000, 0x00000000c9a00000|100%|HC|  |TAMS 0x00000000c9a00000, 0x00000000c9900000| Complete 
| 130|0x00000000c9a00000, 0x00000000c9b00000, 0x00000000c9b00000|100%|HC|  |TAMS 0x00000000c9b00000, 0x00000000c9a00000| Complete 
| 131|0x00000000c9b00000, 0x00000000c9c00000, 0x00000000c9c00000|100%|HC|  |TAMS 0x00000000c9c00000, 0x00000000c9b00000| Complete 
| 132|0x00000000c9c00000, 0x00000000c9d00000, 0x00000000c9d00000|100%|HC|  |TAMS 0x00000000c9d00000, 0x00000000c9c00000| Complete 
| 133|0x00000000c9d00000, 0x00000000c9e00000, 0x00000000c9e00000|100%|HC|  |TAMS 0x00000000c9e00000, 0x00000000c9d00000| Complete 
| 134|0x00000000c9e00000, 0x00000000c9f00000, 0x00000000c9f00000|100%|HC|  |TAMS 0x00000000c9f00000, 0x00000000c9e00000| Complete 
| 135|0x00000000c9f00000, 0x00000000ca000000, 0x00000000ca000000|100%|HC|  |TAMS 0x00000000ca000000, 0x00000000c9f00000| Complete 
| 136|0x00000000ca000000, 0x00000000ca100000, 0x00000000ca100000|100%|HC|  |TAMS 0x00000000ca100000, 0x00000000ca000000| Complete 
| 137|0x00000000ca100000, 0x00000000ca200000, 0x00000000ca200000|100%|HC|  |TAMS 0x00000000ca200000, 0x00000000ca100000| Complete 
| 138|0x00000000ca200000, 0x00000000ca300000, 0x00000000ca300000|100%|HC|  |TAMS 0x00000000ca300000, 0x00000000ca200000| Complete 
| 139|0x00000000ca300000, 0x00000000ca400000, 0x00000000ca400000|100%|HC|  |TAMS 0x00000000ca400000, 0x00000000ca300000| Complete 
| 140|0x00000000ca400000, 0x00000000ca500000, 0x00000000ca500000|100%|HC|  |TAMS 0x00000000ca500000, 0x00000000ca400000| Complete 
| 141|0x00000000ca500000, 0x00000000ca600000, 0x00000000ca600000|100%|HC|  |TAMS 0x00000000ca600000, 0x00000000ca500000| Complete 
| 142|0x00000000ca600000, 0x00000000ca700000, 0x00000000ca700000|100%|HC|  |TAMS 0x00000000ca700000, 0x00000000ca600000| Complete 
| 143|0x00000000ca700000, 0x00000000ca800000, 0x00000000ca800000|100%|HC|  |TAMS 0x00000000ca800000, 0x00000000ca700000| Complete 
| 144|0x00000000ca800000, 0x00000000ca900000, 0x00000000ca900000|100%|HC|  |TAMS 0x00000000ca900000, 0x00000000ca800000| Complete 
| 145|0x00000000ca900000, 0x00000000caa00000, 0x00000000caa00000|100%|HC|  |TAMS 0x00000000caa00000, 0x00000000ca900000| Complete 
| 146|0x00000000caa00000, 0x00000000cab00000, 0x00000000cab00000|100%|HC|  |TAMS 0x00000000cab00000, 0x00000000caa00000| Complete 
| 147|0x00000000cab00000, 0x00000000cac00000, 0x00000000cac00000|100%|HC|  |TAMS 0x00000000cac00000, 0x00000000cab00000| Complete 
| 148|0x00000000cac00000, 0x00000000cad00000, 0x00000000cad00000|100%|HC|  |TAMS 0x00000000cad00000, 0x00000000cac00000| Complete 
| 149|0x00000000cad00000, 0x00000000cae00000, 0x00000000cae00000|100%|HC|  |TAMS 0x00000000cae00000, 0x00000000cad00000| Complete 
| 150|0x00000000cae00000, 0x00000000caf00000, 0x00000000caf00000|100%|HC|  |TAMS 0x00000000caf00000, 0x00000000cae00000| Complete 
| 151|0x00000000caf00000, 0x00000000cb000000, 0x00000000cb000000|100%|HS|  |TAMS 0x00000000caf00000, 0x00000000caf00000| Complete 
| 152|0x00000000cb000000, 0x00000000cb100000, 0x00000000cb100000|100%|HC|  |TAMS 0x00000000cb000000, 0x00000000cb000000| Complete 
| 153|0x00000000cb100000, 0x00000000cb200000, 0x00000000cb200000|100%|HC|  |TAMS 0x00000000cb100000, 0x00000000cb100000| Complete 
| 154|0x00000000cb200000, 0x00000000cb300000, 0x00000000cb300000|100%|HC|  |TAMS 0x00000000cb200000, 0x00000000cb200000| Complete 
| 155|0x00000000cb300000, 0x00000000cb400000, 0x00000000cb400000|100%|HC|  |TAMS 0x00000000cb300000, 0x00000000cb300000| Complete 
| 156|0x00000000cb400000, 0x00000000cb500000, 0x00000000cb500000|100%|HC|  |TAMS 0x00000000cb400000, 0x00000000cb400000| Complete 
| 157|0x00000000cb500000, 0x00000000cb600000, 0x00000000cb600000|100%|HC|  |TAMS 0x00000000cb500000, 0x00000000cb500000| Complete 
| 158|0x00000000cb600000, 0x00000000cb700000, 0x00000000cb700000|100%|HC|  |TAMS 0x00000000cb600000, 0x00000000cb600000| Complete 
| 159|0x00000000cb700000, 0x00000000cb800000, 0x00000000cb800000|100%|HC|  |TAMS 0x00000000cb700000, 0x00000000cb700000| Complete 
| 160|0x00000000cb800000, 0x00000000cb900000, 0x00000000cb900000|100%|HC|  |TAMS 0x00000000cb800000, 0x00000000cb800000| Complete 
| 161|0x00000000cb900000, 0x00000000cba00000, 0x00000000cba00000|100%|HC|  |TAMS 0x00000000cb900000, 0x00000000cb900000| Complete 
| 162|0x00000000cba00000, 0x00000000cbb00000, 0x00000000cbb00000|100%|HC|  |TAMS 0x00000000cba00000, 0x00000000cba00000| Complete 
| 163|0x00000000cbb00000, 0x00000000cbc00000, 0x00000000cbc00000|100%|HC|  |TAMS 0x00000000cbb00000, 0x00000000cbb00000| Complete 
| 164|0x00000000cbc00000, 0x00000000cbd00000, 0x00000000cbd00000|100%|HC|  |TAMS 0x00000000cbc00000, 0x00000000cbc00000| Complete 
| 165|0x00000000cbd00000, 0x00000000cbe00000, 0x00000000cbe00000|100%|HC|  |TAMS 0x00000000cbd00000, 0x00000000cbd00000| Complete 
| 166|0x00000000cbe00000, 0x00000000cbf00000, 0x00000000cbf00000|100%|HC|  |TAMS 0x00000000cbe00000, 0x00000000cbe00000| Complete 
| 167|0x00000000cbf00000, 0x00000000cc000000, 0x00000000cc000000|100%|HC|  |TAMS 0x00000000cbf00000, 0x00000000cbf00000| Complete 
| 168|0x00000000cc000000, 0x00000000cc100000, 0x00000000cc100000|100%|HC|  |TAMS 0x00000000cc000000, 0x00000000cc000000| Complete 
| 169|0x00000000cc100000, 0x00000000cc200000, 0x00000000cc200000|100%|HC|  |TAMS 0x00000000cc100000, 0x00000000cc100000| Complete 
| 170|0x00000000cc200000, 0x00000000cc300000, 0x00000000cc300000|100%|HC|  |TAMS 0x00000000cc200000, 0x00000000cc200000| Complete 
| 171|0x00000000cc300000, 0x00000000cc400000, 0x00000000cc400000|100%|HC|  |TAMS 0x00000000cc300000, 0x00000000cc300000| Complete 
| 172|0x00000000cc400000, 0x00000000cc500000, 0x00000000cc500000|100%|HC|  |TAMS 0x00000000cc400000, 0x00000000cc400000| Complete 
| 173|0x00000000cc500000, 0x00000000cc600000, 0x00000000cc600000|100%|HC|  |TAMS 0x00000000cc500000, 0x00000000cc500000| Complete 
| 174|0x00000000cc600000, 0x00000000cc700000, 0x00000000cc700000|100%|HC|  |TAMS 0x00000000cc600000, 0x00000000cc600000| Complete 
| 175|0x00000000cc700000, 0x00000000cc800000, 0x00000000cc800000|100%|HC|  |TAMS 0x00000000cc700000, 0x00000000cc700000| Complete 
| 176|0x00000000cc800000, 0x00000000cc900000, 0x00000000cc900000|100%|HC|  |TAMS 0x00000000cc800000, 0x00000000cc800000| Complete 
| 177|0x00000000cc900000, 0x00000000cca00000, 0x00000000cca00000|100%|HC|  |TAMS 0x00000000cc900000, 0x00000000cc900000| Complete 
| 178|0x00000000cca00000, 0x00000000ccb00000, 0x00000000ccb00000|100%|HC|  |TAMS 0x00000000cca00000, 0x00000000cca00000| Complete 
| 179|0x00000000ccb00000, 0x00000000ccc00000, 0x00000000ccc00000|100%|HC|  |TAMS 0x00000000ccb00000, 0x00000000ccb00000| Complete 
| 180|0x00000000ccc00000, 0x00000000ccd00000, 0x00000000ccd00000|100%|HC|  |TAMS 0x00000000ccc00000, 0x00000000ccc00000| Complete 
| 181|0x00000000ccd00000, 0x00000000cce00000, 0x00000000cce00000|100%|HC|  |TAMS 0x00000000ccd00000, 0x00000000ccd00000| Complete 
| 182|0x00000000cce00000, 0x00000000ccf00000, 0x00000000ccf00000|100%|HC|  |TAMS 0x00000000cce00000, 0x00000000cce00000| Complete 
| 183|0x00000000ccf00000, 0x00000000ccf00000, 0x00000000cd000000|  0%| F|  |TAMS 0x00000000ccf00000, 0x00000000ccf00000| Untracked 
| 184|0x00000000cd000000, 0x00000000cd000000, 0x00000000cd100000|  0%| F|  |TAMS 0x00000000cd000000, 0x00000000cd000000| Untracked 
| 185|0x00000000cd100000, 0x00000000cd100000, 0x00000000cd200000|  0%| F|  |TAMS 0x00000000cd100000, 0x00000000cd100000| Untracked 
| 186|0x00000000cd200000, 0x00000000cd200000, 0x00000000cd300000|  0%| F|  |TAMS 0x00000000cd200000, 0x00000000cd200000| Untracked 
| 187|0x00000000cd300000, 0x00000000cd300000, 0x00000000cd400000|  0%| F|  |TAMS 0x00000000cd300000, 0x00000000cd300000| Untracked 
| 188|0x00000000cd400000, 0x00000000cd400000, 0x00000000cd500000|  0%| F|  |TAMS 0x00000000cd400000, 0x00000000cd400000| Untracked 
| 189|0x00000000cd500000, 0x00000000cd500000, 0x00000000cd600000|  0%| F|  |TAMS 0x00000000cd500000, 0x00000000cd500000| Untracked 
| 190|0x00000000cd600000, 0x00000000cd600000, 0x00000000cd700000|  0%| F|  |TAMS 0x00000000cd600000, 0x00000000cd600000| Untracked 
| 191|0x00000000cd700000, 0x00000000cd700000, 0x00000000cd800000|  0%| F|  |TAMS 0x00000000cd700000, 0x00000000cd700000| Untracked 
| 192|0x00000000cd800000, 0x00000000cd800000, 0x00000000cd900000|  0%| F|  |TAMS 0x00000000cd800000, 0x00000000cd800000| Untracked 
| 193|0x00000000cd900000, 0x00000000cd900000, 0x00000000cda00000|  0%| F|  |TAMS 0x00000000cd900000, 0x00000000cd900000| Untracked 
| 194|0x00000000cda00000, 0x00000000cda00000, 0x00000000cdb00000|  0%| F|  |TAMS 0x00000000cda00000, 0x00000000cda00000| Untracked 
| 195|0x00000000cdb00000, 0x00000000cdb00000, 0x00000000cdc00000|  0%| F|  |TAMS 0x00000000cdb00000, 0x00000000cdb00000| Untracked 
| 196|0x00000000cdc00000, 0x00000000cdc00000, 0x00000000cdd00000|  0%| F|  |TAMS 0x00000000cdc00000, 0x00000000cdc00000| Untracked 
| 197|0x00000000cdd00000, 0x00000000cdd00000, 0x00000000cde00000|  0%| F|  |TAMS 0x00000000cdd00000, 0x00000000cdd00000| Untracked 
| 198|0x00000000cde00000, 0x00000000cde00000, 0x00000000cdf00000|  0%| F|  |TAMS 0x00000000cde00000, 0x00000000cde00000| Untracked 
| 199|0x00000000cdf00000, 0x00000000cdf00000, 0x00000000ce000000|  0%| F|  |TAMS 0x00000000cdf00000, 0x00000000cdf00000| Untracked 
| 200|0x00000000ce000000, 0x00000000ce000000, 0x00000000ce100000|  0%| F|  |TAMS 0x00000000ce000000, 0x00000000ce000000| Untracked 
| 201|0x00000000ce100000, 0x00000000ce100000, 0x00000000ce200000|  0%| F|  |TAMS 0x00000000ce100000, 0x00000000ce100000| Untracked 
| 202|0x00000000ce200000, 0x00000000ce200000, 0x00000000ce300000|  0%| F|  |TAMS 0x00000000ce200000, 0x00000000ce200000| Untracked 
| 203|0x00000000ce300000, 0x00000000ce300000, 0x00000000ce400000|  0%| F|  |TAMS 0x00000000ce300000, 0x00000000ce300000| Untracked 
| 204|0x00000000ce400000, 0x00000000ce400000, 0x00000000ce500000|  0%| F|  |TAMS 0x00000000ce400000, 0x00000000ce400000| Untracked 
| 205|0x00000000ce500000, 0x00000000ce500000, 0x00000000ce600000|  0%| F|  |TAMS 0x00000000ce500000, 0x00000000ce500000| Untracked 
| 206|0x00000000ce600000, 0x00000000ce600000, 0x00000000ce700000|  0%| F|  |TAMS 0x00000000ce600000, 0x00000000ce600000| Untracked 
| 207|0x00000000ce700000, 0x00000000ce700000, 0x00000000ce800000|  0%| F|  |TAMS 0x00000000ce700000, 0x00000000ce700000| Untracked 
| 208|0x00000000ce800000, 0x00000000ce800000, 0x00000000ce900000|  0%| F|  |TAMS 0x00000000ce800000, 0x00000000ce800000| Untracked 
| 209|0x00000000ce900000, 0x00000000ce900000, 0x00000000cea00000|  0%| F|  |TAMS 0x00000000ce900000, 0x00000000ce900000| Untracked 
| 210|0x00000000cea00000, 0x00000000cea00000, 0x00000000ceb00000|  0%| F|  |TAMS 0x00000000cea00000, 0x00000000cea00000| Untracked 
| 211|0x00000000ceb00000, 0x00000000ceb00000, 0x00000000cec00000|  0%| F|  |TAMS 0x00000000ceb00000, 0x00000000ceb00000| Untracked 
| 212|0x00000000cec00000, 0x00000000cec00000, 0x00000000ced00000|  0%| F|  |TAMS 0x00000000cec00000, 0x00000000cec00000| Untracked 
| 213|0x00000000ced00000, 0x00000000ced00000, 0x00000000cee00000|  0%| F|  |TAMS 0x00000000ced00000, 0x00000000ced00000| Untracked 
| 214|0x00000000cee00000, 0x00000000cee00000, 0x00000000cef00000|  0%| F|  |TAMS 0x00000000cee00000, 0x00000000cee00000| Untracked 
| 215|0x00000000cef00000, 0x00000000cef00000, 0x00000000cf000000|  0%| F|  |TAMS 0x00000000cef00000, 0x00000000cef00000| Untracked 
| 216|0x00000000cf000000, 0x00000000cf000000, 0x00000000cf100000|  0%| F|  |TAMS 0x00000000cf000000, 0x00000000cf000000| Untracked 
| 217|0x00000000cf100000, 0x00000000cf100000, 0x00000000cf200000|  0%| F|  |TAMS 0x00000000cf100000, 0x00000000cf100000| Untracked 
| 218|0x00000000cf200000, 0x00000000cf200000, 0x00000000cf300000|  0%| F|  |TAMS 0x00000000cf200000, 0x00000000cf200000| Untracked 
| 219|0x00000000cf300000, 0x00000000cf300000, 0x00000000cf400000|  0%| F|  |TAMS 0x00000000cf300000, 0x00000000cf300000| Untracked 
| 220|0x00000000cf400000, 0x00000000cf400000, 0x00000000cf500000|  0%| F|  |TAMS 0x00000000cf400000, 0x00000000cf400000| Untracked 
| 221|0x00000000cf500000, 0x00000000cf500000, 0x00000000cf600000|  0%| F|  |TAMS 0x00000000cf500000, 0x00000000cf500000| Untracked 
| 222|0x00000000cf600000, 0x00000000cf600000, 0x00000000cf700000|  0%| F|  |TAMS 0x00000000cf600000, 0x00000000cf600000| Untracked 
| 223|0x00000000cf700000, 0x00000000cf700000, 0x00000000cf800000|  0%| F|  |TAMS 0x00000000cf700000, 0x00000000cf700000| Untracked 
| 224|0x00000000cf800000, 0x00000000cf800000, 0x00000000cf900000|  0%| F|  |TAMS 0x00000000cf800000, 0x00000000cf800000| Untracked 
| 225|0x00000000cf900000, 0x00000000cf900000, 0x00000000cfa00000|  0%| F|  |TAMS 0x00000000cf900000, 0x00000000cf900000| Untracked 
| 226|0x00000000cfa00000, 0x00000000cfa00000, 0x00000000cfb00000|  0%| F|  |TAMS 0x00000000cfa00000, 0x00000000cfa00000| Untracked 
| 227|0x00000000cfb00000, 0x00000000cfb00000, 0x00000000cfc00000|  0%| F|  |TAMS 0x00000000cfb00000, 0x00000000cfb00000| Untracked 
| 228|0x00000000cfc00000, 0x00000000cfc00000, 0x00000000cfd00000|  0%| F|  |TAMS 0x00000000cfc00000, 0x00000000cfc00000| Untracked 
| 229|0x00000000cfd00000, 0x00000000cfd00000, 0x00000000cfe00000|  0%| F|  |TAMS 0x00000000cfd00000, 0x00000000cfd00000| Untracked 
| 230|0x00000000cfe00000, 0x00000000cfe00000, 0x00000000cff00000|  0%| F|  |TAMS 0x00000000cfe00000, 0x00000000cfe00000| Untracked 
| 231|0x00000000cff00000, 0x00000000cff00000, 0x00000000d0000000|  0%| F|  |TAMS 0x00000000cff00000, 0x00000000cff00000| Untracked 
| 232|0x00000000d0000000, 0x00000000d0000000, 0x00000000d0100000|  0%| F|  |TAMS 0x00000000d0000000, 0x00000000d0000000| Untracked 
| 233|0x00000000d0100000, 0x00000000d0100000, 0x00000000d0200000|  0%| F|  |TAMS 0x00000000d0100000, 0x00000000d0100000| Untracked 
| 234|0x00000000d0200000, 0x00000000d0200000, 0x00000000d0300000|  0%| F|  |TAMS 0x00000000d0200000, 0x00000000d0200000| Untracked 
| 235|0x00000000d0300000, 0x00000000d0300000, 0x00000000d0400000|  0%| F|  |TAMS 0x00000000d0300000, 0x00000000d0300000| Untracked 
| 236|0x00000000d0400000, 0x00000000d0500000, 0x00000000d0500000|100%| E|CS|TAMS 0x00000000d0400000, 0x00000000d0400000| Complete 
| 237|0x00000000d0500000, 0x00000000d0549638, 0x00000000d0600000| 28%| S|CS|TAMS 0x00000000d0500000, 0x00000000d0500000| Complete 
| 238|0x00000000d0600000, 0x00000000d0700000, 0x00000000d0700000|100%| S|CS|TAMS 0x00000000d0600000, 0x00000000d0600000| Complete 
| 239|0x00000000d0700000, 0x00000000d0700000, 0x00000000d0800000|  0%| F|  |TAMS 0x00000000d0700000, 0x00000000d0700000| Untracked 
| 240|0x00000000d0800000, 0x00000000d0800000, 0x00000000d0900000|  0%| F|  |TAMS 0x00000000d0800000, 0x00000000d0800000| Untracked 
| 241|0x00000000d0900000, 0x00000000d0900000, 0x00000000d0a00000|  0%| F|  |TAMS 0x00000000d0900000, 0x00000000d0900000| Untracked 
| 242|0x00000000d0a00000, 0x00000000d0a00000, 0x00000000d0b00000|  0%| F|  |TAMS 0x00000000d0a00000, 0x00000000d0a00000| Untracked 
| 243|0x00000000d0b00000, 0x00000000d0b00000, 0x00000000d0c00000|  0%| F|  |TAMS 0x00000000d0b00000, 0x00000000d0b00000| Untracked 
| 244|0x00000000d0c00000, 0x00000000d0c00000, 0x00000000d0d00000|  0%| F|  |TAMS 0x00000000d0c00000, 0x00000000d0c00000| Untracked 
| 245|0x00000000d0d00000, 0x00000000d0d00000, 0x00000000d0e00000|  0%| F|  |TAMS 0x00000000d0d00000, 0x00000000d0d00000| Untracked 
| 246|0x00000000d0e00000, 0x00000000d0e00000, 0x00000000d0f00000|  0%| F|  |TAMS 0x00000000d0e00000, 0x00000000d0e00000| Untracked 
| 247|0x00000000d0f00000, 0x00000000d0f00000, 0x00000000d1000000|  0%| F|  |TAMS 0x00000000d0f00000, 0x00000000d0f00000| Untracked 
| 248|0x00000000d1000000, 0x00000000d1000000, 0x00000000d1100000|  0%| F|  |TAMS 0x00000000d1000000, 0x00000000d1000000| Untracked 
| 249|0x00000000d1100000, 0x00000000d1100000, 0x00000000d1200000|  0%| F|  |TAMS 0x00000000d1100000, 0x00000000d1100000| Untracked 
| 250|0x00000000d1200000, 0x00000000d1200000, 0x00000000d1300000|  0%| F|  |TAMS 0x00000000d1200000, 0x00000000d1200000| Untracked 
| 251|0x00000000d1300000, 0x00000000d1300000, 0x00000000d1400000|  0%| F|  |TAMS 0x00000000d1300000, 0x00000000d1300000| Untracked 
| 252|0x00000000d1400000, 0x00000000d1400000, 0x00000000d1500000|  0%| F|  |TAMS 0x00000000d1400000, 0x00000000d1400000| Untracked 
| 253|0x00000000d1500000, 0x00000000d1500000, 0x00000000d1600000|  0%| F|  |TAMS 0x00000000d1500000, 0x00000000d1500000| Untracked 
| 254|0x00000000d1600000, 0x00000000d1600000, 0x00000000d1700000|  0%| F|  |TAMS 0x00000000d1600000, 0x00000000d1600000| Untracked 
| 255|0x00000000d1700000, 0x00000000d1700000, 0x00000000d1800000|  0%| F|  |TAMS 0x00000000d1700000, 0x00000000d1700000| Untracked 
| 256|0x00000000d1800000, 0x00000000d1800000, 0x00000000d1900000|  0%| F|  |TAMS 0x00000000d1800000, 0x00000000d1800000| Untracked 
| 257|0x00000000d1900000, 0x00000000d1900000, 0x00000000d1a00000|  0%| F|  |TAMS 0x00000000d1900000, 0x00000000d1900000| Untracked 
| 258|0x00000000d1a00000, 0x00000000d1a00000, 0x00000000d1b00000|  0%| F|  |TAMS 0x00000000d1a00000, 0x00000000d1a00000| Untracked 
| 259|0x00000000d1b00000, 0x00000000d1b79910, 0x00000000d1c00000| 47%| E|  |TAMS 0x00000000d1b00000, 0x00000000d1b00000| Complete 
| 260|0x00000000d1c00000, 0x00000000d1d00000, 0x00000000d1d00000|100%| E|CS|TAMS 0x00000000d1c00000, 0x00000000d1c00000| Complete 
| 261|0x00000000d1d00000, 0x00000000d1e00000, 0x00000000d1e00000|100%| E|CS|TAMS 0x00000000d1d00000, 0x00000000d1d00000| Complete 
| 262|0x00000000d1e00000, 0x00000000d1f00000, 0x00000000d1f00000|100%| E|CS|TAMS 0x00000000d1e00000, 0x00000000d1e00000| Complete 
| 263|0x00000000d1f00000, 0x00000000d2000000, 0x00000000d2000000|100%| E|CS|TAMS 0x00000000d1f00000, 0x00000000d1f00000| Complete 
| 264|0x00000000d2000000, 0x00000000d2100000, 0x00000000d2100000|100%| E|CS|TAMS 0x00000000d2000000, 0x00000000d2000000| Complete 
| 265|0x00000000d2100000, 0x00000000d2200000, 0x00000000d2200000|100%| E|CS|TAMS 0x00000000d2100000, 0x00000000d2100000| Complete 
| 266|0x00000000d2200000, 0x00000000d2300000, 0x00000000d2300000|100%| E|CS|TAMS 0x00000000d2200000, 0x00000000d2200000| Complete 
| 267|0x00000000d2300000, 0x00000000d2400000, 0x00000000d2400000|100%| E|CS|TAMS 0x00000000d2300000, 0x00000000d2300000| Complete 
| 268|0x00000000d2400000, 0x00000000d2500000, 0x00000000d2500000|100%| E|CS|TAMS 0x00000000d2400000, 0x00000000d2400000| Complete 
| 269|0x00000000d2500000, 0x00000000d2600000, 0x00000000d2600000|100%| E|CS|TAMS 0x00000000d2500000, 0x00000000d2500000| Complete 
| 270|0x00000000d2600000, 0x00000000d2700000, 0x00000000d2700000|100%| E|CS|TAMS 0x00000000d2600000, 0x00000000d2600000| Complete 
| 271|0x00000000d2700000, 0x00000000d2800000, 0x00000000d2800000|100%| E|CS|TAMS 0x00000000d2700000, 0x00000000d2700000| Complete 
| 272|0x00000000d2800000, 0x00000000d2900000, 0x00000000d2900000|100%| E|CS|TAMS 0x00000000d2800000, 0x00000000d2800000| Complete 
| 273|0x00000000d2900000, 0x00000000d2a00000, 0x00000000d2a00000|100%| E|CS|TAMS 0x00000000d2900000, 0x00000000d2900000| Complete 
| 274|0x00000000d2a00000, 0x00000000d2b00000, 0x00000000d2b00000|100%| E|CS|TAMS 0x00000000d2a00000, 0x00000000d2a00000| Complete 
| 275|0x00000000d2b00000, 0x00000000d2c00000, 0x00000000d2c00000|100%| E|CS|TAMS 0x00000000d2b00000, 0x00000000d2b00000| Complete 
| 276|0x00000000d2c00000, 0x00000000d2d00000, 0x00000000d2d00000|100%| E|CS|TAMS 0x00000000d2c00000, 0x00000000d2c00000| Complete 
| 277|0x00000000d2d00000, 0x00000000d2e00000, 0x00000000d2e00000|100%| E|CS|TAMS 0x00000000d2d00000, 0x00000000d2d00000| Complete 
| 278|0x00000000d2e00000, 0x00000000d2f00000, 0x00000000d2f00000|100%| E|CS|TAMS 0x00000000d2e00000, 0x00000000d2e00000| Complete 
| 279|0x00000000d2f00000, 0x00000000d3000000, 0x00000000d3000000|100%| E|CS|TAMS 0x00000000d2f00000, 0x00000000d2f00000| Complete 
| 280|0x00000000d3000000, 0x00000000d3100000, 0x00000000d3100000|100%| E|CS|TAMS 0x00000000d3000000, 0x00000000d3000000| Complete 
| 281|0x00000000d3100000, 0x00000000d3200000, 0x00000000d3200000|100%| E|CS|TAMS 0x00000000d3100000, 0x00000000d3100000| Complete 
| 282|0x00000000d3200000, 0x00000000d3300000, 0x00000000d3300000|100%| E|CS|TAMS 0x00000000d3200000, 0x00000000d3200000| Complete 
| 283|0x00000000d3300000, 0x00000000d3400000, 0x00000000d3400000|100%| E|CS|TAMS 0x00000000d3300000, 0x00000000d3300000| Complete 
| 284|0x00000000d3400000, 0x00000000d3500000, 0x00000000d3500000|100%| E|CS|TAMS 0x00000000d3400000, 0x00000000d3400000| Complete 
| 285|0x00000000d3500000, 0x00000000d3600000, 0x00000000d3600000|100%| E|CS|TAMS 0x00000000d3500000, 0x00000000d3500000| Complete 
| 286|0x00000000d3600000, 0x00000000d3700000, 0x00000000d3700000|100%| E|CS|TAMS 0x00000000d3600000, 0x00000000d3600000| Complete 
| 287|0x00000000d3700000, 0x00000000d3800000, 0x00000000d3800000|100%| E|CS|TAMS 0x00000000d3700000, 0x00000000d3700000| Complete 
| 288|0x00000000d3800000, 0x00000000d3900000, 0x00000000d3900000|100%| E|CS|TAMS 0x00000000d3800000, 0x00000000d3800000| Complete 
| 289|0x00000000d3900000, 0x00000000d3a00000, 0x00000000d3a00000|100%| E|CS|TAMS 0x00000000d3900000, 0x00000000d3900000| Complete 
| 290|0x00000000d3a00000, 0x00000000d3b00000, 0x00000000d3b00000|100%| E|CS|TAMS 0x00000000d3a00000, 0x00000000d3a00000| Complete 
| 291|0x00000000d3b00000, 0x00000000d3c00000, 0x00000000d3c00000|100%| E|CS|TAMS 0x00000000d3b00000, 0x00000000d3b00000| Complete 

Card table byte_map: [0x000001f4b87e0000,0x000001f4b89e0000] _byte_map_base: 0x000001f4b81d4000

Marking Bits (Prev, Next): (CMBitMap*) 0x000001f4a0e6fbf8, (CMBitMap*) 0x000001f4a0e6fc38
 Prev Bits: [0x000001f4b8be0000, 0x000001f4b9b80000)
 Next Bits: [0x000001f4b9b80000, 0x000001f4bab20000)

Polling page: 0x000001f4a0610000

Metaspace:

Usage:
  Non-class:     11.10 MB capacity,    10.92 MB ( 98%) used,   157.20 KB (  1%) free+waste,    27.75 KB ( <1%) overhead. 
      Class:      1.60 MB capacity,     1.47 MB ( 92%) used,   120.66 KB (  7%) free+waste,    16.38 KB ( <1%) overhead. 
       Both:     12.70 MB capacity,    12.39 MB ( 98%) used,   277.86 KB (  2%) free+waste,    44.13 KB ( <1%) overhead. 

Virtual space:
  Non-class space:       12.00 MB reserved,      11.25 MB ( 94%) committed 
      Class space:        1.00 GB reserved,       1.63 MB ( <1%) committed 
             Both:        1.01 GB reserved,      12.88 MB (  1%) committed 

Chunk freelists:
   Non-Class:  25.00 KB
       Class:  23.00 KB
        Both:  48.00 KB

MaxMetaspaceSize: 17179869184.00 GB
CompressedClassSpaceSize: 1.00 GB

CodeHeap 'non-profiled nmethods': size=120000Kb used=869Kb max_used=869Kb free=119131Kb
 bounds [0x000001f4b10b0000, 0x000001f4b1320000, 0x000001f4b85e0000]
CodeHeap 'profiled nmethods': size=120000Kb used=3782Kb max_used=3782Kb free=116217Kb
 bounds [0x000001f4a9b80000, 0x000001f4a9f40000, 0x000001f4b10b0000]
CodeHeap 'non-nmethods': size=5760Kb used=1339Kb max_used=1378Kb free=4420Kb
 bounds [0x000001f4a95e0000, 0x000001f4a9850000, 0x000001f4a9b80000]
 total_blobs=2457 nmethods=1819 adapters=550
 compilation: enabled
              stopped_count=0, restarted_count=0
 full_count=0

Compilation events (20 events):
Event: 7.374 Thread 0x000001f4bcfda800 nmethod 1811 0x000001f4a9f25610 code [0x000001f4a9f25860, 0x000001f4a9f265a8]
Event: 7.375 Thread 0x000001f4bcfda800 1812       3       javax.swing.plaf.synth.SynthBorder::getBorderInsets (409 bytes)
Event: 7.376 Thread 0x000001f4bcfda800 nmethod 1812 0x000001f4a9f26890 code [0x000001f4a9f26c00, 0x000001f4a9f28e08]
Event: 7.394 Thread 0x000001f4bcfda800 1813   !   3       javax.swing.JComponent::paintComponent (44 bytes)
Event: 7.395 Thread 0x000001f4bcfda800 nmethod 1813 0x000001f4a9f29490 code [0x000001f4a9f29680, 0x000001f4a9f29bd8]
Event: 7.395 Thread 0x000001f4bcfda800 1814       3       javax.swing.plaf.synth.SynthLookAndFeel::update (7 bytes)
Event: 7.395 Thread 0x000001f4bcfda800 nmethod 1814 0x000001f4a9f29d90 code [0x000001f4a9f29f40, 0x000001f4a9f2a048]
Event: 7.396 Thread 0x000001f4bcfda800 1815       3       javax.swing.plaf.nimbus.SynthPainterImpl::paintBackground (68 bytes)
Event: 7.397 Thread 0x000001f4bcfda800 nmethod 1815 0x000001f4a9f2a110 code [0x000001f4a9f2a320, 0x000001f4a9f2aab8]
Event: 7.397 Thread 0x000001f4bcfda800 1816       1       javax.swing.JLabel::getDisplayedMnemonicIndex (5 bytes)
Event: 7.397 Thread 0x000001f4bcfda800 nmethod 1816 0x000001f4b1185010 code [0x000001f4b11851a0, 0x000001f4b1185278]
Event: 7.400 Thread 0x000001f4bf011000 nmethod 1792% 0x000001f4b1185310 code [0x000001f4b11856e0, 0x000001f4b11873e8]
Event: 7.400 Thread 0x000001f4bf011000 1795       4       java.util.Arrays::fill (28 bytes)
Event: 7.405 Thread 0x000001f4bf011000 nmethod 1795 0x000001f4b1188a10 code [0x000001f4b1188bc0, 0x000001f4b1188e58]
Event: 7.405 Thread 0x000001f4bcfda800 1817       3       javax.swing.JComponent::paintBorder (28 bytes)
Event: 7.406 Thread 0x000001f4bcfda800 nmethod 1817 0x000001f4a9f2ad10 code [0x000001f4a9f2aee0, 0x000001f4a9f2b3f8]
Event: 7.409 Thread 0x000001f4bcfda800 1818       3       sun.java2d.SurfaceData::getTransparency (8 bytes)
Event: 7.409 Thread 0x000001f4bcfda800 nmethod 1818 0x000001f4a9f2b590 code [0x000001f4a9f2b740, 0x000001f4a9f2b948]
Event: 7.418 Thread 0x000001f4bf011000 1819       4       sun.awt.AWTAutoShutdown::isReadyToShutdown (37 bytes)
Event: 7.419 Thread 0x000001f4bf011000 nmethod 1819 0x000001f4b1189010 code [0x000001f4b11891c0, 0x000001f4b11892d8]

GC Heap History (16 events):
Event: 0.422 GC heap before
{Heap before GC invocations=0 (full 0):
 garbage-first heap   total 65536K, used 10240K [0x00000000c1800000, 0x0000000100000000)
  region size 1024K, 8 young (8192K), 0 survivors (0K)
 Metaspace       used 7497K, capacity 7808K, committed 8064K, reserved 1056768K
  class space    used 891K, capacity 1037K, committed 1152K, reserved 1048576K
}
Event: 0.426 GC heap after
{Heap after GC invocations=1 (full 0):
 garbage-first heap   total 65536K, used 5990K [0x00000000c1800000, 0x0000000100000000)
  region size 1024K, 2 young (2048K), 2 survivors (2048K)
 Metaspace       used 7497K, capacity 7808K, committed 8064K, reserved 1056768K
  class space    used 891K, capacity 1037K, committed 1152K, reserved 1048576K
}
Event: 0.633 GC heap before
{Heap before GC invocations=2 (full 0):
 garbage-first heap   total 173056K, used 111462K [0x00000000c1800000, 0x0000000100000000)
  region size 1024K, 11 young (11264K), 2 survivors (2048K)
 Metaspace       used 7617K, capacity 7936K, committed 8064K, reserved 1056768K
  class space    used 897K, capacity 1037K, committed 1152K, reserved 1048576K
}
Event: 0.636 GC heap after
{Heap after GC invocations=3 (full 0):
 garbage-first heap   total 173056K, used 103620K [0x00000000c1800000, 0x0000000100000000)
  region size 1024K, 1 young (1024K), 1 survivors (1024K)
 Metaspace       used 7617K, capacity 7936K, committed 8064K, reserved 1056768K
  class space    used 897K, capacity 1037K, committed 1152K, reserved 1048576K
}
Event: 0.839 GC heap before
{Heap before GC invocations=3 (full 0):
 garbage-first heap   total 173056K, used 144580K [0x00000000c1800000, 0x0000000100000000)
  region size 1024K, 42 young (43008K), 1 survivors (1024K)
 Metaspace       used 7627K, capacity 7939K, committed 8064K, reserved 1056768K
  class space    used 897K, capacity 1037K, committed 1152K, reserved 1048576K
}
Event: 0.839 GC heap after
{Heap after GC invocations=4 (full 0):
 garbage-first heap   total 173056K, used 103430K [0x00000000c1800000, 0x0000000100000000)
  region size 1024K, 1 young (1024K), 1 survivors (1024K)
 Metaspace       used 7627K, capacity 7939K, committed 8064K, reserved 1056768K
  class space    used 897K, capacity 1037K, committed 1152K, reserved 1048576K
}
Event: 1.067 GC heap before
{Heap before GC invocations=5 (full 0):
 garbage-first heap   total 178176K, used 149510K [0x00000000c1800000, 0x0000000100000000)
  region size 1024K, 46 young (47104K), 1 survivors (1024K)
 Metaspace       used 7642K, capacity 7939K, committed 8064K, reserved 1056768K
  class space    used 897K, capacity 1037K, committed 1152K, reserved 1048576K
}
Event: 1.068 GC heap after
{Heap after GC invocations=6 (full 0):
 garbage-first heap   total 178176K, used 103388K [0x00000000c1800000, 0x0000000100000000)
  region size 1024K, 1 young (1024K), 1 survivors (1024K)
 Metaspace       used 7642K, capacity 7939K, committed 8064K, reserved 1056768K
  class space    used 897K, capacity 1037K, committed 1152K, reserved 1048576K
}
Event: 1.132 GC heap before
{Heap before GC invocations=6 (full 0):
 garbage-first heap   total 178176K, used 104412K [0x00000000c1800000, 0x0000000100000000)
  region size 1024K, 3 young (3072K), 1 survivors (1024K)
 Metaspace       used 8842K, capacity 9124K, committed 9472K, reserved 1056768K
  class space    used 1048K, capacity 1178K, committed 1280K, reserved 1048576K
}
Event: 1.133 GC heap after
{Heap after GC invocations=7 (full 0):
 garbage-first heap   total 178176K, used 103546K [0x00000000c1800000, 0x0000000100000000)
  region size 1024K, 1 young (1024K), 1 survivors (1024K)
 Metaspace       used 8842K, capacity 9124K, committed 9472K, reserved 1056768K
  class space    used 1048K, capacity 1178K, committed 1280K, reserved 1048576K
}
Event: 3.239 GC heap before
{Heap before GC invocations=8 (full 0):
 garbage-first heap   total 184320K, used 110714K [0x00000000c1800000, 0x0000000100000000)
  region size 1024K, 4 young (4096K), 1 survivors (1024K)
 Metaspace       used 11465K, capacity 11758K, committed 12032K, reserved 1060864K
  class space    used 1376K, capacity 1501K, committed 1536K, reserved 1048576K
}
Event: 3.241 GC heap after
{Heap after GC invocations=9 (full 0):
 garbage-first heap   total 184320K, used 109436K [0x00000000c1800000, 0x0000000100000000)
  region size 1024K, 1 young (1024K), 1 survivors (1024K)
 Metaspace       used 11465K, capacity 11758K, committed 12032K, reserved 1060864K
  class space    used 1376K, capacity 1501K, committed 1536K, reserved 1048576K
}
Event: 6.821 GC heap before
{Heap before GC invocations=10 (full 0):
 garbage-first heap   total 237568K, used 179068K [0x00000000c1800000, 0x0000000100000000)
  region size 1024K, 38 young (38912K), 1 survivors (1024K)
 Metaspace       used 12468K, capacity 12720K, committed 12928K, reserved 1060864K
  class space    used 1490K, capacity 1609K, committed 1664K, reserved 1048576K
}
Event: 6.823 GC heap after
{Heap after GC invocations=11 (full 0):
 garbage-first heap   total 237568K, used 142574K [0x00000000c1800000, 0x0000000100000000)
  region size 1024K, 2 young (2048K), 2 survivors (2048K)
 Metaspace       used 12468K, capacity 12720K, committed 12928K, reserved 1060864K
  class space    used 1490K, capacity 1609K, committed 1664K, reserved 1048576K
}
Event: 6.838 GC heap before
{Heap before GC invocations=12 (full 0):
 garbage-first heap   total 244736K, used 144622K [0x00000000c1800000, 0x0000000100000000)
  region size 1024K, 3 young (3072K), 2 survivors (2048K)
 Metaspace       used 12469K, capacity 12784K, committed 12928K, reserved 1060864K
  class space    used 1490K, capacity 1609K, committed 1664K, reserved 1048576K
}
Event: 6.840 GC heap after
{Heap after GC invocations=13 (full 0):
 garbage-first heap   total 244736K, used 144620K [0x00000000c1800000, 0x0000000100000000)
  region size 1024K, 2 young (2048K), 2 survivors (2048K)
 Metaspace       used 12469K, capacity 12784K, committed 12928K, reserved 1060864K
  class space    used 1490K, capacity 1609K, committed 1664K, reserved 1048576K
}

Deoptimization events (20 events):
Event: 7.288 Thread 0x000001f4bdd02800 Uncommon trap: trap_request=0xffffffde fr.pc=0x000001f4b10bdf60 relative=0x00000000000001c0
Event: 7.288 Thread 0x000001f4bdd02800 Uncommon trap: reason=class_check action=maybe_recompile pc=0x000001f4b10bdf60 method=java.lang.String.equals(Ljava/lang/Object;)Z @ 8 c2
Event: 7.288 Thread 0x000001f4bdd02800 DEOPT PACKING pc=0x000001f4b10bdf60 sp=0x0000008299efd060
Event: 7.288 Thread 0x000001f4bdd02800 DEOPT UNPACKING pc=0x000001f4a962912f sp=0x0000008299efcff8 mode 2
Event: 7.292 Thread 0x000001f4bdd02800 Uncommon trap: trap_request=0xffffffde fr.pc=0x000001f4b10bdf60 relative=0x00000000000001c0
Event: 7.292 Thread 0x000001f4bdd02800 Uncommon trap: reason=class_check action=maybe_recompile pc=0x000001f4b10bdf60 method=java.lang.String.equals(Ljava/lang/Object;)Z @ 8 c2
Event: 7.292 Thread 0x000001f4bdd02800 DEOPT PACKING pc=0x000001f4b10bdf60 sp=0x0000008299efd230
Event: 7.292 Thread 0x000001f4bdd02800 DEOPT UNPACKING pc=0x000001f4a962912f sp=0x0000008299efd1c8 mode 2
Event: 7.329 Thread 0x000001f4bdd02800 DEOPT PACKING pc=0x000001f4a9dfdfa6 sp=0x0000008299efc790
Event: 7.329 Thread 0x000001f4bdd02800 DEOPT UNPACKING pc=0x000001f4a962964e sp=0x0000008299efbb18 mode 0
Event: 7.332 Thread 0x000001f4bdd02800 Uncommon trap: trap_request=0xffffff45 fr.pc=0x000001f4b116d2c8 relative=0x0000000000001ea8
Event: 7.332 Thread 0x000001f4bdd02800 Uncommon trap: reason=unstable_if action=reinterpret pc=0x000001f4b116d2c8 method=sun.java2d.marlin.DRenderer._endRendering(II)V @ 228 c2
Event: 7.332 Thread 0x000001f4bdd02800 DEOPT PACKING pc=0x000001f4b116d2c8 sp=0x0000008299efcb40
Event: 7.332 Thread 0x000001f4bdd02800 DEOPT UNPACKING pc=0x000001f4a962912f sp=0x0000008299efc918 mode 2
Event: 7.352 Thread 0x000001f4bdd02800 Uncommon trap: trap_request=0xffffff45 fr.pc=0x000001f4b11615c4 relative=0x0000000000004c24
Event: 7.352 Thread 0x000001f4bdd02800 Uncommon trap: reason=unstable_if action=reinterpret pc=0x000001f4b11615c4 method=sun.java2d.marlin.DRenderer._endRendering(II)V @ 1761 c2
Event: 7.352 Thread 0x000001f4bdd02800 DEOPT PACKING pc=0x000001f4b11615c4 sp=0x0000008299efbda0
Event: 7.352 Thread 0x000001f4bdd02800 DEOPT UNPACKING pc=0x000001f4a962912f sp=0x0000008299efbc30 mode 2
Event: 7.352 Thread 0x000001f4bdd02800 DEOPT PACKING pc=0x000001f4a9d8a53f sp=0x0000008299efbad0
Event: 7.352 Thread 0x000001f4bdd02800 DEOPT UNPACKING pc=0x000001f4a962964e sp=0x0000008299efaf60 mode 0

Classes unloaded (0 events):
No events

Classes redefined (0 events):
No events

Internal exceptions (20 events):
Event: 0.290 Thread 0x000001f4a0e44000 Exception <a 'java/lang/ClassNotFoundException'{0x00000000c53846d0}: ToolBar> (0x00000000c53846d0) 
thrown [./open/src/hotspot/share/classfile/systemDictionary.cpp, line 226]
Event: 0.290 Thread 0x000001f4a0e44000 Exception <a 'java/lang/ClassNotFoundException'{0x00000000c5384a40}: ToggleButton> (0x00000000c5384a40) 
thrown [./open/src/hotspot/share/classfile/systemDictionary.cpp, line 226]
Event: 0.291 Thread 0x000001f4a0e44000 Exception <a 'java/lang/ClassNotFoundException'{0x00000000c5384e80}: javax/swing/JToolBarSeparator> (0x00000000c5384e80) 
thrown [./open/src/hotspot/share/classfile/systemDictionary.cpp, line 226]
Event: 0.291 Thread 0x000001f4a0e44000 Exception <a 'java/lang/ClassNotFoundException'{0x00000000c5385188}: ToolBarSeparator> (0x00000000c5385188) 
thrown [./open/src/hotspot/share/classfile/systemDictionary.cpp, line 226]
Event: 0.291 Thread 0x000001f4a0e44000 Exception <a 'java/lang/ClassNotFoundException'{0x00000000c53856a0}: ToolTip> (0x00000000c53856a0) 
thrown [./open/src/hotspot/share/classfile/systemDictionary.cpp, line 226]
Event: 0.292 Thread 0x000001f4a0e44000 Exception <a 'java/lang/ClassNotFoundException'{0x00000000c53862b0}: Tree> (0x00000000c53862b0) 
thrown [./open/src/hotspot/share/classfile/systemDictionary.cpp, line 226]
Event: 0.292 Thread 0x000001f4a0e44000 Exception <a 'java/lang/ClassNotFoundException'{0x00000000c53867a8}: Tree> (0x00000000c53867a8) 
thrown [./open/src/hotspot/share/classfile/systemDictionary.cpp, line 226]
Event: 0.292 Thread 0x000001f4a0e44000 Exception <a 'java/lang/ClassNotFoundException'{0x00000000c5386b18}: javax/swing/JTreeCell> (0x00000000c5386b18) 
thrown [./open/src/hotspot/share/classfile/systemDictionary.cpp, line 226]
Event: 0.292 Thread 0x000001f4a0e44000 Exception <a 'java/lang/ClassNotFoundException'{0x00000000c5386e18}: TreeCell> (0x00000000c5386e18) 
thrown [./open/src/hotspot/share/classfile/systemDictionary.cpp, line 226]
Event: 0.292 Thread 0x000001f4a0e44000 Exception <a 'java/lang/ClassNotFoundException'{0x00000000c53875d8}: RootPane> (0x00000000c53875d8) 
thrown [./open/src/hotspot/share/classfile/systemDictionary.cpp, line 226]
Event: 0.293 Thread 0x000001f4a0e44000 Exception <a 'java/lang/ClassNotFoundException'{0x00000000c538a428}: com/sun/swing/internal/plaf/metal/resources/spi/metalProvider> (0x00000000c538a428) 
thrown [./open/src/hotspot/share/classfile/systemDictionary.cpp, line 226]
Event: 0.295 Thread 0x000001f4a0e44000 Exception <a 'java/lang/ClassNotFoundException'{0x00000000c538e228}: com/sun/swing/internal/plaf/basic/resources/spi/basicProvider> (0x00000000c538e228) 
thrown [./open/src/hotspot/share/classfile/systemDictionary.cpp, line 226]
Event: 0.317 Thread 0x000001f4bdd02800 Exception <a 'java/lang/ClassNotFoundException'{0x00000000c525d010}: com/sun/swing/internal/plaf/synth/resources/spi/synthProvider> (0x00000000c525d010) 
thrown [./open/src/hotspot/share/classfile/systemDictionary.cpp, line 226]
Event: 1.087 Thread 0x000001f4bdd02800 Exception <a 'java/lang/NoSuchMethodError'{0x00000000cc524fd0}: 'void java.lang.invoke.DirectMethodHandle$Holder.invokeStaticInit(java.lang.Object)'> (0x00000000cc524fd0) 
thrown [./open/src/hotspot/share/interpreter/linkResolver.cpp, line 766]
Event: 1.092 Thread 0x000001f4bdd02800 Exception <a 'java/lang/NoSuchMethodError'{0x00000000cc54c008}: 'java.lang.Object java.lang.invoke.Invokers$Holder.linkToTargetMethod(java.lang.Object, int, java.lang.Object)'> (0x00000000cc54c008) 
thrown [./open/src/hotspot/share/interpreter/linkResolver.cpp, line 766]
Event: 3.534 Thread 0x000001f4bdd02800 Implicit null exception at 0x000001f4b1131937 to 0x000001f4b1131f4d
Event: 3.534 Thread 0x000001f4bdd02800 Implicit null exception at 0x000001f4b1131937 to 0x000001f4b1131f4d
Event: 3.534 Thread 0x000001f4bdd02800 Implicit null exception at 0x000001f4b1131937 to 0x000001f4b1131f4d
Event: 3.534 Thread 0x000001f4bdd02800 Implicit null exception at 0x000001f4b1131937 to 0x000001f4b1131f4d
Event: 6.754 Thread 0x000001f4bdd02800 Implicit null exception at 0x000001f4b1173a4b to 0x000001f4b1173e70

Events (20 events):
Event: 7.280 loading class sun/font/StandardGlyphVector
Event: 7.281 loading class java/awt/font/GlyphVector
Event: 7.282 loading class java/awt/font/GlyphVector done
Event: 7.282 loading class sun/font/StandardGlyphVector done
Event: 7.282 loading class sun/font/FontSubstitution
Event: 7.282 loading class sun/font/FontSubstitution done
Event: 7.282 loading class sun/font/StandardGlyphVector$GlyphStrike
Event: 7.282 loading class sun/font/StandardGlyphVector$GlyphStrike done
Event: 7.285 loading class javax/swing/plaf/synth/SynthGraphicsUtils$SynthIconWrapper
Event: 7.285 loading class javax/swing/plaf/synth/SynthGraphicsUtils$SynthIconWrapper done
Event: 7.290 loading class javax/swing/JTable$2
Event: 7.290 loading class javax/swing/JTable$Resizable3
Event: 7.290 loading class javax/swing/JTable$Resizable2
Event: 7.291 loading class javax/swing/JTable$Resizable2 done
Event: 7.291 loading class javax/swing/JTable$Resizable3 done
Event: 7.291 loading class javax/swing/JTable$2 done
Event: 7.291 loading class javax/swing/JTable$5
Event: 7.291 loading class javax/swing/JTable$5 done
Event: 7.330 loading class javax/swing/plaf/nimbus/CheckBoxPainter
Event: 7.331 loading class javax/swing/plaf/nimbus/CheckBoxPainter done


Dynamic libraries:
0x00007ff74fad0000 - 0x00007ff74fadf000 	C:\Program Files\Java\jdk-14.0.2\bin\java.exe
0x00007ffdc3260000 - 0x00007ffdc3450000 	C:\Windows\SYSTEM32\ntdll.dll
0x00007ffdc1320000 - 0x00007ffdc13d2000 	C:\Windows\System32\KERNEL32.DLL
0x00007ffdc0340000 - 0x00007ffdc05e2000 	C:\Windows\System32\KERNELBASE.dll
0x00007ffdc01f0000 - 0x00007ffdc02ea000 	C:\Windows\System32\ucrtbase.dll
0x00007ffdb9c40000 - 0x00007ffdb9c55000 	C:\Program Files\Java\jdk-14.0.2\bin\VCRUNTIME140.dll
0x00007ffdb1a30000 - 0x00007ffdb1a48000 	C:\Program Files\Java\jdk-14.0.2\bin\jli.dll
0x00007ffdc1be0000 - 0x00007ffdc1c83000 	C:\Windows\System32\ADVAPI32.dll
0x00007ffdc1a00000 - 0x00007ffdc1a9e000 	C:\Windows\System32\msvcrt.dll
0x00007ffdc25d0000 - 0x00007ffdc2667000 	C:\Windows\System32\sechost.dll
0x00007ffdc2320000 - 0x00007ffdc2440000 	C:\Windows\System32\RPCRT4.dll
0x00007ffdc1860000 - 0x00007ffdc19f3000 	C:\Windows\System32\USER32.dll
0x00007ffdae240000 - 0x00007ffdae4c5000 	C:\Windows\WinSxS\amd64_microsoft.windows.common-controls_6595b64144ccf1df_6.0.18362.116_none_e6c4ac41130f2c3a\COMCTL32.dll
0x00007ffdc02f0000 - 0x00007ffdc0311000 	C:\Windows\System32\win32u.dll
0x00007ffdc1440000 - 0x00007ffdc1776000 	C:\Windows\System32\combase.dll
0x00007ffdc1c90000 - 0x00007ffdc1cb6000 	C:\Windows\System32\GDI32.dll
0x00007ffdc1180000 - 0x00007ffdc1314000 	C:\Windows\System32\gdi32full.dll
0x00007ffdc05f0000 - 0x00007ffdc0671000 	C:\Windows\System32\bcryptPrimitives.dll
0x00007ffdc10e0000 - 0x00007ffdc117e000 	C:\Windows\System32\msvcp_win.dll
0x00007ffdadbd0000 - 0x00007ffdadbda000 	C:\Windows\SYSTEM32\VERSION.dll
0x00007ffdc1830000 - 0x00007ffdc185e000 	C:\Windows\System32\IMM32.DLL
0x00007ffda0630000 - 0x00007ffda06cb000 	C:\Program Files\Java\jdk-14.0.2\bin\msvcp140.dll
0x00007ffd743f0000 - 0x00007ffd74f0e000 	C:\Program Files\Java\jdk-14.0.2\bin\server\jvm.dll
0x00007ffdc22f0000 - 0x00007ffdc22f8000 	C:\Windows\System32\PSAPI.DLL
0x00007ffdbc6a0000 - 0x00007ffdbc6c4000 	C:\Windows\SYSTEM32\WINMM.dll
0x00007ffdbafd0000 - 0x00007ffdbafd9000 	C:\Windows\SYSTEM32\WSOCK32.dll
0x00007ffdc1f10000 - 0x00007ffdc1f7f000 	C:\Windows\System32\WS2_32.dll
0x00007ffdbc670000 - 0x00007ffdbc69d000 	C:\Windows\SYSTEM32\winmmbase.dll
0x00007ffdc0800000 - 0x00007ffdc084a000 	C:\Windows\System32\cfgmgr32.dll
0x00007ffdc0140000 - 0x00007ffdc0151000 	C:\Windows\System32\kernel.appcore.dll
0x00007ffdb90a0000 - 0x00007ffdb90aa000 	C:\Program Files\Java\jdk-14.0.2\bin\jimage.dll
0x00007ffdbeab0000 - 0x00007ffdbeca4000 	C:\Windows\SYSTEM32\DBGHELP.DLL
0x00007ffdaf860000 - 0x00007ffdaf88a000 	C:\Windows\SYSTEM32\dbgcore.DLL
0x00007ffdb3050000 - 0x00007ffdb3075000 	C:\Program Files\Java\jdk-14.0.2\bin\java.dll
0x00007ffdb3030000 - 0x00007ffdb3046000 	C:\Program Files\Java\jdk-14.0.2\bin\zip.dll
0x00007ffdc26d0000 - 0x00007ffdc2db0000 	C:\Windows\System32\SHELL32.dll
0x00007ffdc2450000 - 0x00007ffdc24f9000 	C:\Windows\System32\shcore.dll
0x00007ffdc0850000 - 0x00007ffdc0fca000 	C:\Windows\System32\windows.storage.dll
0x00007ffdc0160000 - 0x00007ffdc017f000 	C:\Windows\System32\profapi.dll
0x00007ffdc01a0000 - 0x00007ffdc01ea000 	C:\Windows\System32\powrprof.dll
0x00007ffdc0130000 - 0x00007ffdc0140000 	C:\Windows\System32\UMPDC.dll
0x00007ffdc13e0000 - 0x00007ffdc1432000 	C:\Windows\System32\shlwapi.dll
0x00007ffdc0320000 - 0x00007ffdc0337000 	C:\Windows\System32\cryptsp.dll
0x00007ffdb1990000 - 0x00007ffdb19a9000 	C:\Program Files\Java\jdk-14.0.2\bin\net.dll
0x00007ffdb57c0000 - 0x00007ffdb58af000 	C:\Windows\SYSTEM32\WINHTTP.dll
0x00007ffdbf940000 - 0x00007ffdbf9a7000 	C:\Windows\system32\mswsock.dll
0x00007ffdb1970000 - 0x00007ffdb1982000 	C:\Program Files\Java\jdk-14.0.2\bin\nio.dll
0x00007ffd86910000 - 0x00007ffd86aa9000 	C:\Program Files\Java\jdk-14.0.2\bin\awt.dll
0x00007ffdc1f80000 - 0x00007ffdc2044000 	C:\Windows\System32\OLEAUT32.dll
0x00007ffdbdbd0000 - 0x00007ffdbdc5f000 	C:\Windows\SYSTEM32\apphelp.dll
0x00007ffdbe0c0000 - 0x00007ffdbe159000 	C:\Windows\system32\uxtheme.dll
0x00007ffdc1aa0000 - 0x00007ffdc1bd7000 	C:\Windows\System32\MSCTF.dll
0x00007ffdc1d40000 - 0x00007ffdc1e96000 	C:\Windows\System32\ole32.dll
0x00007ffdbe240000 - 0x00007ffdbe26d000 	C:\Windows\system32\DWMAPI.DLL
0x00007ffda05a0000 - 0x00007ffda0622000 	C:\Program Files\Java\jdk-14.0.2\bin\freetype.dll
0x00007ffd9a130000 - 0x00007ffd9a1d6000 	C:\Program Files\Java\jdk-14.0.2\bin\fontmanager.dll
0x00007ffda02f0000 - 0x00007ffda043f000 	C:\Windows\system32\opengl32.dll
0x00007ffdb1940000 - 0x00007ffdb196c000 	C:\Windows\SYSTEM32\GLU32.dll
0x00007ffdbedf0000 - 0x00007ffdbee10000 	C:\Windows\SYSTEM32\dxcore.dll
0x00007ffdba860000 - 0x00007ffdba8fe000 	C:\Windows\System32\TextInputFramework.dll
0x00007ffdb9eb0000 - 0x00007ffdba1d9000 	C:\Windows\System32\CoreUIComponents.dll
0x00007ffdbd650000 - 0x00007ffdbd724000 	C:\Windows\System32\CoreMessaging.dll
0x00007ffdbb930000 - 0x00007ffdbba83000 	C:\Windows\SYSTEM32\wintypes.dll
0x00007ffdbf1e0000 - 0x00007ffdbf211000 	C:\Windows\SYSTEM32\ntmarta.dll
0x00007ffdb14c0000 - 0x00007ffdb1766000 	C:\Windows\System32\iertutil.dll
0x00007ffdae7b0000 - 0x00007ffdae7dd000 	C:\Program Files\Java\jdk-14.0.2\bin\javajpeg.dll
0x00007ffdc1780000 - 0x00007ffdc1822000 	C:\Windows\System32\clbcatq.dll
0x00007ffdb9530000 - 0x00007ffdb96df000 	C:\Windows\SYSTEM32\WindowsCodecs.dll
0x00007ffdaf8d0000 - 0x00007ffdaf90a000 	C:\Windows\system32\dataexchange.dll
0x00007ffdbcd60000 - 0x00007ffdbcfbb000 	C:\Windows\system32\d3d11.dll
0x00007ffdbee80000 - 0x00007ffdbef6a000 	C:\Windows\system32\dxgi.dll
0x00007ffdbd470000 - 0x00007ffdbd64c000 	C:\Windows\system32\dcomp.dll
0x00007ffdbe270000 - 0x00007ffdbe4ca000 	C:\Windows\system32\twinapi.appcore.dll
0x00007ffdbe750000 - 0x00007ffdbe779000 	C:\Windows\system32\RMCLIENT.dll

dbghelp: loaded successfully - version: 4.0.5 - missing functions: none
symbol engine: initialized successfully - sym options: 0x614 - pdb path: .;C:\Program Files\Java\jdk-14.0.2\bin;C:\Windows\SYSTEM32;C:\Windows\WinSxS\amd64_microsoft.windows.common-controls_6595b64144ccf1df_6.0.18362.116_none_e6c4ac41130f2c3a;C:\Program Files\Java\jdk-14.0.2\bin\server

VM Arguments:
jvm_args: -Dfile.encoding=UTF-8 --module-path=D:\Documents\NetBeansProjects\Covid Management\build\classes 
java_command: home
java_class_path (initial): C:\Program Files\NetBeans-12.5\netbeans\java\modules\ext\AbsoluteLayout.jar;F:\New folder\mysql-connector-java-8.0.26\mysql-connector-java-8.0.26.jar;F:\New folder\rs2xml\rs2xml.jar;D:\Documents\NetBeansProjects\Covid Management\build\classes
Launcher Type: SUN_STANDARD

[Global flags]
     intx CICompilerCount                          = 3                                         {product} {ergonomic}
     uint ConcGCThreads                            = 1                                         {product} {ergonomic}
     uint G1ConcRefinementThreads                  = 4                                         {product} {ergonomic}
   size_t G1HeapRegionSize                         = 1048576                                   {product} {ergonomic}
    uintx GCDrainStackTargetSize                   = 64                                        {product} {ergonomic}
   size_t InitialHeapSize                          = 67108864                                  {product} {ergonomic}
   size_t MarkStackSize                            = 4194304                                   {product} {ergonomic}
   size_t MaxHeapSize                              = 1048576000                                {product} {ergonomic}
   size_t MaxNewSize                               = 629145600                                 {product} {ergonomic}
   size_t MinHeapDeltaBytes                        = 1048576                                   {product} {ergonomic}
   size_t MinHeapSize                              = 8388608                                   {product} {ergonomic}
    uintx NonNMethodCodeHeapSize                   = 5832780                                {pd product} {ergonomic}
    uintx NonProfiledCodeHeapSize                  = 122912730                              {pd product} {ergonomic}
    uintx ProfiledCodeHeapSize                     = 122912730                              {pd product} {ergonomic}
    uintx ReservedCodeCacheSize                    = 251658240                              {pd product} {ergonomic}
     bool SegmentedCodeCache                       = true                                      {product} {ergonomic}
   size_t SoftMaxHeapSize                          = 1048576000                             {manageable} {ergonomic}
     bool UseCompressedClassPointers               = true                                 {lp64_product} {ergonomic}
     bool UseCompressedOops                        = true                                 {lp64_product} {ergonomic}
     bool UseG1GC                                  = true                                      {product} {ergonomic}
     bool UseLargePagesIndividualAllocation        = false                                  {pd product} {ergonomic}

Logging:
Log output configuration:
 #0: stdout all=warning uptime,level,tags
 #1: stderr all=off uptime,level,tags

Environment Variables:
PATH=C:\Program Files (x86)\Common Files\Oracle\Java\javapath;C:\Windows\system32;C:\Windows;C:\Windows\System32\Wbem;C:\Windows\System32\WindowsPowerShell\v1.0\;C:\Windows\System32\OpenSSH\;C:\Program Files\Microsoft SQL Server\Client SDK\ODBC\170\Tools\Binn\;C:\Program Files (x86)\Microsoft SQL Server\150\Tools\Binn\;C:\Program Files\Microsoft SQL Server\150\Tools\Binn\;C:\Program Files\Microsoft SQL Server\150\DTS\Binn\;C:\Program Files (x86)\Microsoft SQL Server\150\DTS\Binn\;C:\Program Files\Azure Data Studio\bin;C:\Program Files\nodejs\;C:\Program Files\Git\cmd;C:\Users\Admin\AppData\Local\Programs\Python\Python310\Scripts\;C:\Users\Admin\AppData\Local\Programs\Python\Python310\;C:\Users\Admin\AppData\Local\Microsoft\WindowsApps;;C:\Users\Admin\AppData\Local\Programs\Microsoft VS Code\bin;C:\Program Files\Azure Data Studio\bin;C:\Users\Admin\AppData\Roaming\npm;F:\Python\PyCharm Community Edition 2021.2.2\bin;
USERNAME=Admin
OS=Windows_NT
PROCESSOR_IDENTIFIER=Intel64 Family 6 Model 142 Stepping 9, GenuineIntel



---------------  S Y S T E M  ---------------

OS: Windows 10 , 64 bit Build 18362 (10.0.18362.86)
OS uptime: 4 days 5:10 hours

CPU:total 4 (initial active 4) (2 cores per cpu, 2 threads per core) family 6 model 142 stepping 9, cmov, cx8, fxsr, mmx, sse, sse2, sse3, ssse3, sse4.1, sse4.2, popcnt, avx, avx2, aes, clmul, erms, 3dnowpref, lzcnt, ht, tsc, tscinvbit, bmi1, bmi2, adx, fma

Memory: 4k page, system-wide physical 3994M (479M free)
TotalPageFile size 6784M (AvailPageFile size 6M)
current process WorkingSet (physical memory assigned to process): 369M, peak: 373M
current process commit charge ("private bytes"): 431M, peak: 434M

vm_info: Java HotSpot(TM) 64-Bit Server VM (14.0.2+12-46) for windows-amd64 JRE (14.0.2+12-46), built on Jul  9 2020 00:35:52 by "mach5one" with MS VC++ 15.9 (VS2017)

END.
