#
# There is insufficient memory for the Java Runtime Environment to continue.
# Native memory allocation (mmap) failed to map 12582912 bytes for Failed to commit area from 0x00000000c5900000 to 0x00000000c6500000 of length 12582912.
# Possible reasons:
#   The system is out of physical RAM or swap space
#   The process is running with CompressedOops enabled, and the Java Heap may be blocking the growth of the native heap
# Possible solutions:
#   Reduce memory load on the system
#   Increase physical memory or swap space
#   Check if swap backing store is full
#   Decrease Java heap size (-Xmx/-Xms)
#   Decrease number of Java threads
#   Decrease Java thread stack sizes (-Xss)
#   Set larger code cache with -XX:ReservedCodeCacheSize=
#   JVM is running with Unscaled Compressed Oops mode in which the Java heap is
#     placed in the first 4GB address space. The Java Heap base address is the
#     maximum limit for the native heap growth. Please use -XX:HeapBaseMinAddress
#     to set the Java Heap base and to place the Java Heap above 4GB virtual address.
# This output file may be truncated or incomplete.
#
#  Out of Memory Error (./open/src/hotspot/os/windows/os_windows.cpp:3315), pid=11132, tid=9268
#
# JRE version: Java(TM) SE Runtime Environment (14.0.2+12) (build 14.0.2+12-46)
# Java VM: Java HotSpot(TM) 64-Bit Server VM (14.0.2+12-46, mixed mode, sharing, tiered, compressed oops, g1 gc, windows-amd64)
# No core dump will be written. Minidumps are not enabled by default on client versions of Windows
#

---------------  S U M M A R Y ------------

Command Line: -Dfile.encoding=UTF-8 --module-path=D:\Documents\NetBeansProjects\Covid Management\build\classes addNewPatientRecord

Host: Intel(R) Core(TM) i5-7200U CPU @ 2.50GHz, 4 cores, 3G,  Windows 10 , 64 bit Build 18362 (10.0.18362.86)
Time: Wed Dec  1 13:55:16 2021 SE Asia Standard Time elapsed time: 0 seconds (0d 0h 0m 0s)

---------------  T H R E A D  ---------------

Current thread (0x00000279f303a800):  VMThread "VM Thread" [stack: 0x000000ac2cc00000,0x000000ac2cd00000] [id=9268]

Stack: [0x000000ac2cc00000,0x000000ac2cd00000]
[error occurred during error reporting (printing stack bounds), id 0xc0000005, EXCEPTION_ACCESS_VIOLATION (0xc0000005) at pc=0x00000279def110ad]

Native frames: (J=compiled Java code, j=interpreted, Vv=VM code, C=native code)
V  [jvm.dll+0x5f8a9a]
V  [jvm.dll+0x74247a]
V  [jvm.dll+0x743c2f]
V  [jvm.dll+0x7441d5]
V  [jvm.dll+0x74418b]
V  [jvm.dll+0x5f7f6f]
V  [jvm.dll+0x5f8738]
C  [ntdll.dll+0xa119f]
C  [ntdll.dll+0x6a229]
C  [ntdll.dll+0x9fe0e]
C  0x00000279def110ad

VM_Operation (0x000000ac2c8ff980): G1Concurrent, mode: safepoint, requested by thread 0x00000279d4fa7000


---------------  P R O C E S S  ---------------

Threads class SMR info:
_java_thread_list=0x00000279f4b9d450, length=16, elements={
0x00000279f303f000, 0x00000279f3040000, 0x00000279f3055000, 0x00000279f3058000,
0x00000279f3059000, 0x00000279f3067000, 0x00000279f3069800, 0x00000279f3078000,
0x00000279f302d000, 0x00000279f3b51800, 0x00000279f3da1000, 0x00000279f3da3800,
0x00000279f3daa000, 0x00000279f4966000, 0x00000279d4f6d800, 0x00000279f4a02800
}

Java Threads: ( => current thread )
  0x00000279f303f000 JavaThread "Reference Handler" daemon [_thread_blocked, id=11544, stack(0x000000ac2cd00000,0x000000ac2ce00000)]
  0x00000279f3040000 JavaThread "Finalizer" daemon [_thread_blocked, id=8804, stack(0x000000ac2ce00000,0x000000ac2cf00000)]
  0x00000279f3055000 JavaThread "Signal Dispatcher" daemon [_thread_blocked, id=11616, stack(0x000000ac2cf00000,0x000000ac2d000000)]
  0x00000279f3058000 JavaThread "Attach Listener" daemon [_thread_blocked, id=9348, stack(0x000000ac2d000000,0x000000ac2d100000)]
  0x00000279f3059000 JavaThread "Service Thread" daemon [_thread_blocked, id=6604, stack(0x000000ac2d100000,0x000000ac2d200000)]
  0x00000279f3067000 JavaThread "C2 CompilerThread0" daemon [_thread_blocked, id=3508, stack(0x000000ac2d200000,0x000000ac2d300000)]
  0x00000279f3069800 JavaThread "C1 CompilerThread0" daemon [_thread_blocked, id=9352, stack(0x000000ac2d300000,0x000000ac2d400000)]
  0x00000279f3078000 JavaThread "Sweeper thread" daemon [_thread_blocked, id=4072, stack(0x000000ac2d400000,0x000000ac2d500000)]
  0x00000279f302d000 JavaThread "Common-Cleaner" daemon [_thread_blocked, id=6740, stack(0x000000ac2d500000,0x000000ac2d600000)]
  0x00000279f3b51800 JavaThread "Notification Thread" daemon [_thread_blocked, id=10020, stack(0x000000ac2d700000,0x000000ac2d800000)]
  0x00000279f3da1000 JavaThread "Java2D Disposer" daemon [_thread_blocked, id=9628, stack(0x000000ac2d900000,0x000000ac2da00000)]
  0x00000279f3da3800 JavaThread "AWT-Shutdown" [_thread_blocked, id=11356, stack(0x000000ac2da00000,0x000000ac2db00000)]
  0x00000279f3daa000 JavaThread "AWT-Windows" daemon [_thread_blocked, id=804, stack(0x000000ac2db00000,0x000000ac2dc00000)]
  0x00000279f4966000 JavaThread "AWT-EventQueue-0" [_thread_blocked, id=120, stack(0x000000ac2dc00000,0x000000ac2dd00000)]
  0x00000279d4f6d800 JavaThread "DestroyJavaVM" [_thread_blocked, id=1268, stack(0x000000ac2c600000,0x000000ac2c700000)]
  0x00000279f4a02800 JavaThread "Image Fetcher 0" daemon [_thread_blocked, id=10516, stack(0x000000ac2dd00000,0x000000ac2de00000)]

Other Threads:
=>0x00000279f303a800 VMThread "VM Thread" [stack: 0x000000ac2cc00000,0x000000ac2cd00000] [id=9268]
  0x00000279f3b58000 WatcherThread [stack: 0x000000ac2d800000,0x000000ac2d900000] [id=7828]
  0x00000279d4f9e000 GCTaskThread "GC Thread#0" [stack: 0x000000ac2c700000,0x000000ac2c800000] [id=5004]
  0x00000279f4f0d800 GCTaskThread "GC Thread#1" [stack: 0x000000ac2de00000,0x000000ac2df00000] [id=3132]
  0x00000279f4cbb000 GCTaskThread "GC Thread#2" [stack: 0x000000ac2df00000,0x000000ac2e000000] [id=1484]
  0x00000279f4e2c000 GCTaskThread "GC Thread#3" [stack: 0x000000ac2e000000,0x000000ac2e100000] [id=6192]
  0x00000279d4fa7000 ConcurrentGCThread "G1 Main Marker" [stack: 0x000000ac2c800000,0x000000ac2c900000] [id=8336]
  0x00000279d4fac000 ConcurrentGCThread "G1 Conc#0" [stack: 0x000000ac2c900000,0x000000ac2ca00000] [id=1264]
  0x00000279d4fff000 ConcurrentGCThread "G1 Refine#0" [stack: 0x000000ac2ca00000,0x000000ac2cb00000] [id=9828]
  0x00000279f4df2000 ConcurrentGCThread "G1 Refine#1" [stack: 0x000000ac2e100000,0x000000ac2e200000] [id=9696]
  0x00000279d5000800 ConcurrentGCThread "G1 Young RemSet Sampling" [stack: 0x000000ac2cb00000,0x000000ac2cc00000] [id=9796]

Threads with active compile tasks:
C1 CompilerThread0      944  970       3       java.awt.geom.RectangularShape::<init> (5 bytes)

VM state:at safepoint (normal execution)

VM Mutex/Monitor currently owned by a thread:  ([mutex/lock_event])
[0x00000279d4f6a200] Threads_lock - owner thread: 0x00000279f303a800
[0x00000279d4f6aef0] Heap_lock - owner thread: 0x00000279d4fa7000

Heap address: 0x00000000c1800000, size: 1000 MB, Compressed Oops mode: 32-bit
Narrow klass base: 0x0000000800000000, Narrow klass shift: 3
Compressed class space size: 1073741824 Address: 0x0000000800b30000

Heap:
 garbage-first heap   total 78848K, used 44283K [0x00000000c1800000, 0x0000000100000000)
  region size 1024K, 2 young (2048K), 1 survivors (1024K)
 Metaspace       used 10556K, capacity 10855K, committed 11008K, reserved 1058816K
  class space    used 1299K, capacity 1440K, committed 1536K, reserved 1048576K
Heap Regions: E=young(eden), S=young(survivor), O=old, HS=humongous(starts), HC=humongous(continues), CS=collection set, F=free, OA=open archive, CA=closed archive, TAMS=top-at-mark-start (previous, next)
|   0|0x00000000c1800000, 0x00000000c1900000, 0x00000000c1900000|100%| O|  |TAMS 0x00000000c1900000, 0x00000000c1800000| Updating 
|   1|0x00000000c1900000, 0x00000000c1a00000, 0x00000000c1a00000|100%|HS|  |TAMS 0x00000000c1a00000, 0x00000000c1900000| Complete 
|   2|0x00000000c1a00000, 0x00000000c1b00000, 0x00000000c1b00000|100%|HC|  |TAMS 0x00000000c1b00000, 0x00000000c1a00000| Complete 
|   3|0x00000000c1b00000, 0x00000000c1c00000, 0x00000000c1c00000|100%|HC|  |TAMS 0x00000000c1c00000, 0x00000000c1b00000| Complete 
|   4|0x00000000c1c00000, 0x00000000c1d00000, 0x00000000c1d00000|100%|HC|  |TAMS 0x00000000c1d00000, 0x00000000c1c00000| Complete 
|   5|0x00000000c1d00000, 0x00000000c1e00000, 0x00000000c1e00000|100%|HC|  |TAMS 0x00000000c1e00000, 0x00000000c1d00000| Complete 
|   6|0x00000000c1e00000, 0x00000000c1f00000, 0x00000000c1f00000|100%|HC|  |TAMS 0x00000000c1f00000, 0x00000000c1e00000| Complete 
|   7|0x00000000c1f00000, 0x00000000c2000000, 0x00000000c2000000|100%|HC|  |TAMS 0x00000000c2000000, 0x00000000c1f00000| Complete 
|   8|0x00000000c2000000, 0x00000000c2100000, 0x00000000c2100000|100%|HC|  |TAMS 0x00000000c2100000, 0x00000000c2000000| Complete 
|   9|0x00000000c2100000, 0x00000000c2200000, 0x00000000c2200000|100%|HC|  |TAMS 0x00000000c2200000, 0x00000000c2100000| Complete 
|  10|0x00000000c2200000, 0x00000000c2300000, 0x00000000c2300000|100%|HC|  |TAMS 0x00000000c2300000, 0x00000000c2200000| Complete 
|  11|0x00000000c2300000, 0x00000000c2400000, 0x00000000c2400000|100%|HC|  |TAMS 0x00000000c2400000, 0x00000000c2300000| Complete 
|  12|0x00000000c2400000, 0x00000000c2500000, 0x00000000c2500000|100%|HC|  |TAMS 0x00000000c2500000, 0x00000000c2400000| Complete 
|  13|0x00000000c2500000, 0x00000000c2600000, 0x00000000c2600000|100%|HC|  |TAMS 0x00000000c2600000, 0x00000000c2500000| Complete 
|  14|0x00000000c2600000, 0x00000000c2700000, 0x00000000c2700000|100%|HC|  |TAMS 0x00000000c2700000, 0x00000000c2600000| Complete 
|  15|0x00000000c2700000, 0x00000000c2800000, 0x00000000c2800000|100%|HC|  |TAMS 0x00000000c2800000, 0x00000000c2700000| Complete 
|  16|0x00000000c2800000, 0x00000000c2900000, 0x00000000c2900000|100%|HC|  |TAMS 0x00000000c2900000, 0x00000000c2800000| Complete 
|  17|0x00000000c2900000, 0x00000000c2a00000, 0x00000000c2a00000|100%|HC|  |TAMS 0x00000000c2a00000, 0x00000000c2900000| Complete 
|  18|0x00000000c2a00000, 0x00000000c2b00000, 0x00000000c2b00000|100%|HC|  |TAMS 0x00000000c2b00000, 0x00000000c2a00000| Complete 
|  19|0x00000000c2b00000, 0x00000000c2c00000, 0x00000000c2c00000|100%|HC|  |TAMS 0x00000000c2c00000, 0x00000000c2b00000| Complete 
|  20|0x00000000c2c00000, 0x00000000c2d00000, 0x00000000c2d00000|100%|HC|  |TAMS 0x00000000c2d00000, 0x00000000c2c00000| Complete 
|  21|0x00000000c2d00000, 0x00000000c2e00000, 0x00000000c2e00000|100%|HC|  |TAMS 0x00000000c2e00000, 0x00000000c2d00000| Complete 
|  22|0x00000000c2e00000, 0x00000000c2f00000, 0x00000000c2f00000|100%|HC|  |TAMS 0x00000000c2f00000, 0x00000000c2e00000| Complete 
|  23|0x00000000c2f00000, 0x00000000c3000000, 0x00000000c3000000|100%|HC|  |TAMS 0x00000000c3000000, 0x00000000c2f00000| Complete 
|  24|0x00000000c3000000, 0x00000000c3100000, 0x00000000c3100000|100%|HC|  |TAMS 0x00000000c3100000, 0x00000000c3000000| Complete 
|  25|0x00000000c3100000, 0x00000000c3200000, 0x00000000c3200000|100%|HC|  |TAMS 0x00000000c3200000, 0x00000000c3100000| Complete 
|  26|0x00000000c3200000, 0x00000000c3300000, 0x00000000c3300000|100%|HC|  |TAMS 0x00000000c3300000, 0x00000000c3200000| Complete 
|  27|0x00000000c3300000, 0x00000000c3400000, 0x00000000c3400000|100%|HC|  |TAMS 0x00000000c3400000, 0x00000000c3300000| Complete 
|  28|0x00000000c3400000, 0x00000000c3500000, 0x00000000c3500000|100%|HC|  |TAMS 0x00000000c3500000, 0x00000000c3400000| Complete 
|  29|0x00000000c3500000, 0x00000000c3600000, 0x00000000c3600000|100%|HC|  |TAMS 0x00000000c3600000, 0x00000000c3500000| Complete 
|  30|0x00000000c3600000, 0x00000000c3700000, 0x00000000c3700000|100%|HC|  |TAMS 0x00000000c3700000, 0x00000000c3600000| Complete 
|  31|0x00000000c3700000, 0x00000000c3800000, 0x00000000c3800000|100%|HC|  |TAMS 0x00000000c3800000, 0x00000000c3700000| Complete 
|  32|0x00000000c3800000, 0x00000000c3900000, 0x00000000c3900000|100%|HC|  |TAMS 0x00000000c3900000, 0x00000000c3800000| Complete 
|  33|0x00000000c3900000, 0x00000000c3a00000, 0x00000000c3a00000|100%| O|  |TAMS 0x00000000c3a00000, 0x00000000c3900000| Updating 
|  34|0x00000000c3a00000, 0x00000000c3b00000, 0x00000000c3b00000|100%| O|  |TAMS 0x00000000c3b00000, 0x00000000c3a00000| Updating 
|  35|0x00000000c3b00000, 0x00000000c3b0b000, 0x00000000c3c00000|  4%| O|  |TAMS 0x00000000c3b0b000, 0x00000000c3b00000| Updating 
|  36|0x00000000c3c00000, 0x00000000c3d00000, 0x00000000c3d00000|100%|HS|  |TAMS 0x00000000c3c00000, 0x00000000c3c00000| Complete 
|  37|0x00000000c3d00000, 0x00000000c3e00000, 0x00000000c3e00000|100%|HC|  |TAMS 0x00000000c3d00000, 0x00000000c3d00000| Complete 
|  38|0x00000000c3e00000, 0x00000000c3f00000, 0x00000000c3f00000|100%|HC|  |TAMS 0x00000000c3e00000, 0x00000000c3e00000| Complete 
|  39|0x00000000c3f00000, 0x00000000c4000000, 0x00000000c4000000|100%|HC|  |TAMS 0x00000000c3f00000, 0x00000000c3f00000| Complete 
|  40|0x00000000c4000000, 0x00000000c4100000, 0x00000000c4100000|100%|HC|  |TAMS 0x00000000c4000000, 0x00000000c4000000| Complete 
|  41|0x00000000c4100000, 0x00000000c4200000, 0x00000000c4200000|100%|HC|  |TAMS 0x00000000c4100000, 0x00000000c4100000| Complete 
|  42|0x00000000c4200000, 0x00000000c4300000, 0x00000000c4300000|100%|HC|  |TAMS 0x00000000c4200000, 0x00000000c4200000| Complete 
|  43|0x00000000c4300000, 0x00000000c4400000, 0x00000000c4400000|100%|HC|  |TAMS 0x00000000c4300000, 0x00000000c4300000| Complete 
|  44|0x00000000c4400000, 0x00000000c4400000, 0x00000000c4500000|  0%| F|  |TAMS 0x00000000c4400000, 0x00000000c4400000| Untracked 
|  45|0x00000000c4500000, 0x00000000c4500000, 0x00000000c4600000|  0%| F|  |TAMS 0x00000000c4500000, 0x00000000c4500000| Untracked 
|  46|0x00000000c4600000, 0x00000000c4600000, 0x00000000c4700000|  0%| F|  |TAMS 0x00000000c4600000, 0x00000000c4600000| Untracked 
|  47|0x00000000c4700000, 0x00000000c4700000, 0x00000000c4800000|  0%| F|  |TAMS 0x00000000c4700000, 0x00000000c4700000| Untracked 
|  48|0x00000000c4800000, 0x00000000c4800000, 0x00000000c4900000|  0%| F|  |TAMS 0x00000000c4800000, 0x00000000c4800000| Untracked 
|  49|0x00000000c4900000, 0x00000000c4900000, 0x00000000c4a00000|  0%| F|  |TAMS 0x00000000c4900000, 0x00000000c4900000| Untracked 
|  50|0x00000000c4a00000, 0x00000000c4a00000, 0x00000000c4b00000|  0%| F|  |TAMS 0x00000000c4a00000, 0x00000000c4a00000| Untracked 
|  51|0x00000000c4b00000, 0x00000000c4b00000, 0x00000000c4c00000|  0%| F|  |TAMS 0x00000000c4b00000, 0x00000000c4b00000| Untracked 
|  52|0x00000000c4c00000, 0x00000000c4c33c10, 0x00000000c4d00000| 20%| S|CS|TAMS 0x00000000c4c00000, 0x00000000c4c00000| Complete 
|  53|0x00000000c4d00000, 0x00000000c4d00000, 0x00000000c4e00000|  0%| F|  |TAMS 0x00000000c4d00000, 0x00000000c4d00000| Untracked 
|  54|0x00000000c4e00000, 0x00000000c4e00000, 0x00000000c4f00000|  0%| F|  |TAMS 0x00000000c4e00000, 0x00000000c4e00000| Untracked 
|  55|0x00000000c4f00000, 0x00000000c4f00000, 0x00000000c5000000|  0%| F|  |TAMS 0x00000000c4f00000, 0x00000000c4f00000| Untracked 
|  56|0x00000000c5000000, 0x00000000c5000000, 0x00000000c5100000|  0%| F|  |TAMS 0x00000000c5000000, 0x00000000c5000000| Untracked 
|  57|0x00000000c5100000, 0x00000000c5100000, 0x00000000c5200000|  0%| F|  |TAMS 0x00000000c5100000, 0x00000000c5100000| Untracked 
|  58|0x00000000c5200000, 0x00000000c5200000, 0x00000000c5300000|  0%| F|  |TAMS 0x00000000c5200000, 0x00000000c5200000| Untracked 
|  59|0x00000000c5300000, 0x00000000c5300000, 0x00000000c5400000|  0%| F|  |TAMS 0x00000000c5300000, 0x00000000c5300000| Untracked 
|  60|0x00000000c5400000, 0x00000000c5400000, 0x00000000c5500000|  0%| F|  |TAMS 0x00000000c5400000, 0x00000000c5400000| Untracked 
|  61|0x00000000c5500000, 0x00000000c5500000, 0x00000000c5600000|  0%| F|  |TAMS 0x00000000c5500000, 0x00000000c5500000| Untracked 
|  62|0x00000000c5600000, 0x00000000c5600000, 0x00000000c5700000|  0%| F|  |TAMS 0x00000000c5600000, 0x00000000c5600000| Untracked 
|  63|0x00000000c5700000, 0x00000000c5700000, 0x00000000c5800000|  0%| F|  |TAMS 0x00000000c5700000, 0x00000000c5700000| Untracked 
|  64|0x00000000c5800000, 0x00000000c58931e8, 0x00000000c5900000| 57%| E|  |TAMS 0x00000000c5800000, 0x00000000c5800000| Complete 

Card table byte_map: [0x00000279ee730000,0x00000279ee930000] _byte_map_base: 0x00000279ee124000

Marking Bits (Prev, Next): (CMBitMap*) 0x00000279d4f9e878, (CMBitMap*) 0x00000279d4f9e838
 Prev Bits: [0x00000279efad0000, 0x00000279f0a70000)
 Next Bits: [0x00000279eeb30000, 0x00000279efad0000)

Polling page: 0x00000279d5040000

Metaspace:

Usage:
  Non-class:      9.19 MB capacity,     9.04 MB ( 98%) used,   133.97 KB (  1%) free+waste,    24.25 KB ( <1%) overhead. 
      Class:      1.41 MB capacity,     1.27 MB ( 90%) used,   124.88 KB (  9%) free+waste,    15.31 KB (  1%) overhead. 
       Both:     10.60 MB capacity,    10.31 MB ( 97%) used,   258.85 KB (  2%) free+waste,    39.56 KB ( <1%) overhead. 

Virtual space:
  Non-class space:       10.00 MB reserved,       9.25 MB ( 93%) committed 
      Class space:        1.00 GB reserved,       1.50 MB ( <1%) committed 
             Both:        1.01 GB reserved,      10.75 MB (  1%) committed 

Chunk freelists:
   Non-Class:  57.00 KB
       Class:  0 bytes
        Both:  57.00 KB

MaxMetaspaceSize: 17179869184.00 GB
CompressedClassSpaceSize: 1.00 GB

CodeHeap 'non-profiled nmethods': size=120000Kb used=295Kb max_used=295Kb free=119704Kb
 bounds [0x00000279e69e0000, 0x00000279e6c50000, 0x00000279edf10000]
CodeHeap 'profiled nmethods': size=120000Kb used=1679Kb max_used=1679Kb free=118320Kb
 bounds [0x00000279df4b0000, 0x00000279df720000, 0x00000279e69e0000]
CodeHeap 'non-nmethods': size=5760Kb used=1297Kb max_used=1310Kb free=4462Kb
 bounds [0x00000279def10000, 0x00000279df180000, 0x00000279df4b0000]
 total_blobs=1559 nmethods=968 adapters=504
 compilation: enabled
              stopped_count=0, restarted_count=0
 full_count=0

Compilation events (20 events):
Event: 0.811 Thread 0x00000279f3069800 nmethod 959 0x00000279df651910 code [0x00000279df651ae0, 0x00000279df651f98]
Event: 0.811 Thread 0x00000279f3069800  960       3       java.lang.System$2::blockedOn (5 bytes)
Event: 0.811 Thread 0x00000279f3069800 nmethod 960 0x00000279df652190 code [0x00000279df652340, 0x00000279df652718]
Event: 0.811 Thread 0x00000279f3069800  961   !   3       java.lang.Thread::blockedOn (27 bytes)
Event: 0.811 Thread 0x00000279f3069800 nmethod 961 0x00000279df652890 code [0x00000279df652a40, 0x00000279df652d78]
Event: 0.814 Thread 0x00000279f3069800  962       1       java.awt.Component::isPreferredSizeSet (5 bytes)
Event: 0.814 Thread 0x00000279f3069800 nmethod 962 0x00000279e6a28e90 code [0x00000279e6a29020, 0x00000279e6a290f8]
Event: 0.817 Thread 0x00000279f3069800  964       3       java.util.ArrayList::iterator (9 bytes)
Event: 0.817 Thread 0x00000279f3069800 nmethod 964 0x00000279df652e90 code [0x00000279df653040, 0x00000279df6532f8]
Event: 0.817 Thread 0x00000279f3069800  965       3       java.util.ArrayList$Itr::<init> (26 bytes)
Event: 0.817 Thread 0x00000279f3069800 nmethod 965 0x00000279df653410 code [0x00000279df6535c0, 0x00000279df6537b8]
Event: 0.831 Thread 0x00000279f3069800  966       1       java.util.concurrent.locks.AbstractOwnableSynchronizer::setExclusiveOwnerThread (6 bytes)
Event: 0.832 Thread 0x00000279f3069800 nmethod 966 0x00000279e6a29490 code [0x00000279e6a29620, 0x00000279e6a29738]
Event: 0.833 Thread 0x00000279f3069800  967       3       java.lang.ref.WeakReference::<init> (6 bytes)
Event: 0.833 Thread 0x00000279f3069800 nmethod 967 0x00000279df653890 code [0x00000279df653a40, 0x00000279df653d58]
Event: 0.844 Thread 0x00000279f3067000  968       4       sun.java2d.loops.GraphicsPrimitiveMgr$2::compare (39 bytes)
Event: 0.845 Thread 0x00000279f3067000 nmethod 968 0x00000279e6a29790 code [0x00000279e6a29940, 0x00000279e6a29ab8]
Event: 0.850 Thread 0x00000279f3069800  969       1       javax.swing.plaf.synth.Region::isSubregion (5 bytes)
Event: 0.850 Thread 0x00000279f3069800 nmethod 969 0x00000279e6a29c10 code [0x00000279e6a29da0, 0x00000279e6a29e78]
Event: 0.852 Thread 0x00000279f3069800  970       3       java.awt.geom.RectangularShape::<init> (5 bytes)

GC Heap History (8 events):
Event: 0.483 GC heap before
{Heap before GC invocations=0 (full 0):
 garbage-first heap   total 65536K, used 7168K [0x00000000c1800000, 0x0000000100000000)
  region size 1024K, 8 young (8192K), 0 survivors (0K)
 Metaspace       used 9181K, capacity 9509K, committed 9728K, reserved 1058816K
  class space    used 1133K, capacity 1268K, committed 1280K, reserved 1048576K
}
Event: 0.489 GC heap after
{Heap after GC invocations=1 (full 0):
 garbage-first heap   total 65536K, used 3058K [0x00000000c1800000, 0x0000000100000000)
  region size 1024K, 2 young (2048K), 2 survivors (2048K)
 Metaspace       used 9181K, capacity 9509K, committed 9728K, reserved 1058816K
  class space    used 1133K, capacity 1268K, committed 1280K, reserved 1048576K
}
Event: 0.586 GC heap before
{Heap before GC invocations=2 (full 0):
 garbage-first heap   total 65536K, used 44018K [0x00000000c1800000, 0x0000000100000000)
  region size 1024K, 11 young (11264K), 2 survivors (2048K)
 Metaspace       used 9283K, capacity 9576K, committed 9728K, reserved 1058816K
  class space    used 1139K, capacity 1268K, committed 1280K, reserved 1048576K
}
Event: 0.589 GC heap after
{Heap after GC invocations=3 (full 0):
 garbage-first heap   total 65536K, used 36061K [0x00000000c1800000, 0x0000000100000000)
  region size 1024K, 1 young (1024K), 1 survivors (1024K)
 Metaspace       used 9283K, capacity 9576K, committed 9728K, reserved 1058816K
  class space    used 1139K, capacity 1268K, committed 1280K, reserved 1048576K
}
Event: 0.655 GC heap before
{Heap before GC invocations=3 (full 0):
 garbage-first heap   total 65536K, used 47325K [0x00000000c1800000, 0x0000000100000000)
  region size 1024K, 13 young (13312K), 1 survivors (1024K)
 Metaspace       used 9284K, capacity 9576K, committed 9728K, reserved 1058816K
  class space    used 1139K, capacity 1268K, committed 1280K, reserved 1048576K
}
Event: 0.655 GC heap after
{Heap after GC invocations=4 (full 0):
 garbage-first heap   total 65536K, used 35973K [0x00000000c1800000, 0x0000000100000000)
  region size 1024K, 1 young (1024K), 1 survivors (1024K)
 Metaspace       used 9284K, capacity 9576K, committed 9728K, reserved 1058816K
  class space    used 1139K, capacity 1268K, committed 1280K, reserved 1048576K
}
Event: 0.837 GC heap before
{Heap before GC invocations=5 (full 0):
 garbage-first heap   total 66560K, used 46213K [0x00000000c1800000, 0x0000000100000000)
  region size 1024K, 13 young (13312K), 1 survivors (1024K)
 Metaspace       used 10517K, capacity 10855K, committed 11008K, reserved 1058816K
  class space    used 1294K, capacity 1440K, committed 1536K, reserved 1048576K
}
Event: 0.838 GC heap after
{Heap after GC invocations=6 (full 0):
 garbage-first heap   total 66560K, used 36091K [0x00000000c1800000, 0x0000000100000000)
  region size 1024K, 1 young (1024K), 1 survivors (1024K)
 Metaspace       used 10517K, capacity 10855K, committed 11008K, reserved 1058816K
  class space    used 1294K, capacity 1440K, committed 1536K, reserved 1048576K
}

Deoptimization events (20 events):
Event: 0.111 Thread 0x00000279d4f6d800 Uncommon trap: trap_request=0xffffff45 fr.pc=0x00000279e69f1388 relative=0x00000000000009a8
Event: 0.111 Thread 0x00000279d4f6d800 Uncommon trap: reason=unstable_if action=reinterpret pc=0x00000279e69f1388 method=java.util.HashMap.putVal(ILjava/lang/Object;Ljava/lang/Object;ZZ)Ljava/lang/Object; @ 81 c2
Event: 0.111 Thread 0x00000279d4f6d800 DEOPT PACKING pc=0x00000279e69f1388 sp=0x000000ac2c6fe590
Event: 0.111 Thread 0x00000279d4f6d800 DEOPT UNPACKING pc=0x00000279def5912f sp=0x000000ac2c6fe540 mode 2
Event: 0.345 Thread 0x00000279f4966000 Uncommon trap: trap_request=0xffffff45 fr.pc=0x00000279e6a06460 relative=0x00000000000009a0
Event: 0.345 Thread 0x00000279f4966000 Uncommon trap: reason=unstable_if action=reinterpret pc=0x00000279e6a06460 method=java.util.HashMap.resize()[Ljava/util/HashMap$Node; @ 203 c2
Event: 0.345 Thread 0x00000279f4966000 DEOPT PACKING pc=0x00000279e6a06460 sp=0x000000ac2dcfd3c0
Event: 0.345 Thread 0x00000279f4966000 DEOPT UNPACKING pc=0x00000279def5912f sp=0x000000ac2dcfd360 mode 2
Event: 0.346 Thread 0x00000279f4966000 Uncommon trap: trap_request=0xffffff45 fr.pc=0x00000279e6a0e818 relative=0x00000000000001b8
Event: 0.346 Thread 0x00000279f4966000 Uncommon trap: reason=unstable_if action=reinterpret pc=0x00000279e6a0e818 method=java.util.HashMap.getNode(ILjava/lang/Object;)Ljava/util/HashMap$Node; @ 84 c2
Event: 0.346 Thread 0x00000279f4966000 DEOPT PACKING pc=0x00000279e6a0e818 sp=0x000000ac2dcfd440
Event: 0.346 Thread 0x00000279f4966000 DEOPT UNPACKING pc=0x00000279def5912f sp=0x000000ac2dcfd3b0 mode 2
Event: 0.389 Thread 0x00000279f4966000 Uncommon trap: trap_request=0xffffff45 fr.pc=0x00000279e69ed63c relative=0x000000000000009c
Event: 0.389 Thread 0x00000279f4966000 Uncommon trap: reason=unstable_if action=reinterpret pc=0x00000279e69ed63c method=java.util.HashMap.hash(Ljava/lang/Object;)I @ 1 c2
Event: 0.389 Thread 0x00000279f4966000 DEOPT PACKING pc=0x00000279e69ed63c sp=0x000000ac2dcfdd90
Event: 0.389 Thread 0x00000279f4966000 DEOPT UNPACKING pc=0x00000279def5912f sp=0x000000ac2dcfdd28 mode 2
Event: 0.787 Thread 0x00000279f4966000 Uncommon trap: trap_request=0xffffff45 fr.pc=0x00000279e6a0cc24 relative=0x0000000000000bc4
Event: 0.787 Thread 0x00000279f4966000 Uncommon trap: reason=unstable_if action=reinterpret pc=0x00000279e6a0cc24 method=java.util.HashMap.putVal(ILjava/lang/Object;Ljava/lang/Object;ZZ)Ljava/lang/Object; @ 109 c2
Event: 0.787 Thread 0x00000279f4966000 DEOPT PACKING pc=0x00000279e6a0cc24 sp=0x000000ac2dcfcc50
Event: 0.787 Thread 0x00000279f4966000 DEOPT UNPACKING pc=0x00000279def5912f sp=0x000000ac2dcfcb78 mode 2

Classes unloaded (0 events):
No events

Classes redefined (0 events):
No events

Internal exceptions (20 events):
Event: 0.298 Thread 0x00000279d4f6d800 Exception <a 'java/lang/ClassNotFoundException'{0x00000000c5380180}: EditorPane> (0x00000000c5380180) 
thrown [./open/src/hotspot/share/classfile/systemDictionary.cpp, line 226]
Event: 0.298 Thread 0x00000279d4f6d800 Exception <a 'java/lang/ClassNotFoundException'{0x00000000c5380ae0}: ToolBar> (0x00000000c5380ae0) 
thrown [./open/src/hotspot/share/classfile/systemDictionary.cpp, line 226]
Event: 0.298 Thread 0x00000279d4f6d800 Exception <a 'java/lang/ClassNotFoundException'{0x00000000c5380fd8}: ToolBar> (0x00000000c5380fd8) 
thrown [./open/src/hotspot/share/classfile/systemDictionary.cpp, line 226]
Event: 0.298 Thread 0x00000279d4f6d800 Exception <a 'java/lang/ClassNotFoundException'{0x00000000c5381338}: Button> (0x00000000c5381338) 
thrown [./open/src/hotspot/share/classfile/systemDictionary.cpp, line 226]
Event: 0.298 Thread 0x00000279d4f6d800 Exception <a 'java/lang/ClassNotFoundException'{0x00000000c5381800}: ToolBar> (0x00000000c5381800) 
thrown [./open/src/hotspot/share/classfile/systemDictionary.cpp, line 226]
Event: 0.298 Thread 0x00000279d4f6d800 Exception <a 'java/lang/ClassNotFoundException'{0x00000000c5381b70}: ToggleButton> (0x00000000c5381b70) 
thrown [./open/src/hotspot/share/classfile/systemDictionary.cpp, line 226]
Event: 0.298 Thread 0x00000279d4f6d800 Exception <a 'java/lang/ClassNotFoundException'{0x00000000c5381fb0}: javax/swing/JToolBarSeparator> (0x00000000c5381fb0) 
thrown [./open/src/hotspot/share/classfile/systemDictionary.cpp, line 226]
Event: 0.299 Thread 0x00000279d4f6d800 Exception <a 'java/lang/ClassNotFoundException'{0x00000000c53822b8}: ToolBarSeparator> (0x00000000c53822b8) 
thrown [./open/src/hotspot/share/classfile/systemDictionary.cpp, line 226]
Event: 0.299 Thread 0x00000279d4f6d800 Exception <a 'java/lang/ClassNotFoundException'{0x00000000c53827d0}: ToolTip> (0x00000000c53827d0) 
thrown [./open/src/hotspot/share/classfile/systemDictionary.cpp, line 226]
Event: 0.300 Thread 0x00000279d4f6d800 Exception <a 'java/lang/ClassNotFoundException'{0x00000000c5383120}: Tree> (0x00000000c5383120) 
thrown [./open/src/hotspot/share/classfile/systemDictionary.cpp, line 226]
Event: 0.300 Thread 0x00000279d4f6d800 Exception <a 'java/lang/ClassNotFoundException'{0x00000000c5383618}: Tree> (0x00000000c5383618) 
thrown [./open/src/hotspot/share/classfile/systemDictionary.cpp, line 226]
Event: 0.300 Thread 0x00000279d4f6d800 Exception <a 'java/lang/ClassNotFoundException'{0x00000000c5383988}: javax/swing/JTreeCell> (0x00000000c5383988) 
thrown [./open/src/hotspot/share/classfile/systemDictionary.cpp, line 226]
Event: 0.300 Thread 0x00000279d4f6d800 Exception <a 'java/lang/ClassNotFoundException'{0x00000000c5383c88}: TreeCell> (0x00000000c5383c88) 
thrown [./open/src/hotspot/share/classfile/systemDictionary.cpp, line 226]
Event: 0.300 Thread 0x00000279d4f6d800 Exception <a 'java/lang/ClassNotFoundException'{0x00000000c5384448}: RootPane> (0x00000000c5384448) 
thrown [./open/src/hotspot/share/classfile/systemDictionary.cpp, line 226]
Event: 0.302 Thread 0x00000279d4f6d800 Exception <a 'java/lang/ClassNotFoundException'{0x00000000c53874e8}: com/sun/swing/internal/plaf/metal/resources/spi/metalProvider> (0x00000000c53874e8) 
thrown [./open/src/hotspot/share/classfile/systemDictionary.cpp, line 226]
Event: 0.303 Thread 0x00000279d4f6d800 Exception <a 'java/lang/ClassNotFoundException'{0x00000000c538b2e8}: com/sun/swing/internal/plaf/basic/resources/spi/basicProvider> (0x00000000c538b2e8) 
thrown [./open/src/hotspot/share/classfile/systemDictionary.cpp, line 226]
Event: 0.324 Thread 0x00000279f4966000 Exception <a 'java/lang/ClassNotFoundException'{0x00000000c525cdf0}: com/sun/swing/internal/plaf/synth/resources/spi/synthProvider> (0x00000000c525cdf0) 
thrown [./open/src/hotspot/share/classfile/systemDictionary.cpp, line 226]
Event: 0.389 Thread 0x00000279f4966000 Implicit null exception at 0x00000279e69ed5af to 0x00000279e69ed62d
Event: 0.739 Thread 0x00000279f4966000 Exception <a 'java/lang/NoSuchMethodError'{0x00000000c4d682a0}: 'void java.lang.invoke.DirectMethodHandle$Holder.invokeStaticInit(java.lang.Object)'> (0x00000000c4d682a0) 
thrown [./open/src/hotspot/share/interpreter/linkResolver.cpp, line 766]
Event: 0.749 Thread 0x00000279f4966000 Exception <a 'java/lang/NoSuchMethodError'{0x00000000c4d8fba0}: 'java.lang.Object java.lang.invoke.Invokers$Holder.linkToTargetMethod(java.lang.Object, int, java.lang.Object)'> (0x00000000c4d8fba0) 
thrown [./open/src/hotspot/share/interpreter/linkResolver.cpp, line 766]

Events (20 events):
Event: 0.836 loading class sun/awt/image/BufImgVolatileSurfaceManager done
Event: 0.836 Executing VM operation: HandshakeOneThread
Event: 0.836 Executing VM operation: HandshakeOneThread done
Event: 0.837 Executing VM operation: G1TryInitiateConcMark
Event: 0.838 Executing VM operation: G1TryInitiateConcMark done
Event: 0.843 loading class sun/awt/image/BufImgSurfaceData
Event: 0.843 loading class sun/awt/image/BufImgSurfaceData done
Event: 0.843 loading class sun/awt/image/BufImgSurfaceData$ICMColorData
Event: 0.843 loading class sun/awt/image/BufImgSurfaceData$ICMColorData done
Event: 0.844 loading class sun/awt/image/BufferedImageDevice
Event: 0.845 loading class sun/awt/image/BufferedImageDevice done
Event: 0.846 Executing VM operation: HandshakeOneThread
Event: 0.846 Executing VM operation: HandshakeOneThread done
Event: 0.846 loading class sun/awt/WeakIdentityHashMap$WeakKey
Event: 0.847 loading class sun/awt/WeakIdentityHashMap$WeakKey done
Event: 0.849 loading class java/awt/event/MouseEvent$1
Event: 0.849 loading class sun/awt/AWTAccessor$MouseEventAccessor
Event: 0.849 loading class sun/awt/AWTAccessor$MouseEventAccessor done
Event: 0.849 loading class java/awt/event/MouseEvent$1 done
Event: 0.852 Executing VM operation: G1Concurrent


Dynamic libraries:
0x00007ff74fad0000 - 0x00007ff74fadf000 	C:\Program Files\Java\jdk-14.0.2\bin\java.exe
0x00007ffdc3260000 - 0x00007ffdc3450000 	C:\Windows\SYSTEM32\ntdll.dll
0x00007ffdc1320000 - 0x00007ffdc13d2000 	C:\Windows\System32\KERNEL32.DLL
0x00007ffdc0340000 - 0x00007ffdc05e2000 	C:\Windows\System32\KERNELBASE.dll
0x00007ffdc01f0000 - 0x00007ffdc02ea000 	C:\Windows\System32\ucrtbase.dll
0x00007ffdb9c40000 - 0x00007ffdb9c55000 	C:\Program Files\Java\jdk-14.0.2\bin\VCRUNTIME140.dll
0x00007ffdb1a30000 - 0x00007ffdb1a48000 	C:\Program Files\Java\jdk-14.0.2\bin\jli.dll
0x00007ffdc1be0000 - 0x00007ffdc1c83000 	C:\Windows\System32\ADVAPI32.dll
0x00007ffdc1a00000 - 0x00007ffdc1a9e000 	C:\Windows\System32\msvcrt.dll
0x00007ffdc25d0000 - 0x00007ffdc2667000 	C:\Windows\System32\sechost.dll
0x00007ffdc2320000 - 0x00007ffdc2440000 	C:\Windows\System32\RPCRT4.dll
0x00007ffdc1860000 - 0x00007ffdc19f3000 	C:\Windows\System32\USER32.dll
0x00007ffdc02f0000 - 0x00007ffdc0311000 	C:\Windows\System32\win32u.dll
0x00007ffdc1c90000 - 0x00007ffdc1cb6000 	C:\Windows\System32\GDI32.dll
0x00007ffdc1180000 - 0x00007ffdc1314000 	C:\Windows\System32\gdi32full.dll
0x00007ffdae240000 - 0x00007ffdae4c5000 	C:\Windows\WinSxS\amd64_microsoft.windows.common-controls_6595b64144ccf1df_6.0.18362.116_none_e6c4ac41130f2c3a\COMCTL32.dll
0x00007ffdc1440000 - 0x00007ffdc1776000 	C:\Windows\System32\combase.dll
0x00007ffdc10e0000 - 0x00007ffdc117e000 	C:\Windows\System32\msvcp_win.dll
0x00007ffdc05f0000 - 0x00007ffdc0671000 	C:\Windows\System32\bcryptPrimitives.dll
0x00007ffdadbd0000 - 0x00007ffdadbda000 	C:\Windows\SYSTEM32\VERSION.dll
0x00007ffdc1830000 - 0x00007ffdc185e000 	C:\Windows\System32\IMM32.DLL
0x00007ffda0630000 - 0x00007ffda06cb000 	C:\Program Files\Java\jdk-14.0.2\bin\msvcp140.dll
0x00007ffd743f0000 - 0x00007ffd74f0e000 	C:\Program Files\Java\jdk-14.0.2\bin\server\jvm.dll
0x00007ffdc22f0000 - 0x00007ffdc22f8000 	C:\Windows\System32\PSAPI.DLL
0x00007ffdbc6a0000 - 0x00007ffdbc6c4000 	C:\Windows\SYSTEM32\WINMM.dll
0x00007ffdbafd0000 - 0x00007ffdbafd9000 	C:\Windows\SYSTEM32\WSOCK32.dll
0x00007ffdbc670000 - 0x00007ffdbc69d000 	C:\Windows\SYSTEM32\WINMMBASE.dll
0x00007ffdc1f10000 - 0x00007ffdc1f7f000 	C:\Windows\System32\WS2_32.dll
0x00007ffdc0800000 - 0x00007ffdc084a000 	C:\Windows\System32\cfgmgr32.dll
0x00007ffdc0140000 - 0x00007ffdc0151000 	C:\Windows\System32\kernel.appcore.dll
0x00007ffdb90a0000 - 0x00007ffdb90aa000 	C:\Program Files\Java\jdk-14.0.2\bin\jimage.dll
0x00007ffdbeab0000 - 0x00007ffdbeca4000 	C:\Windows\SYSTEM32\DBGHELP.DLL
0x00007ffdaf860000 - 0x00007ffdaf88a000 	C:\Windows\SYSTEM32\dbgcore.DLL
0x00007ffdb3050000 - 0x00007ffdb3075000 	C:\Program Files\Java\jdk-14.0.2\bin\java.dll
0x00007ffdb3030000 - 0x00007ffdb3046000 	C:\Program Files\Java\jdk-14.0.2\bin\zip.dll
0x00007ffdc26d0000 - 0x00007ffdc2db0000 	C:\Windows\System32\SHELL32.dll
0x00007ffdc2450000 - 0x00007ffdc24f9000 	C:\Windows\System32\shcore.dll
0x00007ffdc0850000 - 0x00007ffdc0fca000 	C:\Windows\System32\windows.storage.dll
0x00007ffdc0160000 - 0x00007ffdc017f000 	C:\Windows\System32\profapi.dll
0x00007ffdc01a0000 - 0x00007ffdc01ea000 	C:\Windows\System32\powrprof.dll
0x00007ffdc0130000 - 0x00007ffdc0140000 	C:\Windows\System32\UMPDC.dll
0x00007ffdc13e0000 - 0x00007ffdc1432000 	C:\Windows\System32\shlwapi.dll
0x00007ffdc0320000 - 0x00007ffdc0337000 	C:\Windows\System32\cryptsp.dll
0x00007ffdb1990000 - 0x00007ffdb19a9000 	C:\Program Files\Java\jdk-14.0.2\bin\net.dll
0x00007ffdb57c0000 - 0x00007ffdb58af000 	C:\Windows\SYSTEM32\WINHTTP.dll
0x00007ffdbf940000 - 0x00007ffdbf9a7000 	C:\Windows\system32\mswsock.dll
0x00007ffdb1970000 - 0x00007ffdb1982000 	C:\Program Files\Java\jdk-14.0.2\bin\nio.dll
0x00007ffd86910000 - 0x00007ffd86aa9000 	C:\Program Files\Java\jdk-14.0.2\bin\awt.dll
0x00007ffdc1f80000 - 0x00007ffdc2044000 	C:\Windows\System32\OLEAUT32.dll
0x00007ffdbdbd0000 - 0x00007ffdbdc5f000 	C:\Windows\SYSTEM32\apphelp.dll
0x00007ffdbe0c0000 - 0x00007ffdbe159000 	C:\Windows\system32\uxtheme.dll
0x00007ffdc1aa0000 - 0x00007ffdc1bd7000 	C:\Windows\System32\MSCTF.dll
0x00007ffdc1d40000 - 0x00007ffdc1e96000 	C:\Windows\System32\ole32.dll
0x00007ffdbe240000 - 0x00007ffdbe26d000 	C:\Windows\system32\DWMAPI.DLL
0x00007ffda05a0000 - 0x00007ffda0622000 	C:\Program Files\Java\jdk-14.0.2\bin\freetype.dll
0x00007ffd9a130000 - 0x00007ffd9a1d6000 	C:\Program Files\Java\jdk-14.0.2\bin\fontmanager.dll
0x00007ffda02f0000 - 0x00007ffda043f000 	C:\Windows\system32\opengl32.dll
0x00007ffdb1940000 - 0x00007ffdb196c000 	C:\Windows\SYSTEM32\GLU32.dll
0x00007ffdbedf0000 - 0x00007ffdbee10000 	C:\Windows\SYSTEM32\dxcore.dll
0x00007ffdae7b0000 - 0x00007ffdae7dd000 	C:\Program Files\Java\jdk-14.0.2\bin\javajpeg.dll
0x00007ffdc1780000 - 0x00007ffdc1822000 	C:\Windows\System32\clbcatq.dll
0x00007ffdb9530000 - 0x00007ffdb96df000 	C:\Windows\SYSTEM32\WindowsCodecs.dll
0x00007ffdaf8d0000 - 0x00007ffdaf90a000 	C:\Windows\system32\dataexchange.dll
0x00007ffdbcd60000 - 0x00007ffdbcfbb000 	C:\Windows\system32\d3d11.dll
0x00007ffdbd470000 - 0x00007ffdbd64c000 	C:\Windows\system32\dcomp.dll
0x00007ffdbee80000 - 0x00007ffdbef6a000 	C:\Windows\system32\dxgi.dll
0x00007ffdbe270000 - 0x00007ffdbe4ca000 	C:\Windows\system32\twinapi.appcore.dll
0x00007ffdbe750000 - 0x00007ffdbe779000 	C:\Windows\system32\RMCLIENT.dll
0x00007ffdba860000 - 0x00007ffdba8fe000 	C:\Windows\System32\TextInputFramework.dll
0x00007ffdb9eb0000 - 0x00007ffdba1d9000 	C:\Windows\System32\CoreUIComponents.dll
0x00007ffdbd650000 - 0x00007ffdbd724000 	C:\Windows\System32\CoreMessaging.dll
0x00007ffdbf1e0000 - 0x00007ffdbf211000 	C:\Windows\SYSTEM32\ntmarta.dll
0x00007ffdbb930000 - 0x00007ffdbba83000 	C:\Windows\SYSTEM32\wintypes.dll

dbghelp: loaded successfully - version: 4.0.5 - missing functions: none
symbol engine: initialized successfully - sym options: 0x614 - pdb path: .;C:\Program Files\Java\jdk-14.0.2\bin;C:\Windows\SYSTEM32;C:\Windows\WinSxS\amd64_microsoft.windows.common-controls_6595b64144ccf1df_6.0.18362.116_none_e6c4ac41130f2c3a;C:\Program Files\Java\jdk-14.0.2\bin\server

VM Arguments:
jvm_args: -Dfile.encoding=UTF-8 --module-path=D:\Documents\NetBeansProjects\Covid Management\build\classes 
java_command: addNewPatientRecord
java_class_path (initial): C:\Program Files\NetBeans-12.5\netbeans\java\modules\ext\AbsoluteLayout.jar;F:\New folder\mysql-connector-java-8.0.26\mysql-connector-java-8.0.26.jar;D:\Documents\NetBeansProjects\Covid Management\build\classes
Launcher Type: SUN_STANDARD

[Global flags]
     intx CICompilerCount                          = 3                                         {product} {ergonomic}
     uint ConcGCThreads                            = 1                                         {product} {ergonomic}
     uint G1ConcRefinementThreads                  = 4                                         {product} {ergonomic}
   size_t G1HeapRegionSize                         = 1048576                                   {product} {ergonomic}
    uintx GCDrainStackTargetSize                   = 64                                        {product} {ergonomic}
   size_t InitialHeapSize                          = 67108864                                  {product} {ergonomic}
   size_t MarkStackSize                            = 4194304                                   {product} {ergonomic}
   size_t MaxHeapSize                              = 1048576000                                {product} {ergonomic}
   size_t MaxNewSize                               = 629145600                                 {product} {ergonomic}
   size_t MinHeapDeltaBytes                        = 1048576                                   {product} {ergonomic}
   size_t MinHeapSize                              = 8388608                                   {product} {ergonomic}
    uintx NonNMethodCodeHeapSize                   = 5832780                                {pd product} {ergonomic}
    uintx NonProfiledCodeHeapSize                  = 122912730                              {pd product} {ergonomic}
    uintx ProfiledCodeHeapSize                     = 122912730                              {pd product} {ergonomic}
    uintx ReservedCodeCacheSize                    = 251658240                              {pd product} {ergonomic}
     bool SegmentedCodeCache                       = true                                      {product} {ergonomic}
   size_t SoftMaxHeapSize                          = 1048576000                             {manageable} {ergonomic}
     bool UseCompressedClassPointers               = true                                 {lp64_product} {ergonomic}
     bool UseCompressedOops                        = true                                 {lp64_product} {ergonomic}
     bool UseG1GC                                  = true                                      {product} {ergonomic}
     bool UseLargePagesIndividualAllocation        = false                                  {pd product} {ergonomic}

Logging:
Log output configuration:
 #0: stdout all=warning uptime,level,tags
 #1: stderr all=off uptime,level,tags

Environment Variables:
PATH=C:\Program Files (x86)\Common Files\Oracle\Java\javapath;C:\Windows\system32;C:\Windows;C:\Windows\System32\Wbem;C:\Windows\System32\WindowsPowerShell\v1.0\;C:\Windows\System32\OpenSSH\;C:\Program Files\Microsoft SQL Server\Client SDK\ODBC\170\Tools\Binn\;C:\Program Files (x86)\Microsoft SQL Server\150\Tools\Binn\;C:\Program Files\Microsoft SQL Server\150\Tools\Binn\;C:\Program Files\Microsoft SQL Server\150\DTS\Binn\;C:\Program Files (x86)\Microsoft SQL Server\150\DTS\Binn\;C:\Program Files\Azure Data Studio\bin;C:\Program Files\nodejs\;C:\Program Files\Git\cmd;C:\Users\Admin\AppData\Local\Programs\Python\Python310\Scripts\;C:\Users\Admin\AppData\Local\Programs\Python\Python310\;C:\Users\Admin\AppData\Local\Microsoft\WindowsApps;;C:\Users\Admin\AppData\Local\Programs\Microsoft VS Code\bin;C:\Program Files\Azure Data Studio\bin;C:\Users\Admin\AppData\Roaming\npm;F:\Python\PyCharm Community Edition 2021.2.2\bin;
USERNAME=Admin
OS=Windows_NT
PROCESSOR_IDENTIFIER=Intel64 Family 6 Model 142 Stepping 9, GenuineIntel



---------------  S Y S T E M  ---------------

OS: Windows 10 , 64 bit Build 18362 (10.0.18362.86)
OS uptime: 4 days 4:12 hours

CPU:total 4 (initial active 4) (2 cores per cpu, 2 threads per core) family 6 model 142 stepping 9, cmov, cx8, fxsr, mmx, sse, sse2, sse3, ssse3, sse4.1, sse4.2, popcnt, avx, avx2, aes, clmul, erms, 3dnowpref, lzcnt, ht, tsc, tscinvbit, bmi1, bmi2, adx, fma

Memory: 4k page, system-wide physical 3994M (477M free)
TotalPageFile size 6784M (AvailPageFile size 9M)
current process WorkingSet (physical memory assigned to process): 118M, peak: 118M
current process commit charge ("private bytes"): 158M, peak: 170M

vm_info: Java HotSpot(TM) 64-Bit Server VM (14.0.2+12-46) for windows-amd64 JRE (14.0.2+12-46), built on Jul  9 2020 00:35:52 by "mach5one" with MS VC++ 15.9 (VS2017)

END.
