#
# There is insufficient memory for the Java Runtime Environment to continue.
# Native memory allocation (mmap) failed to map 14680064 bytes for Failed to commit area from 0x00000000ccc00000 to 0x00000000cda00000 of length 14680064.
# Possible reasons:
#   The system is out of physical RAM or swap space
#   The process is running with CompressedOops enabled, and the Java Heap may be blocking the growth of the native heap
# Possible solutions:
#   Reduce memory load on the system
#   Increase physical memory or swap space
#   Check if swap backing store is full
#   Decrease Java heap size (-Xmx/-Xms)
#   Decrease number of Java threads
#   Decrease Java thread stack sizes (-Xss)
#   Set larger code cache with -XX:ReservedCodeCacheSize=
#   JVM is running with Unscaled Compressed Oops mode in which the Java heap is
#     placed in the first 4GB address space. The Java Heap base address is the
#     maximum limit for the native heap growth. Please use -XX:HeapBaseMinAddress
#     to set the Java Heap base and to place the Java Heap above 4GB virtual address.
# This output file may be truncated or incomplete.
#
#  Out of Memory Error (./open/src/hotspot/os/windows/os_windows.cpp:3315), pid=10312, tid=10316
#
# JRE version: Java(TM) SE Runtime Environment (14.0.2+12) (build 14.0.2+12-46)
# Java VM: Java HotSpot(TM) 64-Bit Server VM (14.0.2+12-46, mixed mode, sharing, tiered, compressed oops, g1 gc, windows-amd64)
# No core dump will be written. Minidumps are not enabled by default on client versions of Windows
#

---------------  S U M M A R Y ------------

Command Line: -Dfile.encoding=UTF-8 --module-path=D:\Documents\NetBeansProjects\Covid Management\build\classes home

Host: Intel(R) Core(TM) i5-7200U CPU @ 2.50GHz, 4 cores, 3G,  Windows 10 , 64 bit Build 18362 (10.0.18362.86)
Time: Wed Dec  1 14:52:00 2021 SE Asia Standard Time elapsed time: 1 seconds (0d 0h 0m 1s)

---------------  T H R E A D  ---------------

Current thread (0x000002165cbf2800):  VMThread "VM Thread" [stack: 0x00000036a5200000,0x00000036a5300000] [id=10316]

Stack: [0x00000036a5200000,0x00000036a5300000]
[error occurred during error reporting (printing stack bounds), id 0xc0000005, EXCEPTION_ACCESS_VIOLATION (0xc0000005) at pc=0x0000021648b110ad]

Native frames: (J=compiled Java code, j=interpreted, Vv=VM code, C=native code)
V  [jvm.dll+0x5f8a9a]
V  [jvm.dll+0x74247a]
V  [jvm.dll+0x743c2f]
V  [jvm.dll+0x7441d5]
V  [jvm.dll+0x74418b]
V  [jvm.dll+0x5f7f6f]
V  [jvm.dll+0x5f8738]
C  [ntdll.dll+0xa119f]
C  [ntdll.dll+0x6a229]
C  [ntdll.dll+0x9fe0e]
C  0x0000021648b110ad

VM_Operation (0x00000036a4eff700): G1Concurrent, mode: safepoint, requested by thread 0x000002163eb86000


---------------  P R O C E S S  ---------------

Threads class SMR info:
_java_thread_list=0x000002165dbcff40, length=16, elements={
0x000002165cbfb800, 0x000002165cbfd000, 0x000002165cc15000, 0x000002165cc18800,
0x000002165cc1a000, 0x000002165cc22000, 0x000002165cc24000, 0x000002165cc2a000,
0x000002165d63f800, 0x000002165d640000, 0x000002165d641000, 0x000002165d63c000,
0x000002165d642000, 0x000002165d63d800, 0x000002165d642800, 0x000002165d63d000
}

Java Threads: ( => current thread )
  0x000002165cbfb800 JavaThread "Reference Handler" daemon [_thread_blocked, id=10624, stack(0x00000036a5300000,0x00000036a5400000)]
  0x000002165cbfd000 JavaThread "Finalizer" daemon [_thread_blocked, id=10584, stack(0x00000036a5400000,0x00000036a5500000)]
  0x000002165cc15000 JavaThread "Signal Dispatcher" daemon [_thread_blocked, id=10828, stack(0x00000036a5500000,0x00000036a5600000)]
  0x000002165cc18800 JavaThread "Attach Listener" daemon [_thread_blocked, id=3688, stack(0x00000036a5600000,0x00000036a5700000)]
  0x000002165cc1a000 JavaThread "Service Thread" daemon [_thread_blocked, id=9116, stack(0x00000036a5700000,0x00000036a5800000)]
  0x000002165cc22000 JavaThread "C2 CompilerThread0" daemon [_thread_blocked, id=4656, stack(0x00000036a5800000,0x00000036a5900000)]
  0x000002165cc24000 JavaThread "C1 CompilerThread0" daemon [_thread_blocked, id=11104, stack(0x00000036a5900000,0x00000036a5a00000)]
  0x000002165cc2a000 JavaThread "Sweeper thread" daemon [_thread_blocked, id=11908, stack(0x00000036a5a00000,0x00000036a5b00000)]
  0x000002165d63f800 JavaThread "Common-Cleaner" daemon [_thread_blocked, id=9068, stack(0x00000036a5b00000,0x00000036a5c00000)]
  0x000002165d640000 JavaThread "Notification Thread" daemon [_thread_blocked, id=9612, stack(0x00000036a5d00000,0x00000036a5e00000)]
  0x000002165d641000 JavaThread "Java2D Disposer" daemon [_thread_blocked, id=8684, stack(0x00000036a5f00000,0x00000036a6000000)]
  0x000002165d63c000 JavaThread "AWT-Shutdown" [_thread_blocked, id=11684, stack(0x00000036a6000000,0x00000036a6100000)]
  0x000002165d642000 JavaThread "AWT-Windows" daemon [_thread_blocked, id=1144, stack(0x00000036a6100000,0x00000036a6200000)]
  0x000002165d63d800 JavaThread "AWT-EventQueue-0" [_thread_blocked, id=10172, stack(0x00000036a5c00000,0x00000036a5d00000)]
  0x000002165d642800 JavaThread "DestroyJavaVM" [_thread_blocked, id=12112, stack(0x00000036a4c00000,0x00000036a4d00000)]
  0x000002165d63d000 JavaThread "Image Fetcher 0" daemon [_thread_blocked, id=1044, stack(0x00000036a6200000,0x00000036a6300000)]

Other Threads:
=>0x000002165cbf2800 VMThread "VM Thread" [stack: 0x00000036a5200000,0x00000036a5300000] [id=10316]
  0x000002165d6dd800 WatcherThread [stack: 0x00000036a5e00000,0x00000036a5f00000] [id=6124]
  0x000002163eb7c800 GCTaskThread "GC Thread#0" [stack: 0x00000036a4d00000,0x00000036a4e00000] [id=3380]
  0x000002165dbad000 GCTaskThread "GC Thread#1" [stack: 0x00000036a6300000,0x00000036a6400000] [id=9348]
  0x000002165dc0c000 GCTaskThread "GC Thread#2" [stack: 0x00000036a6400000,0x00000036a6500000] [id=6704]
  0x000002165dc0c800 GCTaskThread "GC Thread#3" [stack: 0x00000036a6500000,0x00000036a6600000] [id=7692]
  0x000002163eb86000 ConcurrentGCThread "G1 Main Marker" [stack: 0x00000036a4e00000,0x00000036a4f00000] [id=10452]
  0x000002163eb88800 ConcurrentGCThread "G1 Conc#0" [stack: 0x00000036a4f00000,0x00000036a5000000] [id=1684]
  0x000002163ebde800 ConcurrentGCThread "G1 Refine#0" [stack: 0x00000036a5000000,0x00000036a5100000] [id=10856]
  0x000002165dde7800 ConcurrentGCThread "G1 Refine#1" [stack: 0x00000036a6600000,0x00000036a6700000] [id=3416]
  0x000002163ebdf800 ConcurrentGCThread "G1 Young RemSet Sampling" [stack: 0x00000036a5100000,0x00000036a5200000] [id=9220]

Threads with active compile tasks:
C1 CompilerThread0     2056 1050       3       java.awt.geom.Rectangle2D$Float::getX (6 bytes)

VM state:at safepoint (normal execution)

VM Mutex/Monitor currently owned by a thread:  ([mutex/lock_event])
[0x000002163eb48a30] Threads_lock - owner thread: 0x000002165cbf2800
[0x000002163eb497b0] Heap_lock - owner thread: 0x000002163eb86000

Heap address: 0x00000000c1800000, size: 1000 MB, Compressed Oops mode: 32-bit
Narrow klass base: 0x0000000800000000, Narrow klass shift: 3
Compressed class space size: 1073741824 Address: 0x0000000800b30000

Heap:
 garbage-first heap   total 198656K, used 117240K [0x00000000c1800000, 0x0000000100000000)
  region size 1024K, 2 young (2048K), 1 survivors (1024K)
 Metaspace       used 9561K, capacity 9841K, committed 9984K, reserved 1058816K
  class space    used 1122K, capacity 1246K, committed 1280K, reserved 1048576K
Heap Regions: E=young(eden), S=young(survivor), O=old, HS=humongous(starts), HC=humongous(continues), CS=collection set, F=free, OA=open archive, CA=closed archive, TAMS=top-at-mark-start (previous, next)
|   0|0x00000000c1800000, 0x00000000c1800000, 0x00000000c1900000|  0%| F|  |TAMS 0x00000000c1800000, 0x00000000c1800000| Untracked 
|   1|0x00000000c1900000, 0x00000000c1900000, 0x00000000c1a00000|  0%| F|  |TAMS 0x00000000c1900000, 0x00000000c1900000| Untracked 
|   2|0x00000000c1a00000, 0x00000000c1a00000, 0x00000000c1b00000|  0%| F|  |TAMS 0x00000000c1a00000, 0x00000000c1a00000| Untracked 
|   3|0x00000000c1b00000, 0x00000000c1c00000, 0x00000000c1c00000|100%| O|  |TAMS 0x00000000c1c00000, 0x00000000c1b00000| Updating 
|   4|0x00000000c1c00000, 0x00000000c1d00000, 0x00000000c1d00000|100%| O|  |TAMS 0x00000000c1d00000, 0x00000000c1c00000| Updating 
|   5|0x00000000c1d00000, 0x00000000c1dee600, 0x00000000c1e00000| 93%| O|  |TAMS 0x00000000c1dee600, 0x00000000c1d00000| Updating 
|   6|0x00000000c1e00000, 0x00000000c1f00000, 0x00000000c1f00000|100%|HS|  |TAMS 0x00000000c1f00000, 0x00000000c1e00000| Complete 
|   7|0x00000000c1f00000, 0x00000000c2000000, 0x00000000c2000000|100%|HC|  |TAMS 0x00000000c2000000, 0x00000000c1f00000| Complete 
|   8|0x00000000c2000000, 0x00000000c2100000, 0x00000000c2100000|100%|HC|  |TAMS 0x00000000c2100000, 0x00000000c2000000| Complete 
|   9|0x00000000c2100000, 0x00000000c2200000, 0x00000000c2200000|100%|HC|  |TAMS 0x00000000c2200000, 0x00000000c2100000| Complete 
|  10|0x00000000c2200000, 0x00000000c2300000, 0x00000000c2300000|100%|HC|  |TAMS 0x00000000c2300000, 0x00000000c2200000| Complete 
|  11|0x00000000c2300000, 0x00000000c2400000, 0x00000000c2400000|100%|HC|  |TAMS 0x00000000c2400000, 0x00000000c2300000| Complete 
|  12|0x00000000c2400000, 0x00000000c2500000, 0x00000000c2500000|100%|HC|  |TAMS 0x00000000c2500000, 0x00000000c2400000| Complete 
|  13|0x00000000c2500000, 0x00000000c2600000, 0x00000000c2600000|100%|HC|  |TAMS 0x00000000c2600000, 0x00000000c2500000| Complete 
|  14|0x00000000c2600000, 0x00000000c2700000, 0x00000000c2700000|100%|HS|  |TAMS 0x00000000c2600000, 0x00000000c2600000| Complete 
|  15|0x00000000c2700000, 0x00000000c2800000, 0x00000000c2800000|100%|HC|  |TAMS 0x00000000c2700000, 0x00000000c2700000| Complete 
|  16|0x00000000c2800000, 0x00000000c2900000, 0x00000000c2900000|100%|HC|  |TAMS 0x00000000c2800000, 0x00000000c2800000| Complete 
|  17|0x00000000c2900000, 0x00000000c2a00000, 0x00000000c2a00000|100%|HC|  |TAMS 0x00000000c2900000, 0x00000000c2900000| Complete 
|  18|0x00000000c2a00000, 0x00000000c2b00000, 0x00000000c2b00000|100%|HC|  |TAMS 0x00000000c2a00000, 0x00000000c2a00000| Complete 
|  19|0x00000000c2b00000, 0x00000000c2c00000, 0x00000000c2c00000|100%|HC|  |TAMS 0x00000000c2b00000, 0x00000000c2b00000| Complete 
|  20|0x00000000c2c00000, 0x00000000c2d00000, 0x00000000c2d00000|100%|HC|  |TAMS 0x00000000c2c00000, 0x00000000c2c00000| Complete 
|  21|0x00000000c2d00000, 0x00000000c2e00000, 0x00000000c2e00000|100%|HC|  |TAMS 0x00000000c2d00000, 0x00000000c2d00000| Complete 
|  22|0x00000000c2e00000, 0x00000000c2e00000, 0x00000000c2f00000|  0%| F|  |TAMS 0x00000000c2e00000, 0x00000000c2e00000| Untracked 
|  23|0x00000000c2f00000, 0x00000000c2f00000, 0x00000000c3000000|  0%| F|  |TAMS 0x00000000c2f00000, 0x00000000c2f00000| Untracked 
|  24|0x00000000c3000000, 0x00000000c3000000, 0x00000000c3100000|  0%| F|  |TAMS 0x00000000c3000000, 0x00000000c3000000| Untracked 
|  25|0x00000000c3100000, 0x00000000c3100000, 0x00000000c3200000|  0%| F|  |TAMS 0x00000000c3100000, 0x00000000c3100000| Untracked 
|  26|0x00000000c3200000, 0x00000000c3200000, 0x00000000c3300000|  0%| F|  |TAMS 0x00000000c3200000, 0x00000000c3200000| Untracked 
|  27|0x00000000c3300000, 0x00000000c3300000, 0x00000000c3400000|  0%| F|  |TAMS 0x00000000c3300000, 0x00000000c3300000| Untracked 
|  28|0x00000000c3400000, 0x00000000c3400000, 0x00000000c3500000|  0%| F|  |TAMS 0x00000000c3400000, 0x00000000c3400000| Untracked 
|  29|0x00000000c3500000, 0x00000000c3500000, 0x00000000c3600000|  0%| F|  |TAMS 0x00000000c3500000, 0x00000000c3500000| Untracked 
|  30|0x00000000c3600000, 0x00000000c3600000, 0x00000000c3700000|  0%| F|  |TAMS 0x00000000c3600000, 0x00000000c3600000| Untracked 
|  31|0x00000000c3700000, 0x00000000c3700000, 0x00000000c3800000|  0%| F|  |TAMS 0x00000000c3700000, 0x00000000c3700000| Untracked 
|  32|0x00000000c3800000, 0x00000000c3800000, 0x00000000c3900000|  0%| F|  |TAMS 0x00000000c3800000, 0x00000000c3800000| Untracked 
|  33|0x00000000c3900000, 0x00000000c3900000, 0x00000000c3a00000|  0%| F|  |TAMS 0x00000000c3900000, 0x00000000c3900000| Untracked 
|  34|0x00000000c3a00000, 0x00000000c3a00000, 0x00000000c3b00000|  0%| F|  |TAMS 0x00000000c3a00000, 0x00000000c3a00000| Untracked 
|  35|0x00000000c3b00000, 0x00000000c3b00000, 0x00000000c3c00000|  0%| F|  |TAMS 0x00000000c3b00000, 0x00000000c3b00000| Untracked 
|  36|0x00000000c3c00000, 0x00000000c3c00000, 0x00000000c3d00000|  0%| F|  |TAMS 0x00000000c3c00000, 0x00000000c3c00000| Untracked 
|  37|0x00000000c3d00000, 0x00000000c3d00000, 0x00000000c3e00000|  0%| F|  |TAMS 0x00000000c3d00000, 0x00000000c3d00000| Untracked 
|  38|0x00000000c3e00000, 0x00000000c3e00000, 0x00000000c3f00000|  0%| F|  |TAMS 0x00000000c3e00000, 0x00000000c3e00000| Untracked 
|  39|0x00000000c3f00000, 0x00000000c3f00000, 0x00000000c4000000|  0%| F|  |TAMS 0x00000000c3f00000, 0x00000000c3f00000| Untracked 
|  40|0x00000000c4000000, 0x00000000c4000000, 0x00000000c4100000|  0%| F|  |TAMS 0x00000000c4000000, 0x00000000c4000000| Untracked 
|  41|0x00000000c4100000, 0x00000000c4100000, 0x00000000c4200000|  0%| F|  |TAMS 0x00000000c4100000, 0x00000000c4100000| Untracked 
|  42|0x00000000c4200000, 0x00000000c4200000, 0x00000000c4300000|  0%| F|  |TAMS 0x00000000c4200000, 0x00000000c4200000| Untracked 
|  43|0x00000000c4300000, 0x00000000c4300000, 0x00000000c4400000|  0%| F|  |TAMS 0x00000000c4300000, 0x00000000c4300000| Untracked 
|  44|0x00000000c4400000, 0x00000000c4400000, 0x00000000c4500000|  0%| F|  |TAMS 0x00000000c4400000, 0x00000000c4400000| Untracked 
|  45|0x00000000c4500000, 0x00000000c4500000, 0x00000000c4600000|  0%| F|  |TAMS 0x00000000c4500000, 0x00000000c4500000| Untracked 
|  46|0x00000000c4600000, 0x00000000c4600000, 0x00000000c4700000|  0%| F|  |TAMS 0x00000000c4600000, 0x00000000c4600000| Untracked 
|  47|0x00000000c4700000, 0x00000000c4700000, 0x00000000c4800000|  0%| F|  |TAMS 0x00000000c4700000, 0x00000000c4700000| Untracked 
|  48|0x00000000c4800000, 0x00000000c4800000, 0x00000000c4900000|  0%| F|  |TAMS 0x00000000c4800000, 0x00000000c4800000| Untracked 
|  49|0x00000000c4900000, 0x00000000c4900000, 0x00000000c4a00000|  0%| F|  |TAMS 0x00000000c4900000, 0x00000000c4900000| Untracked 
|  50|0x00000000c4a00000, 0x00000000c4a00000, 0x00000000c4b00000|  0%| F|  |TAMS 0x00000000c4a00000, 0x00000000c4a00000| Untracked 
|  51|0x00000000c4b00000, 0x00000000c4b00000, 0x00000000c4c00000|  0%| F|  |TAMS 0x00000000c4b00000, 0x00000000c4b00000| Untracked 
|  52|0x00000000c4c00000, 0x00000000c4c00000, 0x00000000c4d00000|  0%| F|  |TAMS 0x00000000c4c00000, 0x00000000c4c00000| Untracked 
|  53|0x00000000c4d00000, 0x00000000c4d00000, 0x00000000c4e00000|  0%| F|  |TAMS 0x00000000c4d00000, 0x00000000c4d00000| Untracked 
|  54|0x00000000c4e00000, 0x00000000c4e00000, 0x00000000c4f00000|  0%| F|  |TAMS 0x00000000c4e00000, 0x00000000c4e00000| Untracked 
|  55|0x00000000c4f00000, 0x00000000c4f00000, 0x00000000c5000000|  0%| F|  |TAMS 0x00000000c4f00000, 0x00000000c4f00000| Untracked 
|  56|0x00000000c5000000, 0x00000000c5100000, 0x00000000c5100000|100%|HS|  |TAMS 0x00000000c5100000, 0x00000000c5000000| Complete 
|  57|0x00000000c5100000, 0x00000000c5200000, 0x00000000c5200000|100%|HC|  |TAMS 0x00000000c5200000, 0x00000000c5100000| Complete 
|  58|0x00000000c5200000, 0x00000000c5300000, 0x00000000c5300000|100%|HC|  |TAMS 0x00000000c5300000, 0x00000000c5200000| Complete 
|  59|0x00000000c5300000, 0x00000000c5400000, 0x00000000c5400000|100%|HC|  |TAMS 0x00000000c5400000, 0x00000000c5300000| Complete 
|  60|0x00000000c5400000, 0x00000000c5500000, 0x00000000c5500000|100%|HC|  |TAMS 0x00000000c5500000, 0x00000000c5400000| Complete 
|  61|0x00000000c5500000, 0x00000000c5600000, 0x00000000c5600000|100%|HC|  |TAMS 0x00000000c5600000, 0x00000000c5500000| Complete 
|  62|0x00000000c5600000, 0x00000000c5700000, 0x00000000c5700000|100%|HC|  |TAMS 0x00000000c5700000, 0x00000000c5600000| Complete 
|  63|0x00000000c5700000, 0x00000000c5800000, 0x00000000c5800000|100%|HC|  |TAMS 0x00000000c5800000, 0x00000000c5700000| Complete 
|  64|0x00000000c5800000, 0x00000000c5900000, 0x00000000c5900000|100%|HC|  |TAMS 0x00000000c5900000, 0x00000000c5800000| Complete 
|  65|0x00000000c5900000, 0x00000000c5a00000, 0x00000000c5a00000|100%|HC|  |TAMS 0x00000000c5a00000, 0x00000000c5900000| Complete 
|  66|0x00000000c5a00000, 0x00000000c5b00000, 0x00000000c5b00000|100%|HC|  |TAMS 0x00000000c5b00000, 0x00000000c5a00000| Complete 
|  67|0x00000000c5b00000, 0x00000000c5c00000, 0x00000000c5c00000|100%|HC|  |TAMS 0x00000000c5c00000, 0x00000000c5b00000| Complete 
|  68|0x00000000c5c00000, 0x00000000c5d00000, 0x00000000c5d00000|100%|HC|  |TAMS 0x00000000c5d00000, 0x00000000c5c00000| Complete 
|  69|0x00000000c5d00000, 0x00000000c5e00000, 0x00000000c5e00000|100%|HC|  |TAMS 0x00000000c5e00000, 0x00000000c5d00000| Complete 
|  70|0x00000000c5e00000, 0x00000000c5f00000, 0x00000000c5f00000|100%|HC|  |TAMS 0x00000000c5f00000, 0x00000000c5e00000| Complete 
|  71|0x00000000c5f00000, 0x00000000c6000000, 0x00000000c6000000|100%|HC|  |TAMS 0x00000000c6000000, 0x00000000c5f00000| Complete 
|  72|0x00000000c6000000, 0x00000000c6100000, 0x00000000c6100000|100%|HC|  |TAMS 0x00000000c6100000, 0x00000000c6000000| Complete 
|  73|0x00000000c6100000, 0x00000000c6200000, 0x00000000c6200000|100%|HC|  |TAMS 0x00000000c6200000, 0x00000000c6100000| Complete 
|  74|0x00000000c6200000, 0x00000000c6300000, 0x00000000c6300000|100%|HC|  |TAMS 0x00000000c6300000, 0x00000000c6200000| Complete 
|  75|0x00000000c6300000, 0x00000000c6400000, 0x00000000c6400000|100%|HC|  |TAMS 0x00000000c6400000, 0x00000000c6300000| Complete 
|  76|0x00000000c6400000, 0x00000000c6500000, 0x00000000c6500000|100%|HC|  |TAMS 0x00000000c6500000, 0x00000000c6400000| Complete 
|  77|0x00000000c6500000, 0x00000000c6600000, 0x00000000c6600000|100%|HC|  |TAMS 0x00000000c6600000, 0x00000000c6500000| Complete 
|  78|0x00000000c6600000, 0x00000000c6700000, 0x00000000c6700000|100%|HC|  |TAMS 0x00000000c6700000, 0x00000000c6600000| Complete 
|  79|0x00000000c6700000, 0x00000000c6800000, 0x00000000c6800000|100%|HC|  |TAMS 0x00000000c6800000, 0x00000000c6700000| Complete 
|  80|0x00000000c6800000, 0x00000000c6900000, 0x00000000c6900000|100%|HC|  |TAMS 0x00000000c6900000, 0x00000000c6800000| Complete 
|  81|0x00000000c6900000, 0x00000000c6a00000, 0x00000000c6a00000|100%|HC|  |TAMS 0x00000000c6a00000, 0x00000000c6900000| Complete 
|  82|0x00000000c6a00000, 0x00000000c6b00000, 0x00000000c6b00000|100%|HC|  |TAMS 0x00000000c6b00000, 0x00000000c6a00000| Complete 
|  83|0x00000000c6b00000, 0x00000000c6c00000, 0x00000000c6c00000|100%|HC|  |TAMS 0x00000000c6c00000, 0x00000000c6b00000| Complete 
|  84|0x00000000c6c00000, 0x00000000c6d00000, 0x00000000c6d00000|100%|HC|  |TAMS 0x00000000c6d00000, 0x00000000c6c00000| Complete 
|  85|0x00000000c6d00000, 0x00000000c6e00000, 0x00000000c6e00000|100%|HC|  |TAMS 0x00000000c6e00000, 0x00000000c6d00000| Complete 
|  86|0x00000000c6e00000, 0x00000000c6f00000, 0x00000000c6f00000|100%|HC|  |TAMS 0x00000000c6f00000, 0x00000000c6e00000| Complete 
|  87|0x00000000c6f00000, 0x00000000c7000000, 0x00000000c7000000|100%|HC|  |TAMS 0x00000000c7000000, 0x00000000c6f00000| Complete 
|  88|0x00000000c7000000, 0x00000000c7100000, 0x00000000c7100000|100%|HC|  |TAMS 0x00000000c7100000, 0x00000000c7000000| Complete 
|  89|0x00000000c7100000, 0x00000000c7200000, 0x00000000c7200000|100%|HC|  |TAMS 0x00000000c7200000, 0x00000000c7100000| Complete 
|  90|0x00000000c7200000, 0x00000000c7300000, 0x00000000c7300000|100%|HC|  |TAMS 0x00000000c7300000, 0x00000000c7200000| Complete 
|  91|0x00000000c7300000, 0x00000000c7400000, 0x00000000c7400000|100%|HC|  |TAMS 0x00000000c7400000, 0x00000000c7300000| Complete 
|  92|0x00000000c7400000, 0x00000000c7500000, 0x00000000c7500000|100%|HC|  |TAMS 0x00000000c7500000, 0x00000000c7400000| Complete 
|  93|0x00000000c7500000, 0x00000000c7600000, 0x00000000c7600000|100%|HC|  |TAMS 0x00000000c7600000, 0x00000000c7500000| Complete 
|  94|0x00000000c7600000, 0x00000000c7700000, 0x00000000c7700000|100%|HC|  |TAMS 0x00000000c7700000, 0x00000000c7600000| Complete 
|  95|0x00000000c7700000, 0x00000000c7800000, 0x00000000c7800000|100%|HC|  |TAMS 0x00000000c7800000, 0x00000000c7700000| Complete 
|  96|0x00000000c7800000, 0x00000000c7900000, 0x00000000c7900000|100%|HC|  |TAMS 0x00000000c7900000, 0x00000000c7800000| Complete 
|  97|0x00000000c7900000, 0x00000000c7a00000, 0x00000000c7a00000|100%|HC|  |TAMS 0x00000000c7a00000, 0x00000000c7900000| Complete 
|  98|0x00000000c7a00000, 0x00000000c7b00000, 0x00000000c7b00000|100%|HC|  |TAMS 0x00000000c7b00000, 0x00000000c7a00000| Complete 
|  99|0x00000000c7b00000, 0x00000000c7c00000, 0x00000000c7c00000|100%|HC|  |TAMS 0x00000000c7c00000, 0x00000000c7b00000| Complete 
| 100|0x00000000c7c00000, 0x00000000c7d00000, 0x00000000c7d00000|100%|HC|  |TAMS 0x00000000c7d00000, 0x00000000c7c00000| Complete 
| 101|0x00000000c7d00000, 0x00000000c7e00000, 0x00000000c7e00000|100%|HC|  |TAMS 0x00000000c7e00000, 0x00000000c7d00000| Complete 
| 102|0x00000000c7e00000, 0x00000000c7f00000, 0x00000000c7f00000|100%|HC|  |TAMS 0x00000000c7f00000, 0x00000000c7e00000| Complete 
| 103|0x00000000c7f00000, 0x00000000c8000000, 0x00000000c8000000|100%|HC|  |TAMS 0x00000000c8000000, 0x00000000c7f00000| Complete 
| 104|0x00000000c8000000, 0x00000000c8100000, 0x00000000c8100000|100%|HC|  |TAMS 0x00000000c8100000, 0x00000000c8000000| Complete 
| 105|0x00000000c8100000, 0x00000000c8200000, 0x00000000c8200000|100%|HC|  |TAMS 0x00000000c8200000, 0x00000000c8100000| Complete 
| 106|0x00000000c8200000, 0x00000000c8300000, 0x00000000c8300000|100%|HC|  |TAMS 0x00000000c8300000, 0x00000000c8200000| Complete 
| 107|0x00000000c8300000, 0x00000000c8400000, 0x00000000c8400000|100%|HC|  |TAMS 0x00000000c8400000, 0x00000000c8300000| Complete 
| 108|0x00000000c8400000, 0x00000000c8500000, 0x00000000c8500000|100%|HC|  |TAMS 0x00000000c8500000, 0x00000000c8400000| Complete 
| 109|0x00000000c8500000, 0x00000000c8600000, 0x00000000c8600000|100%|HC|  |TAMS 0x00000000c8600000, 0x00000000c8500000| Complete 
| 110|0x00000000c8600000, 0x00000000c8700000, 0x00000000c8700000|100%|HC|  |TAMS 0x00000000c8700000, 0x00000000c8600000| Complete 
| 111|0x00000000c8700000, 0x00000000c8800000, 0x00000000c8800000|100%|HC|  |TAMS 0x00000000c8800000, 0x00000000c8700000| Complete 
| 112|0x00000000c8800000, 0x00000000c8900000, 0x00000000c8900000|100%|HC|  |TAMS 0x00000000c8900000, 0x00000000c8800000| Complete 
| 113|0x00000000c8900000, 0x00000000c8a00000, 0x00000000c8a00000|100%|HC|  |TAMS 0x00000000c8a00000, 0x00000000c8900000| Complete 
| 114|0x00000000c8a00000, 0x00000000c8b00000, 0x00000000c8b00000|100%|HC|  |TAMS 0x00000000c8b00000, 0x00000000c8a00000| Complete 
| 115|0x00000000c8b00000, 0x00000000c8c00000, 0x00000000c8c00000|100%|HC|  |TAMS 0x00000000c8c00000, 0x00000000c8b00000| Complete 
| 116|0x00000000c8c00000, 0x00000000c8d00000, 0x00000000c8d00000|100%|HC|  |TAMS 0x00000000c8d00000, 0x00000000c8c00000| Complete 
| 117|0x00000000c8d00000, 0x00000000c8e00000, 0x00000000c8e00000|100%|HC|  |TAMS 0x00000000c8e00000, 0x00000000c8d00000| Complete 
| 118|0x00000000c8e00000, 0x00000000c8f00000, 0x00000000c8f00000|100%|HC|  |TAMS 0x00000000c8f00000, 0x00000000c8e00000| Complete 
| 119|0x00000000c8f00000, 0x00000000c9000000, 0x00000000c9000000|100%|HC|  |TAMS 0x00000000c9000000, 0x00000000c8f00000| Complete 
| 120|0x00000000c9000000, 0x00000000c9100000, 0x00000000c9100000|100%|HC|  |TAMS 0x00000000c9100000, 0x00000000c9000000| Complete 
| 121|0x00000000c9100000, 0x00000000c9200000, 0x00000000c9200000|100%|HC|  |TAMS 0x00000000c9200000, 0x00000000c9100000| Complete 
| 122|0x00000000c9200000, 0x00000000c9300000, 0x00000000c9300000|100%|HC|  |TAMS 0x00000000c9300000, 0x00000000c9200000| Complete 
| 123|0x00000000c9300000, 0x00000000c9400000, 0x00000000c9400000|100%|HC|  |TAMS 0x00000000c9400000, 0x00000000c9300000| Complete 
| 124|0x00000000c9400000, 0x00000000c9500000, 0x00000000c9500000|100%|HC|  |TAMS 0x00000000c9500000, 0x00000000c9400000| Complete 
| 125|0x00000000c9500000, 0x00000000c9600000, 0x00000000c9600000|100%|HC|  |TAMS 0x00000000c9600000, 0x00000000c9500000| Complete 
| 126|0x00000000c9600000, 0x00000000c9700000, 0x00000000c9700000|100%|HC|  |TAMS 0x00000000c9700000, 0x00000000c9600000| Complete 
| 127|0x00000000c9700000, 0x00000000c9800000, 0x00000000c9800000|100%|HC|  |TAMS 0x00000000c9800000, 0x00000000c9700000| Complete 
| 128|0x00000000c9800000, 0x00000000c9900000, 0x00000000c9900000|100%|HC|  |TAMS 0x00000000c9900000, 0x00000000c9800000| Complete 
| 129|0x00000000c9900000, 0x00000000c9a00000, 0x00000000c9a00000|100%|HC|  |TAMS 0x00000000c9a00000, 0x00000000c9900000| Complete 
| 130|0x00000000c9a00000, 0x00000000c9b00000, 0x00000000c9b00000|100%|HC|  |TAMS 0x00000000c9b00000, 0x00000000c9a00000| Complete 
| 131|0x00000000c9b00000, 0x00000000c9c00000, 0x00000000c9c00000|100%|HC|  |TAMS 0x00000000c9c00000, 0x00000000c9b00000| Complete 
| 132|0x00000000c9c00000, 0x00000000c9d00000, 0x00000000c9d00000|100%|HC|  |TAMS 0x00000000c9d00000, 0x00000000c9c00000| Complete 
| 133|0x00000000c9d00000, 0x00000000c9e00000, 0x00000000c9e00000|100%|HC|  |TAMS 0x00000000c9e00000, 0x00000000c9d00000| Complete 
| 134|0x00000000c9e00000, 0x00000000c9f00000, 0x00000000c9f00000|100%|HC|  |TAMS 0x00000000c9f00000, 0x00000000c9e00000| Complete 
| 135|0x00000000c9f00000, 0x00000000ca000000, 0x00000000ca000000|100%|HC|  |TAMS 0x00000000ca000000, 0x00000000c9f00000| Complete 
| 136|0x00000000ca000000, 0x00000000ca100000, 0x00000000ca100000|100%|HC|  |TAMS 0x00000000ca100000, 0x00000000ca000000| Complete 
| 137|0x00000000ca100000, 0x00000000ca200000, 0x00000000ca200000|100%|HC|  |TAMS 0x00000000ca200000, 0x00000000ca100000| Complete 
| 138|0x00000000ca200000, 0x00000000ca300000, 0x00000000ca300000|100%|HC|  |TAMS 0x00000000ca300000, 0x00000000ca200000| Complete 
| 139|0x00000000ca300000, 0x00000000ca400000, 0x00000000ca400000|100%|HC|  |TAMS 0x00000000ca400000, 0x00000000ca300000| Complete 
| 140|0x00000000ca400000, 0x00000000ca500000, 0x00000000ca500000|100%|HC|  |TAMS 0x00000000ca500000, 0x00000000ca400000| Complete 
| 141|0x00000000ca500000, 0x00000000ca600000, 0x00000000ca600000|100%|HC|  |TAMS 0x00000000ca600000, 0x00000000ca500000| Complete 
| 142|0x00000000ca600000, 0x00000000ca700000, 0x00000000ca700000|100%|HC|  |TAMS 0x00000000ca700000, 0x00000000ca600000| Complete 
| 143|0x00000000ca700000, 0x00000000ca800000, 0x00000000ca800000|100%|HC|  |TAMS 0x00000000ca800000, 0x00000000ca700000| Complete 
| 144|0x00000000ca800000, 0x00000000ca900000, 0x00000000ca900000|100%|HC|  |TAMS 0x00000000ca900000, 0x00000000ca800000| Complete 
| 145|0x00000000ca900000, 0x00000000caa00000, 0x00000000caa00000|100%|HC|  |TAMS 0x00000000caa00000, 0x00000000ca900000| Complete 
| 146|0x00000000caa00000, 0x00000000cab00000, 0x00000000cab00000|100%|HC|  |TAMS 0x00000000cab00000, 0x00000000caa00000| Complete 
| 147|0x00000000cab00000, 0x00000000cac00000, 0x00000000cac00000|100%|HC|  |TAMS 0x00000000cac00000, 0x00000000cab00000| Complete 
| 148|0x00000000cac00000, 0x00000000cad00000, 0x00000000cad00000|100%|HC|  |TAMS 0x00000000cad00000, 0x00000000cac00000| Complete 
| 149|0x00000000cad00000, 0x00000000cae00000, 0x00000000cae00000|100%|HC|  |TAMS 0x00000000cae00000, 0x00000000cad00000| Complete 
| 150|0x00000000cae00000, 0x00000000caf00000, 0x00000000caf00000|100%|HC|  |TAMS 0x00000000caf00000, 0x00000000cae00000| Complete 
| 151|0x00000000caf00000, 0x00000000caf00000, 0x00000000cb000000|  0%| F|  |TAMS 0x00000000caf00000, 0x00000000caf00000| Untracked 
| 152|0x00000000cb000000, 0x00000000cb000000, 0x00000000cb100000|  0%| F|  |TAMS 0x00000000cb000000, 0x00000000cb000000| Untracked 
| 153|0x00000000cb100000, 0x00000000cb100000, 0x00000000cb200000|  0%| F|  |TAMS 0x00000000cb100000, 0x00000000cb100000| Untracked 
| 154|0x00000000cb200000, 0x00000000cb200000, 0x00000000cb300000|  0%| F|  |TAMS 0x00000000cb200000, 0x00000000cb200000| Untracked 
| 155|0x00000000cb300000, 0x00000000cb300000, 0x00000000cb400000|  0%| F|  |TAMS 0x00000000cb300000, 0x00000000cb300000| Untracked 
| 156|0x00000000cb400000, 0x00000000cb400000, 0x00000000cb500000|  0%| F|  |TAMS 0x00000000cb400000, 0x00000000cb400000| Untracked 
| 157|0x00000000cb500000, 0x00000000cb500000, 0x00000000cb600000|  0%| F|  |TAMS 0x00000000cb500000, 0x00000000cb500000| Untracked 
| 158|0x00000000cb600000, 0x00000000cb600000, 0x00000000cb700000|  0%| F|  |TAMS 0x00000000cb600000, 0x00000000cb600000| Untracked 
| 159|0x00000000cb700000, 0x00000000cb700000, 0x00000000cb800000|  0%| F|  |TAMS 0x00000000cb700000, 0x00000000cb700000| Untracked 
| 160|0x00000000cb800000, 0x00000000cb800000, 0x00000000cb900000|  0%| F|  |TAMS 0x00000000cb800000, 0x00000000cb800000| Untracked 
| 161|0x00000000cb900000, 0x00000000cb900000, 0x00000000cba00000|  0%| F|  |TAMS 0x00000000cb900000, 0x00000000cb900000| Untracked 
| 162|0x00000000cba00000, 0x00000000cba00000, 0x00000000cbb00000|  0%| F|  |TAMS 0x00000000cba00000, 0x00000000cba00000| Untracked 
| 163|0x00000000cbb00000, 0x00000000cbb00000, 0x00000000cbc00000|  0%| F|  |TAMS 0x00000000cbb00000, 0x00000000cbb00000| Untracked 
| 164|0x00000000cbc00000, 0x00000000cbc00000, 0x00000000cbd00000|  0%| F|  |TAMS 0x00000000cbc00000, 0x00000000cbc00000| Untracked 
| 165|0x00000000cbd00000, 0x00000000cbd00000, 0x00000000cbe00000|  0%| F|  |TAMS 0x00000000cbd00000, 0x00000000cbd00000| Untracked 
| 166|0x00000000cbe00000, 0x00000000cbe00000, 0x00000000cbf00000|  0%| F|  |TAMS 0x00000000cbe00000, 0x00000000cbe00000| Untracked 
| 167|0x00000000cbf00000, 0x00000000cbf00000, 0x00000000cc000000|  0%| F|  |TAMS 0x00000000cbf00000, 0x00000000cbf00000| Untracked 
| 168|0x00000000cc000000, 0x00000000cc000000, 0x00000000cc100000|  0%| F|  |TAMS 0x00000000cc000000, 0x00000000cc000000| Untracked 
| 169|0x00000000cc100000, 0x00000000cc100000, 0x00000000cc200000|  0%| F|  |TAMS 0x00000000cc100000, 0x00000000cc100000| Untracked 
| 170|0x00000000cc200000, 0x00000000cc200000, 0x00000000cc300000|  0%| F|  |TAMS 0x00000000cc200000, 0x00000000cc200000| Untracked 
| 171|0x00000000cc300000, 0x00000000cc300000, 0x00000000cc400000|  0%| F|  |TAMS 0x00000000cc300000, 0x00000000cc300000| Untracked 
| 172|0x00000000cc400000, 0x00000000cc400000, 0x00000000cc500000|  0%| F|  |TAMS 0x00000000cc400000, 0x00000000cc400000| Untracked 
| 173|0x00000000cc500000, 0x00000000cc500000, 0x00000000cc600000|  0%| F|  |TAMS 0x00000000cc500000, 0x00000000cc500000| Untracked 
| 174|0x00000000cc600000, 0x00000000cc600000, 0x00000000cc700000|  0%| F|  |TAMS 0x00000000cc600000, 0x00000000cc600000| Untracked 
| 175|0x00000000cc700000, 0x00000000cc700000, 0x00000000cc800000|  0%| F|  |TAMS 0x00000000cc700000, 0x00000000cc700000| Untracked 
| 176|0x00000000cc800000, 0x00000000cc800000, 0x00000000cc900000|  0%| F|  |TAMS 0x00000000cc800000, 0x00000000cc800000| Untracked 
| 177|0x00000000cc900000, 0x00000000cc98fdf8, 0x00000000cca00000| 56%| S|CS|TAMS 0x00000000cc900000, 0x00000000cc900000| Complete 
| 178|0x00000000cca00000, 0x00000000cca00000, 0x00000000ccb00000|  0%| F|  |TAMS 0x00000000cca00000, 0x00000000cca00000| Untracked 
| 179|0x00000000ccb00000, 0x00000000ccba7a88, 0x00000000ccc00000| 65%| E|  |TAMS 0x00000000ccb00000, 0x00000000ccb00000| Complete 

Card table byte_map: [0x0000021658330000,0x0000021658530000] _byte_map_base: 0x0000021657d24000

Marking Bits (Prev, Next): (CMBitMap*) 0x000002163eb7d2f8, (CMBitMap*) 0x000002163eb7d338
 Prev Bits: [0x0000021658730000, 0x00000216596d0000)
 Next Bits: [0x00000216596d0000, 0x000002165a670000)

Polling page: 0x000002163e8f0000

Metaspace:

Usage:
  Non-class:      8.39 MB capacity,     8.24 MB ( 98%) used,   132.00 KB (  2%) free+waste,    23.63 KB ( <1%) overhead. 
      Class:      1.22 MB capacity,     1.10 MB ( 90%) used,   108.57 KB (  9%) free+waste,    14.94 KB (  1%) overhead. 
       Both:      9.61 MB capacity,     9.34 MB ( 97%) used,   240.57 KB (  2%) free+waste,    38.56 KB ( <1%) overhead. 

Virtual space:
  Non-class space:       10.00 MB reserved,       8.50 MB ( 85%) committed 
      Class space:        1.00 GB reserved,       1.25 MB ( <1%) committed 
             Both:        1.01 GB reserved,       9.75 MB ( <1%) committed 

Chunk freelists:
   Non-Class:  45.00 KB
       Class:  2.00 KB
        Both:  47.00 KB

MaxMetaspaceSize: 17179869184.00 GB
CompressedClassSpaceSize: 1.00 GB

CodeHeap 'non-profiled nmethods': size=120000Kb used=392Kb max_used=392Kb free=119607Kb
 bounds [0x00000216505e0000, 0x0000021650850000, 0x0000021657b10000]
CodeHeap 'profiled nmethods': size=120000Kb used=1872Kb max_used=1872Kb free=118127Kb
 bounds [0x00000216490b0000, 0x0000021649320000, 0x00000216505e0000]
CodeHeap 'non-nmethods': size=5760Kb used=1308Kb max_used=1327Kb free=4451Kb
 bounds [0x0000021648b10000, 0x0000021648d80000, 0x00000216490b0000]
 total_blobs=1654 nmethods=1049 adapters=518
 compilation: enabled
              stopped_count=0, restarted_count=0
 full_count=0

Compilation events (20 events):
Event: 1.909 Thread 0x000002165cc24000 nmethod 1043 0x0000021649276910 code [0x0000021649276d20, 0x0000021649278a08]
Event: 1.909 Thread 0x000002165cc24000 1033       3       sun.util.locale.LanguageTag::parse (205 bytes)
Event: 1.911 Thread 0x000002165cc24000 nmethod 1033 0x0000021649279410 code [0x00000216492797a0, 0x000002164927ae38]
Event: 1.911 Thread 0x000002165cc24000 1034       3       sun.util.locale.ParseStatus::<init> (9 bytes)
Event: 1.911 Thread 0x000002165cc24000 nmethod 1034 0x000002164927b610 code [0x000002164927b7c0, 0x000002164927b9d8]
Event: 1.911 Thread 0x000002165cc24000 1035       3       sun.util.locale.ParseStatus::reset (16 bytes)
Event: 1.912 Thread 0x000002165cc24000 nmethod 1035 0x000002164927ba90 code [0x000002164927bc20, 0x000002164927bd78]
Event: 1.912 Thread 0x000002165cc24000 1044       3       sun.util.locale.LanguageTag::parsePrivateuse (144 bytes)
Event: 1.915 Thread 0x000002165cc24000 nmethod 1044 0x000002164927be10 code [0x000002164927c120, 0x000002164927d308]
Event: 1.915 Thread 0x000002165cc24000 1045       3       sun.util.locale.InternalLocaleBuilder::setLanguageTag (173 bytes)
Event: 1.919 Thread 0x000002165cc24000 nmethod 1045 0x000002164927d910 code [0x000002164927dee0, 0x0000021649281978]
Event: 1.919 Thread 0x000002165cc24000 1046       3       sun.util.locale.InternalLocaleBuilder::clear (31 bytes)
Event: 1.919 Thread 0x000002165cc24000 nmethod 1046 0x0000021649282790 code [0x0000021649282960, 0x0000021649282c88]
Event: 1.919 Thread 0x000002165cc24000 1047       3       sun.util.locale.LanguageTag::getExtlangs (24 bytes)
Event: 1.920 Thread 0x000002165cc24000 nmethod 1047 0x0000021649282d10 code [0x0000021649282f60, 0x0000021649283b28]
Event: 1.923 Thread 0x000002165cc24000 1048       1       java.awt.Component::isEnabledImpl (5 bytes)
Event: 1.924 Thread 0x000002165cc24000 nmethod 1048 0x0000021650642090 code [0x0000021650642220, 0x00000216506422f8]
Event: 1.925 Thread 0x000002165cc24000 1049       3       java.awt.geom.AffineTransform::<init> (69 bytes)
Event: 1.925 Thread 0x000002165cc24000 nmethod 1049 0x0000021649283e10 code [0x0000021649283fa0, 0x0000021649284178]
Event: 1.926 Thread 0x000002165cc24000 1050       3       java.awt.geom.Rectangle2D$Float::getX (6 bytes)

GC Heap History (12 events):
Event: 0.684 GC heap before
{Heap before GC invocations=0 (full 0):
 garbage-first heap   total 65536K, used 10240K [0x00000000c1800000, 0x0000000100000000)
  region size 1024K, 8 young (8192K), 0 survivors (0K)
 Metaspace       used 7500K, capacity 7811K, committed 8064K, reserved 1056768K
  class space    used 891K, capacity 1037K, committed 1152K, reserved 1048576K
}
Event: 0.689 GC heap after
{Heap after GC invocations=1 (full 0):
 garbage-first heap   total 65536K, used 5990K [0x00000000c1800000, 0x0000000100000000)
  region size 1024K, 2 young (2048K), 2 survivors (2048K)
 Metaspace       used 7500K, capacity 7811K, committed 8064K, reserved 1056768K
  class space    used 891K, capacity 1037K, committed 1152K, reserved 1048576K
}
Event: 0.877 GC heap before
{Heap before GC invocations=2 (full 0):
 garbage-first heap   total 173056K, used 111462K [0x00000000c1800000, 0x0000000100000000)
  region size 1024K, 11 young (11264K), 2 survivors (2048K)
 Metaspace       used 7619K, capacity 7940K, committed 8064K, reserved 1056768K
  class space    used 897K, capacity 1037K, committed 1152K, reserved 1048576K
}
Event: 0.880 GC heap after
{Heap after GC invocations=3 (full 0):
 garbage-first heap   total 173056K, used 103607K [0x00000000c1800000, 0x0000000100000000)
  region size 1024K, 1 young (1024K), 1 survivors (1024K)
 Metaspace       used 7619K, capacity 7940K, committed 8064K, reserved 1056768K
  class space    used 897K, capacity 1037K, committed 1152K, reserved 1048576K
}
Event: 1.162 GC heap before
{Heap before GC invocations=3 (full 0):
 garbage-first heap   total 173056K, used 144567K [0x00000000c1800000, 0x0000000100000000)
  region size 1024K, 42 young (43008K), 1 survivors (1024K)
 Metaspace       used 7630K, capacity 7942K, committed 8064K, reserved 1056768K
  class space    used 897K, capacity 1037K, committed 1152K, reserved 1048576K
}
Event: 1.162 GC heap after
{Heap after GC invocations=4 (full 0):
 garbage-first heap   total 173056K, used 103417K [0x00000000c1800000, 0x0000000100000000)
  region size 1024K, 1 young (1024K), 1 survivors (1024K)
 Metaspace       used 7630K, capacity 7942K, committed 8064K, reserved 1056768K
  class space    used 897K, capacity 1037K, committed 1152K, reserved 1048576K
}
Event: 1.425 GC heap before
{Heap before GC invocations=5 (full 0):
 garbage-first heap   total 176128K, used 149497K [0x00000000c1800000, 0x0000000100000000)
  region size 1024K, 46 young (47104K), 1 survivors (1024K)
 Metaspace       used 7644K, capacity 7942K, committed 8064K, reserved 1056768K
  class space    used 897K, capacity 1037K, committed 1152K, reserved 1048576K
}
Event: 1.426 GC heap after
{Heap after GC invocations=6 (full 0):
 garbage-first heap   total 176128K, used 103375K [0x00000000c1800000, 0x0000000100000000)
  region size 1024K, 1 young (1024K), 1 survivors (1024K)
 Metaspace       used 7644K, capacity 7942K, committed 8064K, reserved 1056768K
  class space    used 897K, capacity 1037K, committed 1152K, reserved 1048576K
}
Event: 1.495 GC heap before
{Heap before GC invocations=6 (full 0):
 garbage-first heap   total 176128K, used 103375K [0x00000000c1800000, 0x0000000100000000)
  region size 1024K, 2 young (2048K), 1 survivors (1024K)
 Metaspace       used 8840K, capacity 9127K, committed 9472K, reserved 1056768K
  class space    used 1048K, capacity 1178K, committed 1280K, reserved 1048576K
}
Event: 1.496 GC heap after
{Heap after GC invocations=7 (full 0):
 garbage-first heap   total 176128K, used 103534K [0x00000000c1800000, 0x0000000100000000)
  region size 1024K, 1 young (1024K), 1 survivors (1024K)
 Metaspace       used 8840K, capacity 9127K, committed 9472K, reserved 1056768K
  class space    used 1048K, capacity 1178K, committed 1280K, reserved 1048576K
}
Event: 1.912 GC heap before
{Heap before GC invocations=8 (full 0):
 garbage-first heap   total 184320K, used 110702K [0x00000000c1800000, 0x0000000100000000)
  region size 1024K, 4 young (4096K), 1 survivors (1024K)
 Metaspace       used 9560K, capacity 9841K, committed 9984K, reserved 1058816K
  class space    used 1122K, capacity 1246K, committed 1280K, reserved 1048576K
}
Event: 1.913 GC heap after
{Heap after GC invocations=9 (full 0):
 garbage-first heap   total 184320K, used 109048K [0x00000000c1800000, 0x0000000100000000)
  region size 1024K, 1 young (1024K), 1 survivors (1024K)
 Metaspace       used 9560K, capacity 9841K, committed 9984K, reserved 1058816K
  class space    used 1122K, capacity 1246K, committed 1280K, reserved 1048576K
}

Deoptimization events (20 events):
Event: 1.415 Thread 0x000002165d63d000 DEOPT PACKING pc=0x00000216492315fe sp=0x00000036a62fe8a0
Event: 1.415 Thread 0x000002165d63d000 DEOPT UNPACKING pc=0x0000021648b5964e sp=0x00000036a62fddb0 mode 0
Event: 1.415 Thread 0x000002165d63d000 DEOPT PACKING pc=0x00000216492315fe sp=0x00000036a62fe8a0
Event: 1.415 Thread 0x000002165d63d000 DEOPT UNPACKING pc=0x0000021648b5964e sp=0x00000036a62fddb0 mode 0
Event: 1.415 Thread 0x000002165d63d000 DEOPT PACKING pc=0x00000216492315fe sp=0x00000036a62fe8a0
Event: 1.415 Thread 0x000002165d63d000 DEOPT UNPACKING pc=0x0000021648b5964e sp=0x00000036a62fddb0 mode 0
Event: 1.415 Thread 0x000002165d63d000 DEOPT PACKING pc=0x00000216492315fe sp=0x00000036a62fe8a0
Event: 1.415 Thread 0x000002165d63d000 DEOPT UNPACKING pc=0x0000021648b5964e sp=0x00000036a62fddb0 mode 0
Event: 1.415 Thread 0x000002165d63d000 DEOPT PACKING pc=0x00000216492315fe sp=0x00000036a62fe8a0
Event: 1.415 Thread 0x000002165d63d000 DEOPT UNPACKING pc=0x0000021648b5964e sp=0x00000036a62fddb0 mode 0
Event: 1.415 Thread 0x000002165d63d000 DEOPT PACKING pc=0x00000216492315fe sp=0x00000036a62fe8a0
Event: 1.415 Thread 0x000002165d63d000 DEOPT UNPACKING pc=0x0000021648b5964e sp=0x00000036a62fddb0 mode 0
Event: 1.425 Thread 0x000002165d63d000 Uncommon trap: trap_request=0xffffff45 fr.pc=0x000002165062f978 relative=0x0000000000000398
Event: 1.425 Thread 0x000002165d63d000 Uncommon trap: reason=unstable_if action=reinterpret pc=0x000002165062f978 method=sun.awt.image.ImageRepresentation.getOpaqueRGBImage()Ljava/awt/image/BufferedImage; @ 57 c2
Event: 1.425 Thread 0x000002165d63d000 DEOPT PACKING pc=0x000002165062f978 sp=0x00000036a62fe920
Event: 1.425 Thread 0x000002165d63d000 DEOPT UNPACKING pc=0x0000021648b5912f sp=0x00000036a62fe8b0 mode 2
Event: 1.428 Thread 0x000002165d642000 Uncommon trap: trap_request=0xffffff45 fr.pc=0x00000216506127f4 relative=0x00000000000010f4
Event: 1.428 Thread 0x000002165d642000 Uncommon trap: reason=unstable_if action=reinterpret pc=0x00000216506127f4 method=java.util.HashMap.putVal(ILjava/lang/Object;Ljava/lang/Object;ZZ)Ljava/lang/Object; @ 206 c2
Event: 1.428 Thread 0x000002165d642000 DEOPT PACKING pc=0x00000216506127f4 sp=0x00000036a61fded0
Event: 1.428 Thread 0x000002165d642000 DEOPT UNPACKING pc=0x0000021648b5912f sp=0x00000036a61fde08 mode 2

Classes unloaded (0 events):
No events

Classes redefined (0 events):
No events

Internal exceptions (20 events):
Event: 0.422 Thread 0x000002163eb4c000 Exception <a 'java/lang/ClassNotFoundException'{0x00000000c53834b8}: ToolBar> (0x00000000c53834b8) 
thrown [./open/src/hotspot/share/classfile/systemDictionary.cpp, line 226]
Event: 0.423 Thread 0x000002163eb4c000 Exception <a 'java/lang/ClassNotFoundException'{0x00000000c53839b0}: ToolBar> (0x00000000c53839b0) 
thrown [./open/src/hotspot/share/classfile/systemDictionary.cpp, line 226]
Event: 0.423 Thread 0x000002163eb4c000 Exception <a 'java/lang/ClassNotFoundException'{0x00000000c5383d10}: Button> (0x00000000c5383d10) 
thrown [./open/src/hotspot/share/classfile/systemDictionary.cpp, line 226]
Event: 0.423 Thread 0x000002163eb4c000 Exception <a 'java/lang/ClassNotFoundException'{0x00000000c53841d8}: ToolBar> (0x00000000c53841d8) 
thrown [./open/src/hotspot/share/classfile/systemDictionary.cpp, line 226]
Event: 0.423 Thread 0x000002163eb4c000 Exception <a 'java/lang/ClassNotFoundException'{0x00000000c5384548}: ToggleButton> (0x00000000c5384548) 
thrown [./open/src/hotspot/share/classfile/systemDictionary.cpp, line 226]
Event: 0.423 Thread 0x000002163eb4c000 Exception <a 'java/lang/ClassNotFoundException'{0x00000000c5384988}: javax/swing/JToolBarSeparator> (0x00000000c5384988) 
thrown [./open/src/hotspot/share/classfile/systemDictionary.cpp, line 226]
Event: 0.423 Thread 0x000002163eb4c000 Exception <a 'java/lang/ClassNotFoundException'{0x00000000c5384c90}: ToolBarSeparator> (0x00000000c5384c90) 
thrown [./open/src/hotspot/share/classfile/systemDictionary.cpp, line 226]
Event: 0.423 Thread 0x000002163eb4c000 Exception <a 'java/lang/ClassNotFoundException'{0x00000000c53851a8}: ToolTip> (0x00000000c53851a8) 
thrown [./open/src/hotspot/share/classfile/systemDictionary.cpp, line 226]
Event: 0.425 Thread 0x000002163eb4c000 Exception <a 'java/lang/ClassNotFoundException'{0x00000000c5385d38}: Tree> (0x00000000c5385d38) 
thrown [./open/src/hotspot/share/classfile/systemDictionary.cpp, line 226]
Event: 0.425 Thread 0x000002163eb4c000 Exception <a 'java/lang/ClassNotFoundException'{0x00000000c5386230}: Tree> (0x00000000c5386230) 
thrown [./open/src/hotspot/share/classfile/systemDictionary.cpp, line 226]
Event: 0.425 Thread 0x000002163eb4c000 Exception <a 'java/lang/ClassNotFoundException'{0x00000000c53865a0}: javax/swing/JTreeCell> (0x00000000c53865a0) 
thrown [./open/src/hotspot/share/classfile/systemDictionary.cpp, line 226]
Event: 0.425 Thread 0x000002163eb4c000 Exception <a 'java/lang/ClassNotFoundException'{0x00000000c53868a0}: TreeCell> (0x00000000c53868a0) 
thrown [./open/src/hotspot/share/classfile/systemDictionary.cpp, line 226]
Event: 0.426 Thread 0x000002163eb4c000 Exception <a 'java/lang/ClassNotFoundException'{0x00000000c5387060}: RootPane> (0x00000000c5387060) 
thrown [./open/src/hotspot/share/classfile/systemDictionary.cpp, line 226]
Event: 0.429 Thread 0x000002163eb4c000 Exception <a 'java/lang/ClassNotFoundException'{0x00000000c5389eb0}: com/sun/swing/internal/plaf/metal/resources/spi/metalProvider> (0x00000000c5389eb0) 
thrown [./open/src/hotspot/share/classfile/systemDictionary.cpp, line 226]
Event: 0.430 Thread 0x000002163eb4c000 Exception <a 'java/lang/ClassNotFoundException'{0x00000000c538dcb0}: com/sun/swing/internal/plaf/basic/resources/spi/basicProvider> (0x00000000c538dcb0) 
thrown [./open/src/hotspot/share/classfile/systemDictionary.cpp, line 226]
Event: 0.471 Thread 0x000002165d63d800 Exception <a 'java/lang/ClassNotFoundException'{0x00000000c525d010}: com/sun/swing/internal/plaf/synth/resources/spi/synthProvider> (0x00000000c525d010) 
thrown [./open/src/hotspot/share/classfile/systemDictionary.cpp, line 226]
Event: 0.502 Thread 0x000002165d63d800 Implicit null exception at 0x00000216505ed32f to 0x00000216505ed3ad
Event: 1.448 Thread 0x000002165d63d800 Exception <a 'java/lang/NoSuchMethodError'{0x00000000cc324fd0}: 'void java.lang.invoke.DirectMethodHandle$Holder.invokeStaticInit(java.lang.Object)'> (0x00000000cc324fd0) 
thrown [./open/src/hotspot/share/interpreter/linkResolver.cpp, line 766]
Event: 1.455 Thread 0x000002165d63d800 Exception <a 'java/lang/NoSuchMethodError'{0x00000000cc34c008}: 'java.lang.Object java.lang.invoke.Invokers$Holder.linkToTargetMethod(java.lang.Object, int, java.lang.Object)'> (0x00000000cc34c008) 
thrown [./open/src/hotspot/share/interpreter/linkResolver.cpp, line 766]
Event: 1.871 Thread 0x000002165d63d800 Exception <a 'java/lang/NoSuchMethodError'{0x00000000ccbf8978}: 'void java.lang.invoke.DirectMethodHandle$Holder.invokeVirtual(java.lang.Object, java.lang.Object)'> (0x00000000ccbf8978) 
thrown [./open/src/hotspot/share/interpreter/linkResolver.cpp, line 766]

Events (20 events):
Event: 1.876 loading class java/awt/im/spi/InputMethod done
Event: 1.876 loading class sun/awt/im/InputMethodAdapter done
Event: 1.877 loading class sun/awt/windows/WInputMethod done
Event: 1.909 loading class sun/awt/im/CompositionAreaHandler
Event: 1.909 loading class sun/awt/im/CompositionAreaHandler done
Event: 1.909 loading class java/text/AttributedString
Event: 1.909 loading class java/text/AttributedString done
Event: 1.909 loading class java/text/AttributedString$AttributedStringIterator
Event: 1.909 loading class java/text/AttributedCharacterIterator
Event: 1.909 loading class java/text/CharacterIterator
Event: 1.909 loading class java/text/CharacterIterator done
Event: 1.909 loading class java/text/AttributedCharacterIterator done
Event: 1.909 loading class java/text/AttributedString$AttributedStringIterator done
Event: 1.910 loading class java/awt/event/ContainerEvent
Event: 1.910 loading class java/awt/event/ContainerEvent done
Event: 1.911 loading class java/awt/TextComponent
Event: 1.911 loading class java/awt/TextComponent done
Event: 1.912 Executing VM operation: G1TryInitiateConcMark
Event: 1.914 Executing VM operation: G1TryInitiateConcMark done
Event: 1.926 Executing VM operation: G1Concurrent


Dynamic libraries:
0x00007ff74fad0000 - 0x00007ff74fadf000 	C:\Program Files\Java\jdk-14.0.2\bin\java.exe
0x00007ffdc3260000 - 0x00007ffdc3450000 	C:\Windows\SYSTEM32\ntdll.dll
0x00007ffdc1320000 - 0x00007ffdc13d2000 	C:\Windows\System32\KERNEL32.DLL
0x00007ffdc0340000 - 0x00007ffdc05e2000 	C:\Windows\System32\KERNELBASE.dll
0x00007ffdc01f0000 - 0x00007ffdc02ea000 	C:\Windows\System32\ucrtbase.dll
0x00007ffdb9c40000 - 0x00007ffdb9c55000 	C:\Program Files\Java\jdk-14.0.2\bin\VCRUNTIME140.dll
0x00007ffdb1a30000 - 0x00007ffdb1a48000 	C:\Program Files\Java\jdk-14.0.2\bin\jli.dll
0x00007ffdc1be0000 - 0x00007ffdc1c83000 	C:\Windows\System32\ADVAPI32.dll
0x00007ffdc1a00000 - 0x00007ffdc1a9e000 	C:\Windows\System32\msvcrt.dll
0x00007ffdc25d0000 - 0x00007ffdc2667000 	C:\Windows\System32\sechost.dll
0x00007ffdc2320000 - 0x00007ffdc2440000 	C:\Windows\System32\RPCRT4.dll
0x00007ffdc1860000 - 0x00007ffdc19f3000 	C:\Windows\System32\USER32.dll
0x00007ffdae240000 - 0x00007ffdae4c5000 	C:\Windows\WinSxS\amd64_microsoft.windows.common-controls_6595b64144ccf1df_6.0.18362.116_none_e6c4ac41130f2c3a\COMCTL32.dll
0x00007ffdc02f0000 - 0x00007ffdc0311000 	C:\Windows\System32\win32u.dll
0x00007ffdc1440000 - 0x00007ffdc1776000 	C:\Windows\System32\combase.dll
0x00007ffdc1c90000 - 0x00007ffdc1cb6000 	C:\Windows\System32\GDI32.dll
0x00007ffdc1180000 - 0x00007ffdc1314000 	C:\Windows\System32\gdi32full.dll
0x00007ffdc05f0000 - 0x00007ffdc0671000 	C:\Windows\System32\bcryptPrimitives.dll
0x00007ffdc10e0000 - 0x00007ffdc117e000 	C:\Windows\System32\msvcp_win.dll
0x00007ffdadbd0000 - 0x00007ffdadbda000 	C:\Windows\SYSTEM32\VERSION.dll
0x00007ffdc1830000 - 0x00007ffdc185e000 	C:\Windows\System32\IMM32.DLL
0x00007ffda0630000 - 0x00007ffda06cb000 	C:\Program Files\Java\jdk-14.0.2\bin\msvcp140.dll
0x00007ffd743f0000 - 0x00007ffd74f0e000 	C:\Program Files\Java\jdk-14.0.2\bin\server\jvm.dll
0x00007ffdc22f0000 - 0x00007ffdc22f8000 	C:\Windows\System32\PSAPI.DLL
0x00007ffdbc6a0000 - 0x00007ffdbc6c4000 	C:\Windows\SYSTEM32\WINMM.dll
0x00007ffdbafd0000 - 0x00007ffdbafd9000 	C:\Windows\SYSTEM32\WSOCK32.dll
0x00007ffdbc670000 - 0x00007ffdbc69d000 	C:\Windows\SYSTEM32\WINMMBASE.dll
0x00007ffdc1f10000 - 0x00007ffdc1f7f000 	C:\Windows\System32\WS2_32.dll
0x00007ffdc0800000 - 0x00007ffdc084a000 	C:\Windows\System32\cfgmgr32.dll
0x00007ffdc0140000 - 0x00007ffdc0151000 	C:\Windows\System32\kernel.appcore.dll
0x00007ffdb90a0000 - 0x00007ffdb90aa000 	C:\Program Files\Java\jdk-14.0.2\bin\jimage.dll
0x00007ffdbeab0000 - 0x00007ffdbeca4000 	C:\Windows\SYSTEM32\DBGHELP.DLL
0x00007ffdaf860000 - 0x00007ffdaf88a000 	C:\Windows\SYSTEM32\dbgcore.DLL
0x00007ffdb3050000 - 0x00007ffdb3075000 	C:\Program Files\Java\jdk-14.0.2\bin\java.dll
0x00007ffdb3030000 - 0x00007ffdb3046000 	C:\Program Files\Java\jdk-14.0.2\bin\zip.dll
0x00007ffdc26d0000 - 0x00007ffdc2db0000 	C:\Windows\System32\SHELL32.dll
0x00007ffdc2450000 - 0x00007ffdc24f9000 	C:\Windows\System32\shcore.dll
0x00007ffdc0850000 - 0x00007ffdc0fca000 	C:\Windows\System32\windows.storage.dll
0x00007ffdc0160000 - 0x00007ffdc017f000 	C:\Windows\System32\profapi.dll
0x00007ffdc01a0000 - 0x00007ffdc01ea000 	C:\Windows\System32\powrprof.dll
0x00007ffdc0130000 - 0x00007ffdc0140000 	C:\Windows\System32\UMPDC.dll
0x00007ffdc13e0000 - 0x00007ffdc1432000 	C:\Windows\System32\shlwapi.dll
0x00007ffdc0320000 - 0x00007ffdc0337000 	C:\Windows\System32\cryptsp.dll
0x00007ffdb1990000 - 0x00007ffdb19a9000 	C:\Program Files\Java\jdk-14.0.2\bin\net.dll
0x00007ffdb57c0000 - 0x00007ffdb58af000 	C:\Windows\SYSTEM32\WINHTTP.dll
0x00007ffdbf940000 - 0x00007ffdbf9a7000 	C:\Windows\system32\mswsock.dll
0x00007ffdb1970000 - 0x00007ffdb1982000 	C:\Program Files\Java\jdk-14.0.2\bin\nio.dll
0x00007ffd86910000 - 0x00007ffd86aa9000 	C:\Program Files\Java\jdk-14.0.2\bin\awt.dll
0x00007ffdc1f80000 - 0x00007ffdc2044000 	C:\Windows\System32\OLEAUT32.dll
0x00007ffdbdbd0000 - 0x00007ffdbdc5f000 	C:\Windows\SYSTEM32\apphelp.dll
0x00007ffdbe0c0000 - 0x00007ffdbe159000 	C:\Windows\system32\uxtheme.dll
0x00007ffdc1aa0000 - 0x00007ffdc1bd7000 	C:\Windows\System32\MSCTF.dll
0x00007ffdc1d40000 - 0x00007ffdc1e96000 	C:\Windows\System32\ole32.dll
0x00007ffdbe240000 - 0x00007ffdbe26d000 	C:\Windows\system32\DWMAPI.DLL
0x00007ffda05a0000 - 0x00007ffda0622000 	C:\Program Files\Java\jdk-14.0.2\bin\freetype.dll
0x00007ffd9a130000 - 0x00007ffd9a1d6000 	C:\Program Files\Java\jdk-14.0.2\bin\fontmanager.dll
0x00007ffda02f0000 - 0x00007ffda043f000 	C:\Windows\system32\opengl32.dll
0x00007ffdb1940000 - 0x00007ffdb196c000 	C:\Windows\SYSTEM32\GLU32.dll
0x00007ffdbedf0000 - 0x00007ffdbee10000 	C:\Windows\SYSTEM32\dxcore.dll
0x00007ffdba860000 - 0x00007ffdba8fe000 	C:\Windows\System32\TextInputFramework.dll
0x00007ffdbd650000 - 0x00007ffdbd724000 	C:\Windows\System32\CoreMessaging.dll
0x00007ffdb9eb0000 - 0x00007ffdba1d9000 	C:\Windows\System32\CoreUIComponents.dll
0x00007ffdbf1e0000 - 0x00007ffdbf211000 	C:\Windows\SYSTEM32\ntmarta.dll
0x00007ffdbb930000 - 0x00007ffdbba83000 	C:\Windows\SYSTEM32\wintypes.dll
0x00007ffdb14c0000 - 0x00007ffdb1766000 	C:\Windows\System32\iertutil.dll

dbghelp: loaded successfully - version: 4.0.5 - missing functions: none
symbol engine: initialized successfully - sym options: 0x614 - pdb path: .;C:\Program Files\Java\jdk-14.0.2\bin;C:\Windows\SYSTEM32;C:\Windows\WinSxS\amd64_microsoft.windows.common-controls_6595b64144ccf1df_6.0.18362.116_none_e6c4ac41130f2c3a;C:\Program Files\Java\jdk-14.0.2\bin\server

VM Arguments:
jvm_args: -Dfile.encoding=UTF-8 --module-path=D:\Documents\NetBeansProjects\Covid Management\build\classes 
java_command: home
java_class_path (initial): C:\Program Files\NetBeans-12.5\netbeans\java\modules\ext\AbsoluteLayout.jar;F:\New folder\mysql-connector-java-8.0.26\mysql-connector-java-8.0.26.jar;F:\New folder\rs2xml\rs2xml.jar;D:\Documents\NetBeansProjects\Covid Management\build\classes
Launcher Type: SUN_STANDARD

[Global flags]
     intx CICompilerCount                          = 3                                         {product} {ergonomic}
     uint ConcGCThreads                            = 1                                         {product} {ergonomic}
     uint G1ConcRefinementThreads                  = 4                                         {product} {ergonomic}
   size_t G1HeapRegionSize                         = 1048576                                   {product} {ergonomic}
    uintx GCDrainStackTargetSize                   = 64                                        {product} {ergonomic}
   size_t InitialHeapSize                          = 67108864                                  {product} {ergonomic}
   size_t MarkStackSize                            = 4194304                                   {product} {ergonomic}
   size_t MaxHeapSize                              = 1048576000                                {product} {ergonomic}
   size_t MaxNewSize                               = 629145600                                 {product} {ergonomic}
   size_t MinHeapDeltaBytes                        = 1048576                                   {product} {ergonomic}
   size_t MinHeapSize                              = 8388608                                   {product} {ergonomic}
    uintx NonNMethodCodeHeapSize                   = 5832780                                {pd product} {ergonomic}
    uintx NonProfiledCodeHeapSize                  = 122912730                              {pd product} {ergonomic}
    uintx ProfiledCodeHeapSize                     = 122912730                              {pd product} {ergonomic}
    uintx ReservedCodeCacheSize                    = 251658240                              {pd product} {ergonomic}
     bool SegmentedCodeCache                       = true                                      {product} {ergonomic}
   size_t SoftMaxHeapSize                          = 1048576000                             {manageable} {ergonomic}
     bool UseCompressedClassPointers               = true                                 {lp64_product} {ergonomic}
     bool UseCompressedOops                        = true                                 {lp64_product} {ergonomic}
     bool UseG1GC                                  = true                                      {product} {ergonomic}
     bool UseLargePagesIndividualAllocation        = false                                  {pd product} {ergonomic}

Logging:
Log output configuration:
 #0: stdout all=warning uptime,level,tags
 #1: stderr all=off uptime,level,tags

Environment Variables:
PATH=C:\Program Files (x86)\Common Files\Oracle\Java\javapath;C:\Windows\system32;C:\Windows;C:\Windows\System32\Wbem;C:\Windows\System32\WindowsPowerShell\v1.0\;C:\Windows\System32\OpenSSH\;C:\Program Files\Microsoft SQL Server\Client SDK\ODBC\170\Tools\Binn\;C:\Program Files (x86)\Microsoft SQL Server\150\Tools\Binn\;C:\Program Files\Microsoft SQL Server\150\Tools\Binn\;C:\Program Files\Microsoft SQL Server\150\DTS\Binn\;C:\Program Files (x86)\Microsoft SQL Server\150\DTS\Binn\;C:\Program Files\Azure Data Studio\bin;C:\Program Files\nodejs\;C:\Program Files\Git\cmd;C:\Users\Admin\AppData\Local\Programs\Python\Python310\Scripts\;C:\Users\Admin\AppData\Local\Programs\Python\Python310\;C:\Users\Admin\AppData\Local\Microsoft\WindowsApps;;C:\Users\Admin\AppData\Local\Programs\Microsoft VS Code\bin;C:\Program Files\Azure Data Studio\bin;C:\Users\Admin\AppData\Roaming\npm;F:\Python\PyCharm Community Edition 2021.2.2\bin;
USERNAME=Admin
OS=Windows_NT
PROCESSOR_IDENTIFIER=Intel64 Family 6 Model 142 Stepping 9, GenuineIntel



---------------  S Y S T E M  ---------------

OS: Windows 10 , 64 bit Build 18362 (10.0.18362.86)
OS uptime: 4 days 5:09 hours

CPU:total 4 (initial active 4) (2 cores per cpu, 2 threads per core) family 6 model 142 stepping 9, cmov, cx8, fxsr, mmx, sse, sse2, sse3, ssse3, sse4.1, sse4.2, popcnt, avx, avx2, aes, clmul, erms, 3dnowpref, lzcnt, ht, tsc, tscinvbit, bmi1, bmi2, adx, fma

Memory: 4k page, system-wide physical 3994M (637M free)
TotalPageFile size 6784M (AvailPageFile size 18M)
current process WorkingSet (physical memory assigned to process): 225M, peak: 225M
current process commit charge ("private bytes"): 274M, peak: 288M

vm_info: Java HotSpot(TM) 64-Bit Server VM (14.0.2+12-46) for windows-amd64 JRE (14.0.2+12-46), built on Jul  9 2020 00:35:52 by "mach5one" with MS VC++ 15.9 (VS2017)

END.
