#
# There is insufficient memory for the Java Runtime Environment to continue.
# Native memory allocation (malloc) failed to allocate 32744 bytes for ChunkPool::allocate
# Possible reasons:
#   The system is out of physical RAM or swap space
#   The process is running with CompressedOops enabled, and the Java Heap may be blocking the growth of the native heap
# Possible solutions:
#   Reduce memory load on the system
#   Increase physical memory or swap space
#   Check if swap backing store is full
#   Decrease Java heap size (-Xmx/-Xms)
#   Decrease number of Java threads
#   Decrease Java thread stack sizes (-Xss)
#   Set larger code cache with -XX:ReservedCodeCacheSize=
#   JVM is running with Unscaled Compressed Oops mode in which the Java heap is
#     placed in the first 4GB address space. The Java Heap base address is the
#     maximum limit for the native heap growth. Please use -XX:HeapBaseMinAddress
#     to set the Java Heap base and to place the Java Heap above 4GB virtual address.
# This output file may be truncated or incomplete.
#
#  Out of Memory Error (./open/src/hotspot/share/memory/arena.cpp:79), pid=4016, tid=11332
#
# JRE version: Java(TM) SE Runtime Environment (14.0.2+12) (build 14.0.2+12-46)
# Java VM: Java HotSpot(TM) 64-Bit Server VM (14.0.2+12-46, mixed mode, sharing, tiered, compressed oops, g1 gc, windows-amd64)
# No core dump will be written. Minidumps are not enabled by default on client versions of Windows
#

---------------  S U M M A R Y ------------

Command Line: -Dfile.encoding=UTF-8 --module-path=D:\Documents\NetBeansProjects\Covid Management\build\classes home

Host: Intel(R) Core(TM) i5-7200U CPU @ 2.50GHz, 4 cores, 3G,  Windows 10 , 64 bit Build 18362 (10.0.18362.86)
Time: Wed Dec  1 14:52:34 2021 SE Asia Standard Time elapsed time: 28 seconds (0d 0h 0m 28s)

---------------  T H R E A D  ---------------

Current thread (0x0000020c6fcde000):  JavaThread "C2 CompilerThread0" daemon [_thread_in_native, id=11332, stack(0x0000006177000000,0x0000006177100000)]


Current CompileTask:
C2:  28126 1093       4       java.awt.LinearGradientPaintContext::fillRaster (97 bytes)

Stack: [0x0000006177000000,0x0000006177100000]
Native frames: (J=compiled Java code, j=interpreted, Vv=VM code, C=native code)
V  [jvm.dll+0x5f8a9a]
V  [jvm.dll+0x74247a]
V  [jvm.dll+0x743c2f]
V  [jvm.dll+0x744273]
V  [jvm.dll+0x20d288]
V  [jvm.dll+0xabea6]
V  [jvm.dll+0xac1fc]
V  [jvm.dll+0x58847d]
V  [jvm.dll+0x588627]
V  [jvm.dll+0x588627]
V  [jvm.dll+0x588627]
V  [jvm.dll+0x588627]
V  [jvm.dll+0x588627]
V  [jvm.dll+0x58d48e]
V  [jvm.dll+0x58e3cf]
V  [jvm.dll+0x58c905]
V  [jvm.dll+0x1e5ca5]
V  [jvm.dll+0x1e50b8]
V  [jvm.dll+0x1779cc]
V  [jvm.dll+0x1f4105]
V  [jvm.dll+0x1f22eb]
V  [jvm.dll+0x7070cd]
V  [jvm.dll+0x6ffeda]
V  [jvm.dll+0x5f78f6]
C  [ucrtbase.dll+0x1d912]
C  [KERNEL32.DLL+0x17bd4]
C  [ntdll.dll+0x6ce71]


---------------  P R O C E S S  ---------------

Threads class SMR info:
_java_thread_list=0x0000020c71984870, length=15, elements={
0x0000020c6fcbc800, 0x0000020c6fcbd800, 0x0000020c6fcd6000, 0x0000020c6fcd9000,
0x0000020c6fcda000, 0x0000020c6fcde000, 0x0000020c6fcf3800, 0x0000020c6fd00000,
0x0000020c7070e000, 0x0000020c7070f000, 0x0000020c70712000, 0x0000020c7070d800,
0x0000020c70710800, 0x0000020c7070c800, 0x0000020c70713000
}

Java Threads: ( => current thread )
  0x0000020c6fcbc800 JavaThread "Reference Handler" daemon [_thread_blocked, id=7020, stack(0x0000006176b00000,0x0000006176c00000)]
  0x0000020c6fcbd800 JavaThread "Finalizer" daemon [_thread_blocked, id=2936, stack(0x0000006176c00000,0x0000006176d00000)]
  0x0000020c6fcd6000 JavaThread "Signal Dispatcher" daemon [_thread_blocked, id=2240, stack(0x0000006176d00000,0x0000006176e00000)]
  0x0000020c6fcd9000 JavaThread "Attach Listener" daemon [_thread_blocked, id=8668, stack(0x0000006176e00000,0x0000006176f00000)]
  0x0000020c6fcda000 JavaThread "Service Thread" daemon [_thread_blocked, id=2068, stack(0x0000006176f00000,0x0000006177000000)]
=>0x0000020c6fcde000 JavaThread "C2 CompilerThread0" daemon [_thread_in_native, id=11332, stack(0x0000006177000000,0x0000006177100000)]
  0x0000020c6fcf3800 JavaThread "C1 CompilerThread0" daemon [_thread_in_native, id=4020, stack(0x0000006177100000,0x0000006177200000)]
  0x0000020c6fd00000 JavaThread "Sweeper thread" daemon [_thread_blocked, id=9648, stack(0x0000006177200000,0x0000006177300000)]
  0x0000020c7070e000 JavaThread "Common-Cleaner" daemon [_thread_blocked, id=11352, stack(0x0000006177300000,0x0000006177400000)]
  0x0000020c7070f000 JavaThread "Notification Thread" daemon [_thread_blocked, id=1364, stack(0x0000006177400000,0x0000006177500000)]
  0x0000020c70712000 JavaThread "Java2D Disposer" daemon [_thread_blocked, id=8412, stack(0x0000006177700000,0x0000006177800000)]
  0x0000020c7070d800 JavaThread "AWT-Shutdown" [_thread_blocked, id=8164, stack(0x0000006177800000,0x0000006177900000)]
  0x0000020c70710800 JavaThread "AWT-Windows" daemon [_thread_in_native, id=7424, stack(0x0000006177900000,0x0000006177a00000)]
  0x0000020c7070c800 JavaThread "AWT-EventQueue-0" [_thread_blocked, id=12080, stack(0x0000006177a00000,0x0000006177b00000)]
  0x0000020c70713000 JavaThread "DestroyJavaVM" [_thread_blocked, id=10264, stack(0x0000006176400000,0x0000006176500000)]

Other Threads:
  0x0000020c6fcb8800 VMThread "VM Thread" [stack: 0x0000006176a00000,0x0000006176b00000] [id=11860]
  0x0000020c707a5000 WatcherThread [stack: 0x0000006177500000,0x0000006177600000] [id=9160]
  0x0000020c53b6b800 GCTaskThread "GC Thread#0" [stack: 0x0000006176500000,0x0000006176600000] [id=2524]
  0x0000020c71665800 GCTaskThread "GC Thread#1" [stack: 0x0000006177c00000,0x0000006177d00000] [id=3556]
  0x0000020c71666000 GCTaskThread "GC Thread#2" [stack: 0x0000006177d00000,0x0000006177e00000] [id=520]
  0x0000020c71711000 GCTaskThread "GC Thread#3" [stack: 0x0000006177e00000,0x0000006177f00000] [id=2568]
  0x0000020c53b74800 ConcurrentGCThread "G1 Main Marker" [stack: 0x0000006176600000,0x0000006176700000] [id=10816]
  0x0000020c53b77800 ConcurrentGCThread "G1 Conc#0" [stack: 0x0000006176700000,0x0000006176800000] [id=8304]
  0x0000020c53bcd000 ConcurrentGCThread "G1 Refine#0" [stack: 0x0000006176800000,0x0000006176900000] [id=3980]
  0x0000020c53bce000 ConcurrentGCThread "G1 Young RemSet Sampling" [stack: 0x0000006176900000,0x0000006176a00000] [id=8600]

Threads with active compile tasks:
C2 CompilerThread0    28164 1093       4       java.awt.LinearGradientPaintContext::fillRaster (97 bytes)
C1 CompilerThread0    28165 1089       3       javax.swing.plaf.nimbus.NimbusStyle::validate (1150 bytes)

VM state:not at safepoint (normal execution)

VM Mutex/Monitor currently owned by a thread: None

Heap address: 0x00000000c1800000, size: 1000 MB, Compressed Oops mode: 32-bit
Narrow klass base: 0x0000000800000000, Narrow klass shift: 3
Compressed class space size: 1073741824 Address: 0x0000000800b30000

Heap:
 garbage-first heap   total 184320K, used 110669K [0x00000000c1800000, 0x0000000100000000)
  region size 1024K, 4 young (4096K), 1 survivors (1024K)
 Metaspace       used 9603K, capacity 9931K, committed 9984K, reserved 1058816K
  class space    used 1123K, capacity 1275K, committed 1280K, reserved 1048576K
Heap Regions: E=young(eden), S=young(survivor), O=old, HS=humongous(starts), HC=humongous(continues), CS=collection set, F=free, OA=open archive, CA=closed archive, TAMS=top-at-mark-start (previous, next)
|   0|0x00000000c1800000, 0x00000000c1800000, 0x00000000c1900000|  0%| F|  |TAMS 0x00000000c1800000, 0x00000000c1800000| Untracked 
|   1|0x00000000c1900000, 0x00000000c1900000, 0x00000000c1a00000|  0%| F|  |TAMS 0x00000000c1900000, 0x00000000c1900000| Untracked 
|   2|0x00000000c1a00000, 0x00000000c1a00000, 0x00000000c1b00000|  0%| F|  |TAMS 0x00000000c1a00000, 0x00000000c1a00000| Untracked 
|   3|0x00000000c1b00000, 0x00000000c1c00000, 0x00000000c1c00000|100%| O|  |TAMS 0x00000000c1c00000, 0x00000000c1b00000| Untracked 
|   4|0x00000000c1c00000, 0x00000000c1d00000, 0x00000000c1d00000|100%| O|  |TAMS 0x00000000c1d00000, 0x00000000c1c00000| Untracked 
|   5|0x00000000c1d00000, 0x00000000c1de6e00, 0x00000000c1e00000| 90%| O|  |TAMS 0x00000000c1de6e00, 0x00000000c1d00000| Untracked 
|   6|0x00000000c1e00000, 0x00000000c1f00000, 0x00000000c1f00000|100%|HS|  |TAMS 0x00000000c1e00000, 0x00000000c1e00000| Complete 
|   7|0x00000000c1f00000, 0x00000000c2000000, 0x00000000c2000000|100%|HC|  |TAMS 0x00000000c1f00000, 0x00000000c1f00000| Complete 
|   8|0x00000000c2000000, 0x00000000c2100000, 0x00000000c2100000|100%|HC|  |TAMS 0x00000000c2000000, 0x00000000c2000000| Complete 
|   9|0x00000000c2100000, 0x00000000c2200000, 0x00000000c2200000|100%|HC|  |TAMS 0x00000000c2100000, 0x00000000c2100000| Complete 
|  10|0x00000000c2200000, 0x00000000c2300000, 0x00000000c2300000|100%|HC|  |TAMS 0x00000000c2200000, 0x00000000c2200000| Complete 
|  11|0x00000000c2300000, 0x00000000c2400000, 0x00000000c2400000|100%|HC|  |TAMS 0x00000000c2300000, 0x00000000c2300000| Complete 
|  12|0x00000000c2400000, 0x00000000c2500000, 0x00000000c2500000|100%|HC|  |TAMS 0x00000000c2400000, 0x00000000c2400000| Complete 
|  13|0x00000000c2500000, 0x00000000c2600000, 0x00000000c2600000|100%|HC|  |TAMS 0x00000000c2500000, 0x00000000c2500000| Complete 
|  14|0x00000000c2600000, 0x00000000c2600000, 0x00000000c2700000|  0%| F|  |TAMS 0x00000000c2600000, 0x00000000c2600000| Untracked 
|  15|0x00000000c2700000, 0x00000000c2700000, 0x00000000c2800000|  0%| F|  |TAMS 0x00000000c2700000, 0x00000000c2700000| Untracked 
|  16|0x00000000c2800000, 0x00000000c2800000, 0x00000000c2900000|  0%| F|  |TAMS 0x00000000c2800000, 0x00000000c2800000| Untracked 
|  17|0x00000000c2900000, 0x00000000c2900000, 0x00000000c2a00000|  0%| F|  |TAMS 0x00000000c2900000, 0x00000000c2900000| Untracked 
|  18|0x00000000c2a00000, 0x00000000c2a00000, 0x00000000c2b00000|  0%| F|  |TAMS 0x00000000c2a00000, 0x00000000c2a00000| Untracked 
|  19|0x00000000c2b00000, 0x00000000c2b00000, 0x00000000c2c00000|  0%| F|  |TAMS 0x00000000c2b00000, 0x00000000c2b00000| Untracked 
|  20|0x00000000c2c00000, 0x00000000c2c00000, 0x00000000c2d00000|  0%| F|  |TAMS 0x00000000c2c00000, 0x00000000c2c00000| Untracked 
|  21|0x00000000c2d00000, 0x00000000c2d00000, 0x00000000c2e00000|  0%| F|  |TAMS 0x00000000c2d00000, 0x00000000c2d00000| Untracked 
|  22|0x00000000c2e00000, 0x00000000c2e00000, 0x00000000c2f00000|  0%| F|  |TAMS 0x00000000c2e00000, 0x00000000c2e00000| Untracked 
|  23|0x00000000c2f00000, 0x00000000c2f00000, 0x00000000c3000000|  0%| F|  |TAMS 0x00000000c2f00000, 0x00000000c2f00000| Untracked 
|  24|0x00000000c3000000, 0x00000000c3000000, 0x00000000c3100000|  0%| F|  |TAMS 0x00000000c3000000, 0x00000000c3000000| Untracked 
|  25|0x00000000c3100000, 0x00000000c3100000, 0x00000000c3200000|  0%| F|  |TAMS 0x00000000c3100000, 0x00000000c3100000| Untracked 
|  26|0x00000000c3200000, 0x00000000c3200000, 0x00000000c3300000|  0%| F|  |TAMS 0x00000000c3200000, 0x00000000c3200000| Untracked 
|  27|0x00000000c3300000, 0x00000000c3300000, 0x00000000c3400000|  0%| F|  |TAMS 0x00000000c3300000, 0x00000000c3300000| Untracked 
|  28|0x00000000c3400000, 0x00000000c3400000, 0x00000000c3500000|  0%| F|  |TAMS 0x00000000c3400000, 0x00000000c3400000| Untracked 
|  29|0x00000000c3500000, 0x00000000c3500000, 0x00000000c3600000|  0%| F|  |TAMS 0x00000000c3500000, 0x00000000c3500000| Untracked 
|  30|0x00000000c3600000, 0x00000000c3600000, 0x00000000c3700000|  0%| F|  |TAMS 0x00000000c3600000, 0x00000000c3600000| Untracked 
|  31|0x00000000c3700000, 0x00000000c3700000, 0x00000000c3800000|  0%| F|  |TAMS 0x00000000c3700000, 0x00000000c3700000| Untracked 
|  32|0x00000000c3800000, 0x00000000c3800000, 0x00000000c3900000|  0%| F|  |TAMS 0x00000000c3800000, 0x00000000c3800000| Untracked 
|  33|0x00000000c3900000, 0x00000000c3900000, 0x00000000c3a00000|  0%| F|  |TAMS 0x00000000c3900000, 0x00000000c3900000| Untracked 
|  34|0x00000000c3a00000, 0x00000000c3a00000, 0x00000000c3b00000|  0%| F|  |TAMS 0x00000000c3a00000, 0x00000000c3a00000| Untracked 
|  35|0x00000000c3b00000, 0x00000000c3b00000, 0x00000000c3c00000|  0%| F|  |TAMS 0x00000000c3b00000, 0x00000000c3b00000| Untracked 
|  36|0x00000000c3c00000, 0x00000000c3c00000, 0x00000000c3d00000|  0%| F|  |TAMS 0x00000000c3c00000, 0x00000000c3c00000| Untracked 
|  37|0x00000000c3d00000, 0x00000000c3d00000, 0x00000000c3e00000|  0%| F|  |TAMS 0x00000000c3d00000, 0x00000000c3d00000| Untracked 
|  38|0x00000000c3e00000, 0x00000000c3e00000, 0x00000000c3f00000|  0%| F|  |TAMS 0x00000000c3e00000, 0x00000000c3e00000| Untracked 
|  39|0x00000000c3f00000, 0x00000000c3f00000, 0x00000000c4000000|  0%| F|  |TAMS 0x00000000c3f00000, 0x00000000c3f00000| Untracked 
|  40|0x00000000c4000000, 0x00000000c4000000, 0x00000000c4100000|  0%| F|  |TAMS 0x00000000c4000000, 0x00000000c4000000| Untracked 
|  41|0x00000000c4100000, 0x00000000c4100000, 0x00000000c4200000|  0%| F|  |TAMS 0x00000000c4100000, 0x00000000c4100000| Untracked 
|  42|0x00000000c4200000, 0x00000000c4200000, 0x00000000c4300000|  0%| F|  |TAMS 0x00000000c4200000, 0x00000000c4200000| Untracked 
|  43|0x00000000c4300000, 0x00000000c4300000, 0x00000000c4400000|  0%| F|  |TAMS 0x00000000c4300000, 0x00000000c4300000| Untracked 
|  44|0x00000000c4400000, 0x00000000c4400000, 0x00000000c4500000|  0%| F|  |TAMS 0x00000000c4400000, 0x00000000c4400000| Untracked 
|  45|0x00000000c4500000, 0x00000000c4500000, 0x00000000c4600000|  0%| F|  |TAMS 0x00000000c4500000, 0x00000000c4500000| Untracked 
|  46|0x00000000c4600000, 0x00000000c4600000, 0x00000000c4700000|  0%| F|  |TAMS 0x00000000c4600000, 0x00000000c4600000| Untracked 
|  47|0x00000000c4700000, 0x00000000c4700000, 0x00000000c4800000|  0%| F|  |TAMS 0x00000000c4700000, 0x00000000c4700000| Untracked 
|  48|0x00000000c4800000, 0x00000000c4800000, 0x00000000c4900000|  0%| F|  |TAMS 0x00000000c4800000, 0x00000000c4800000| Untracked 
|  49|0x00000000c4900000, 0x00000000c4900000, 0x00000000c4a00000|  0%| F|  |TAMS 0x00000000c4900000, 0x00000000c4900000| Untracked 
|  50|0x00000000c4a00000, 0x00000000c4a00000, 0x00000000c4b00000|  0%| F|  |TAMS 0x00000000c4a00000, 0x00000000c4a00000| Untracked 
|  51|0x00000000c4b00000, 0x00000000c4b00000, 0x00000000c4c00000|  0%| F|  |TAMS 0x00000000c4b00000, 0x00000000c4b00000| Untracked 
|  52|0x00000000c4c00000, 0x00000000c4c00000, 0x00000000c4d00000|  0%| F|  |TAMS 0x00000000c4c00000, 0x00000000c4c00000| Untracked 
|  53|0x00000000c4d00000, 0x00000000c4d00000, 0x00000000c4e00000|  0%| F|  |TAMS 0x00000000c4d00000, 0x00000000c4d00000| Untracked 
|  54|0x00000000c4e00000, 0x00000000c4e00000, 0x00000000c4f00000|  0%| F|  |TAMS 0x00000000c4e00000, 0x00000000c4e00000| Untracked 
|  55|0x00000000c4f00000, 0x00000000c4f00000, 0x00000000c5000000|  0%| F|  |TAMS 0x00000000c4f00000, 0x00000000c4f00000| Untracked 
|  56|0x00000000c5000000, 0x00000000c5100000, 0x00000000c5100000|100%|HS|  |TAMS 0x00000000c5100000, 0x00000000c5000000| Complete 
|  57|0x00000000c5100000, 0x00000000c5200000, 0x00000000c5200000|100%|HC|  |TAMS 0x00000000c5200000, 0x00000000c5100000| Complete 
|  58|0x00000000c5200000, 0x00000000c5300000, 0x00000000c5300000|100%|HC|  |TAMS 0x00000000c5300000, 0x00000000c5200000| Complete 
|  59|0x00000000c5300000, 0x00000000c5400000, 0x00000000c5400000|100%|HC|  |TAMS 0x00000000c5400000, 0x00000000c5300000| Complete 
|  60|0x00000000c5400000, 0x00000000c5500000, 0x00000000c5500000|100%|HC|  |TAMS 0x00000000c5500000, 0x00000000c5400000| Complete 
|  61|0x00000000c5500000, 0x00000000c5600000, 0x00000000c5600000|100%|HC|  |TAMS 0x00000000c5600000, 0x00000000c5500000| Complete 
|  62|0x00000000c5600000, 0x00000000c5700000, 0x00000000c5700000|100%|HC|  |TAMS 0x00000000c5700000, 0x00000000c5600000| Complete 
|  63|0x00000000c5700000, 0x00000000c5800000, 0x00000000c5800000|100%|HC|  |TAMS 0x00000000c5800000, 0x00000000c5700000| Complete 
|  64|0x00000000c5800000, 0x00000000c5900000, 0x00000000c5900000|100%|HC|  |TAMS 0x00000000c5900000, 0x00000000c5800000| Complete 
|  65|0x00000000c5900000, 0x00000000c5a00000, 0x00000000c5a00000|100%|HC|  |TAMS 0x00000000c5a00000, 0x00000000c5900000| Complete 
|  66|0x00000000c5a00000, 0x00000000c5b00000, 0x00000000c5b00000|100%|HC|  |TAMS 0x00000000c5b00000, 0x00000000c5a00000| Complete 
|  67|0x00000000c5b00000, 0x00000000c5c00000, 0x00000000c5c00000|100%|HC|  |TAMS 0x00000000c5c00000, 0x00000000c5b00000| Complete 
|  68|0x00000000c5c00000, 0x00000000c5d00000, 0x00000000c5d00000|100%|HC|  |TAMS 0x00000000c5d00000, 0x00000000c5c00000| Complete 
|  69|0x00000000c5d00000, 0x00000000c5e00000, 0x00000000c5e00000|100%|HC|  |TAMS 0x00000000c5e00000, 0x00000000c5d00000| Complete 
|  70|0x00000000c5e00000, 0x00000000c5f00000, 0x00000000c5f00000|100%|HC|  |TAMS 0x00000000c5f00000, 0x00000000c5e00000| Complete 
|  71|0x00000000c5f00000, 0x00000000c6000000, 0x00000000c6000000|100%|HC|  |TAMS 0x00000000c6000000, 0x00000000c5f00000| Complete 
|  72|0x00000000c6000000, 0x00000000c6100000, 0x00000000c6100000|100%|HC|  |TAMS 0x00000000c6100000, 0x00000000c6000000| Complete 
|  73|0x00000000c6100000, 0x00000000c6200000, 0x00000000c6200000|100%|HC|  |TAMS 0x00000000c6200000, 0x00000000c6100000| Complete 
|  74|0x00000000c6200000, 0x00000000c6300000, 0x00000000c6300000|100%|HC|  |TAMS 0x00000000c6300000, 0x00000000c6200000| Complete 
|  75|0x00000000c6300000, 0x00000000c6400000, 0x00000000c6400000|100%|HC|  |TAMS 0x00000000c6400000, 0x00000000c6300000| Complete 
|  76|0x00000000c6400000, 0x00000000c6500000, 0x00000000c6500000|100%|HC|  |TAMS 0x00000000c6500000, 0x00000000c6400000| Complete 
|  77|0x00000000c6500000, 0x00000000c6600000, 0x00000000c6600000|100%|HC|  |TAMS 0x00000000c6600000, 0x00000000c6500000| Complete 
|  78|0x00000000c6600000, 0x00000000c6700000, 0x00000000c6700000|100%|HC|  |TAMS 0x00000000c6700000, 0x00000000c6600000| Complete 
|  79|0x00000000c6700000, 0x00000000c6800000, 0x00000000c6800000|100%|HC|  |TAMS 0x00000000c6800000, 0x00000000c6700000| Complete 
|  80|0x00000000c6800000, 0x00000000c6900000, 0x00000000c6900000|100%|HC|  |TAMS 0x00000000c6900000, 0x00000000c6800000| Complete 
|  81|0x00000000c6900000, 0x00000000c6a00000, 0x00000000c6a00000|100%|HC|  |TAMS 0x00000000c6a00000, 0x00000000c6900000| Complete 
|  82|0x00000000c6a00000, 0x00000000c6b00000, 0x00000000c6b00000|100%|HC|  |TAMS 0x00000000c6b00000, 0x00000000c6a00000| Complete 
|  83|0x00000000c6b00000, 0x00000000c6c00000, 0x00000000c6c00000|100%|HC|  |TAMS 0x00000000c6c00000, 0x00000000c6b00000| Complete 
|  84|0x00000000c6c00000, 0x00000000c6d00000, 0x00000000c6d00000|100%|HC|  |TAMS 0x00000000c6d00000, 0x00000000c6c00000| Complete 
|  85|0x00000000c6d00000, 0x00000000c6e00000, 0x00000000c6e00000|100%|HC|  |TAMS 0x00000000c6e00000, 0x00000000c6d00000| Complete 
|  86|0x00000000c6e00000, 0x00000000c6f00000, 0x00000000c6f00000|100%|HC|  |TAMS 0x00000000c6f00000, 0x00000000c6e00000| Complete 
|  87|0x00000000c6f00000, 0x00000000c7000000, 0x00000000c7000000|100%|HC|  |TAMS 0x00000000c7000000, 0x00000000c6f00000| Complete 
|  88|0x00000000c7000000, 0x00000000c7100000, 0x00000000c7100000|100%|HC|  |TAMS 0x00000000c7100000, 0x00000000c7000000| Complete 
|  89|0x00000000c7100000, 0x00000000c7200000, 0x00000000c7200000|100%|HC|  |TAMS 0x00000000c7200000, 0x00000000c7100000| Complete 
|  90|0x00000000c7200000, 0x00000000c7300000, 0x00000000c7300000|100%|HC|  |TAMS 0x00000000c7300000, 0x00000000c7200000| Complete 
|  91|0x00000000c7300000, 0x00000000c7400000, 0x00000000c7400000|100%|HC|  |TAMS 0x00000000c7400000, 0x00000000c7300000| Complete 
|  92|0x00000000c7400000, 0x00000000c7500000, 0x00000000c7500000|100%|HC|  |TAMS 0x00000000c7500000, 0x00000000c7400000| Complete 
|  93|0x00000000c7500000, 0x00000000c7600000, 0x00000000c7600000|100%|HC|  |TAMS 0x00000000c7600000, 0x00000000c7500000| Complete 
|  94|0x00000000c7600000, 0x00000000c7700000, 0x00000000c7700000|100%|HC|  |TAMS 0x00000000c7700000, 0x00000000c7600000| Complete 
|  95|0x00000000c7700000, 0x00000000c7800000, 0x00000000c7800000|100%|HC|  |TAMS 0x00000000c7800000, 0x00000000c7700000| Complete 
|  96|0x00000000c7800000, 0x00000000c7900000, 0x00000000c7900000|100%|HC|  |TAMS 0x00000000c7900000, 0x00000000c7800000| Complete 
|  97|0x00000000c7900000, 0x00000000c7a00000, 0x00000000c7a00000|100%|HC|  |TAMS 0x00000000c7a00000, 0x00000000c7900000| Complete 
|  98|0x00000000c7a00000, 0x00000000c7b00000, 0x00000000c7b00000|100%|HC|  |TAMS 0x00000000c7b00000, 0x00000000c7a00000| Complete 
|  99|0x00000000c7b00000, 0x00000000c7c00000, 0x00000000c7c00000|100%|HC|  |TAMS 0x00000000c7c00000, 0x00000000c7b00000| Complete 
| 100|0x00000000c7c00000, 0x00000000c7d00000, 0x00000000c7d00000|100%|HC|  |TAMS 0x00000000c7d00000, 0x00000000c7c00000| Complete 
| 101|0x00000000c7d00000, 0x00000000c7e00000, 0x00000000c7e00000|100%|HC|  |TAMS 0x00000000c7e00000, 0x00000000c7d00000| Complete 
| 102|0x00000000c7e00000, 0x00000000c7f00000, 0x00000000c7f00000|100%|HC|  |TAMS 0x00000000c7f00000, 0x00000000c7e00000| Complete 
| 103|0x00000000c7f00000, 0x00000000c8000000, 0x00000000c8000000|100%|HC|  |TAMS 0x00000000c8000000, 0x00000000c7f00000| Complete 
| 104|0x00000000c8000000, 0x00000000c8100000, 0x00000000c8100000|100%|HC|  |TAMS 0x00000000c8100000, 0x00000000c8000000| Complete 
| 105|0x00000000c8100000, 0x00000000c8200000, 0x00000000c8200000|100%|HC|  |TAMS 0x00000000c8200000, 0x00000000c8100000| Complete 
| 106|0x00000000c8200000, 0x00000000c8300000, 0x00000000c8300000|100%|HC|  |TAMS 0x00000000c8300000, 0x00000000c8200000| Complete 
| 107|0x00000000c8300000, 0x00000000c8400000, 0x00000000c8400000|100%|HC|  |TAMS 0x00000000c8400000, 0x00000000c8300000| Complete 
| 108|0x00000000c8400000, 0x00000000c8500000, 0x00000000c8500000|100%|HC|  |TAMS 0x00000000c8500000, 0x00000000c8400000| Complete 
| 109|0x00000000c8500000, 0x00000000c8600000, 0x00000000c8600000|100%|HC|  |TAMS 0x00000000c8600000, 0x00000000c8500000| Complete 
| 110|0x00000000c8600000, 0x00000000c8700000, 0x00000000c8700000|100%|HC|  |TAMS 0x00000000c8700000, 0x00000000c8600000| Complete 
| 111|0x00000000c8700000, 0x00000000c8800000, 0x00000000c8800000|100%|HC|  |TAMS 0x00000000c8800000, 0x00000000c8700000| Complete 
| 112|0x00000000c8800000, 0x00000000c8900000, 0x00000000c8900000|100%|HC|  |TAMS 0x00000000c8900000, 0x00000000c8800000| Complete 
| 113|0x00000000c8900000, 0x00000000c8a00000, 0x00000000c8a00000|100%|HC|  |TAMS 0x00000000c8a00000, 0x00000000c8900000| Complete 
| 114|0x00000000c8a00000, 0x00000000c8b00000, 0x00000000c8b00000|100%|HC|  |TAMS 0x00000000c8b00000, 0x00000000c8a00000| Complete 
| 115|0x00000000c8b00000, 0x00000000c8c00000, 0x00000000c8c00000|100%|HC|  |TAMS 0x00000000c8c00000, 0x00000000c8b00000| Complete 
| 116|0x00000000c8c00000, 0x00000000c8d00000, 0x00000000c8d00000|100%|HC|  |TAMS 0x00000000c8d00000, 0x00000000c8c00000| Complete 
| 117|0x00000000c8d00000, 0x00000000c8e00000, 0x00000000c8e00000|100%|HC|  |TAMS 0x00000000c8e00000, 0x00000000c8d00000| Complete 
| 118|0x00000000c8e00000, 0x00000000c8f00000, 0x00000000c8f00000|100%|HC|  |TAMS 0x00000000c8f00000, 0x00000000c8e00000| Complete 
| 119|0x00000000c8f00000, 0x00000000c9000000, 0x00000000c9000000|100%|HC|  |TAMS 0x00000000c9000000, 0x00000000c8f00000| Complete 
| 120|0x00000000c9000000, 0x00000000c9100000, 0x00000000c9100000|100%|HC|  |TAMS 0x00000000c9100000, 0x00000000c9000000| Complete 
| 121|0x00000000c9100000, 0x00000000c9200000, 0x00000000c9200000|100%|HC|  |TAMS 0x00000000c9200000, 0x00000000c9100000| Complete 
| 122|0x00000000c9200000, 0x00000000c9300000, 0x00000000c9300000|100%|HC|  |TAMS 0x00000000c9300000, 0x00000000c9200000| Complete 
| 123|0x00000000c9300000, 0x00000000c9400000, 0x00000000c9400000|100%|HC|  |TAMS 0x00000000c9400000, 0x00000000c9300000| Complete 
| 124|0x00000000c9400000, 0x00000000c9500000, 0x00000000c9500000|100%|HC|  |TAMS 0x00000000c9500000, 0x00000000c9400000| Complete 
| 125|0x00000000c9500000, 0x00000000c9600000, 0x00000000c9600000|100%|HC|  |TAMS 0x00000000c9600000, 0x00000000c9500000| Complete 
| 126|0x00000000c9600000, 0x00000000c9700000, 0x00000000c9700000|100%|HC|  |TAMS 0x00000000c9700000, 0x00000000c9600000| Complete 
| 127|0x00000000c9700000, 0x00000000c9800000, 0x00000000c9800000|100%|HC|  |TAMS 0x00000000c9800000, 0x00000000c9700000| Complete 
| 128|0x00000000c9800000, 0x00000000c9900000, 0x00000000c9900000|100%|HC|  |TAMS 0x00000000c9900000, 0x00000000c9800000| Complete 
| 129|0x00000000c9900000, 0x00000000c9a00000, 0x00000000c9a00000|100%|HC|  |TAMS 0x00000000c9a00000, 0x00000000c9900000| Complete 
| 130|0x00000000c9a00000, 0x00000000c9b00000, 0x00000000c9b00000|100%|HC|  |TAMS 0x00000000c9b00000, 0x00000000c9a00000| Complete 
| 131|0x00000000c9b00000, 0x00000000c9c00000, 0x00000000c9c00000|100%|HC|  |TAMS 0x00000000c9c00000, 0x00000000c9b00000| Complete 
| 132|0x00000000c9c00000, 0x00000000c9d00000, 0x00000000c9d00000|100%|HC|  |TAMS 0x00000000c9d00000, 0x00000000c9c00000| Complete 
| 133|0x00000000c9d00000, 0x00000000c9e00000, 0x00000000c9e00000|100%|HC|  |TAMS 0x00000000c9e00000, 0x00000000c9d00000| Complete 
| 134|0x00000000c9e00000, 0x00000000c9f00000, 0x00000000c9f00000|100%|HC|  |TAMS 0x00000000c9f00000, 0x00000000c9e00000| Complete 
| 135|0x00000000c9f00000, 0x00000000ca000000, 0x00000000ca000000|100%|HC|  |TAMS 0x00000000ca000000, 0x00000000c9f00000| Complete 
| 136|0x00000000ca000000, 0x00000000ca100000, 0x00000000ca100000|100%|HC|  |TAMS 0x00000000ca100000, 0x00000000ca000000| Complete 
| 137|0x00000000ca100000, 0x00000000ca200000, 0x00000000ca200000|100%|HC|  |TAMS 0x00000000ca200000, 0x00000000ca100000| Complete 
| 138|0x00000000ca200000, 0x00000000ca300000, 0x00000000ca300000|100%|HC|  |TAMS 0x00000000ca300000, 0x00000000ca200000| Complete 
| 139|0x00000000ca300000, 0x00000000ca400000, 0x00000000ca400000|100%|HC|  |TAMS 0x00000000ca400000, 0x00000000ca300000| Complete 
| 140|0x00000000ca400000, 0x00000000ca500000, 0x00000000ca500000|100%|HC|  |TAMS 0x00000000ca500000, 0x00000000ca400000| Complete 
| 141|0x00000000ca500000, 0x00000000ca600000, 0x00000000ca600000|100%|HC|  |TAMS 0x00000000ca600000, 0x00000000ca500000| Complete 
| 142|0x00000000ca600000, 0x00000000ca700000, 0x00000000ca700000|100%|HC|  |TAMS 0x00000000ca700000, 0x00000000ca600000| Complete 
| 143|0x00000000ca700000, 0x00000000ca800000, 0x00000000ca800000|100%|HC|  |TAMS 0x00000000ca800000, 0x00000000ca700000| Complete 
| 144|0x00000000ca800000, 0x00000000ca900000, 0x00000000ca900000|100%|HC|  |TAMS 0x00000000ca900000, 0x00000000ca800000| Complete 
| 145|0x00000000ca900000, 0x00000000caa00000, 0x00000000caa00000|100%|HC|  |TAMS 0x00000000caa00000, 0x00000000ca900000| Complete 
| 146|0x00000000caa00000, 0x00000000cab00000, 0x00000000cab00000|100%|HC|  |TAMS 0x00000000cab00000, 0x00000000caa00000| Complete 
| 147|0x00000000cab00000, 0x00000000cac00000, 0x00000000cac00000|100%|HC|  |TAMS 0x00000000cac00000, 0x00000000cab00000| Complete 
| 148|0x00000000cac00000, 0x00000000cad00000, 0x00000000cad00000|100%|HC|  |TAMS 0x00000000cad00000, 0x00000000cac00000| Complete 
| 149|0x00000000cad00000, 0x00000000cae00000, 0x00000000cae00000|100%|HC|  |TAMS 0x00000000cae00000, 0x00000000cad00000| Complete 
| 150|0x00000000cae00000, 0x00000000caf00000, 0x00000000caf00000|100%|HC|  |TAMS 0x00000000caf00000, 0x00000000cae00000| Complete 
| 151|0x00000000caf00000, 0x00000000caf2c6b8, 0x00000000cb000000| 17%| S|CS|TAMS 0x00000000caf00000, 0x00000000caf00000| Complete 
| 152|0x00000000cb000000, 0x00000000cb000000, 0x00000000cb100000|  0%| F|  |TAMS 0x00000000cb000000, 0x00000000cb000000| Untracked 
| 153|0x00000000cb100000, 0x00000000cb100000, 0x00000000cb200000|  0%| F|  |TAMS 0x00000000cb100000, 0x00000000cb100000| Untracked 
| 154|0x00000000cb200000, 0x00000000cb200000, 0x00000000cb300000|  0%| F|  |TAMS 0x00000000cb200000, 0x00000000cb200000| Untracked 
| 155|0x00000000cb300000, 0x00000000cb300000, 0x00000000cb400000|  0%| F|  |TAMS 0x00000000cb300000, 0x00000000cb300000| Untracked 
| 156|0x00000000cb400000, 0x00000000cb400000, 0x00000000cb500000|  0%| F|  |TAMS 0x00000000cb400000, 0x00000000cb400000| Untracked 
| 157|0x00000000cb500000, 0x00000000cb500000, 0x00000000cb600000|  0%| F|  |TAMS 0x00000000cb500000, 0x00000000cb500000| Untracked 
| 158|0x00000000cb600000, 0x00000000cb600000, 0x00000000cb700000|  0%| F|  |TAMS 0x00000000cb600000, 0x00000000cb600000| Untracked 
| 159|0x00000000cb700000, 0x00000000cb700000, 0x00000000cb800000|  0%| F|  |TAMS 0x00000000cb700000, 0x00000000cb700000| Untracked 
| 160|0x00000000cb800000, 0x00000000cb800000, 0x00000000cb900000|  0%| F|  |TAMS 0x00000000cb800000, 0x00000000cb800000| Untracked 
| 161|0x00000000cb900000, 0x00000000cb900000, 0x00000000cba00000|  0%| F|  |TAMS 0x00000000cb900000, 0x00000000cb900000| Untracked 
| 162|0x00000000cba00000, 0x00000000cba00000, 0x00000000cbb00000|  0%| F|  |TAMS 0x00000000cba00000, 0x00000000cba00000| Untracked 
| 163|0x00000000cbb00000, 0x00000000cbb00000, 0x00000000cbc00000|  0%| F|  |TAMS 0x00000000cbb00000, 0x00000000cbb00000| Untracked 
| 164|0x00000000cbc00000, 0x00000000cbc00000, 0x00000000cbd00000|  0%| F|  |TAMS 0x00000000cbc00000, 0x00000000cbc00000| Untracked 
| 165|0x00000000cbd00000, 0x00000000cbd00000, 0x00000000cbe00000|  0%| F|  |TAMS 0x00000000cbd00000, 0x00000000cbd00000| Untracked 
| 166|0x00000000cbe00000, 0x00000000cbe00000, 0x00000000cbf00000|  0%| F|  |TAMS 0x00000000cbe00000, 0x00000000cbe00000| Untracked 
| 167|0x00000000cbf00000, 0x00000000cbf00000, 0x00000000cc000000|  0%| F|  |TAMS 0x00000000cbf00000, 0x00000000cbf00000| Untracked 
| 168|0x00000000cc000000, 0x00000000cc000000, 0x00000000cc100000|  0%| F|  |TAMS 0x00000000cc000000, 0x00000000cc000000| Untracked 
| 169|0x00000000cc100000, 0x00000000cc100000, 0x00000000cc200000|  0%| F|  |TAMS 0x00000000cc100000, 0x00000000cc100000| Untracked 
| 170|0x00000000cc200000, 0x00000000cc200000, 0x00000000cc300000|  0%| F|  |TAMS 0x00000000cc200000, 0x00000000cc200000| Untracked 
| 171|0x00000000cc300000, 0x00000000cc300000, 0x00000000cc400000|  0%| F|  |TAMS 0x00000000cc300000, 0x00000000cc300000| Untracked 
| 172|0x00000000cc400000, 0x00000000cc400000, 0x00000000cc500000|  0%| F|  |TAMS 0x00000000cc400000, 0x00000000cc400000| Untracked 
| 173|0x00000000cc500000, 0x00000000cc600000, 0x00000000cc600000|100%| E|CS|TAMS 0x00000000cc500000, 0x00000000cc500000| Complete 
| 174|0x00000000cc600000, 0x00000000cc600000, 0x00000000cc700000|  0%| F|  |TAMS 0x00000000cc600000, 0x00000000cc600000| Untracked 
| 175|0x00000000cc700000, 0x00000000cc700000, 0x00000000cc800000|  0%| F|  |TAMS 0x00000000cc700000, 0x00000000cc700000| Untracked 
| 176|0x00000000cc800000, 0x00000000cc800000, 0x00000000cc900000|  0%| F|  |TAMS 0x00000000cc800000, 0x00000000cc800000| Untracked 
| 177|0x00000000cc900000, 0x00000000cc900000, 0x00000000cca00000|  0%| F|  |TAMS 0x00000000cc900000, 0x00000000cc900000| Untracked 
| 178|0x00000000cca00000, 0x00000000ccb00000, 0x00000000ccb00000|100%| E|  |TAMS 0x00000000cca00000, 0x00000000cca00000| Complete 
| 179|0x00000000ccb00000, 0x00000000ccc00000, 0x00000000ccc00000|100%| E|CS|TAMS 0x00000000ccb00000, 0x00000000ccb00000| Complete 

Card table byte_map: [0x0000020c6b4e0000,0x0000020c6b6e0000] _byte_map_base: 0x0000020c6aed4000

Marking Bits (Prev, Next): (CMBitMap*) 0x0000020c53b6c0f8, (CMBitMap*) 0x0000020c53b6c0b8
 Prev Bits: [0x0000020c6c880000, 0x0000020c6d820000)
 Next Bits: [0x0000020c6b8e0000, 0x0000020c6c880000)

Polling page: 0x0000020c53310000

Metaspace:

Usage:
  Non-class:      8.45 MB capacity,     8.28 MB ( 98%) used,   152.54 KB (  2%) free+waste,    23.50 KB ( <1%) overhead. 
      Class:      1.25 MB capacity,     1.10 MB ( 88%) used,   136.70 KB ( 11%) free+waste,    14.81 KB (  1%) overhead. 
       Both:      9.70 MB capacity,     9.38 MB ( 97%) used,   289.24 KB (  3%) free+waste,    38.31 KB ( <1%) overhead. 

Virtual space:
  Non-class space:       10.00 MB reserved,       8.50 MB ( 85%) committed 
      Class space:        1.00 GB reserved,       1.25 MB ( <1%) committed 
             Both:        1.01 GB reserved,       9.75 MB ( <1%) committed 

Chunk freelists:
   Non-Class:  48.00 KB
       Class:  5.00 KB
        Both:  53.00 KB

MaxMetaspaceSize: 17179869184.00 GB
CompressedClassSpaceSize: 1.00 GB

CodeHeap 'non-profiled nmethods': size=120000Kb used=405Kb max_used=405Kb free=119594Kb
 bounds [0x0000020c63db0000, 0x0000020c64020000, 0x0000020c6b2e0000]
CodeHeap 'profiled nmethods': size=120000Kb used=1938Kb max_used=1938Kb free=118061Kb
 bounds [0x0000020c5c880000, 0x0000020c5caf0000, 0x0000020c63db0000]
CodeHeap 'non-nmethods': size=5760Kb used=1307Kb max_used=1326Kb free=4452Kb
 bounds [0x0000020c5c2e0000, 0x0000020c5c550000, 0x0000020c5c880000]
 total_blobs=1690 nmethods=1085 adapters=518
 compilation: enabled
              stopped_count=0, restarted_count=0
 full_count=0

Compilation events (20 events):
Event: 27.763 Thread 0x0000020c6fcf3800 nmethod 1077 0x0000020c63e12c10 code [0x0000020c63e12da0, 0x0000020c63e12e78]
Event: 27.763 Thread 0x0000020c6fcf3800 1079       1       javax.swing.plaf.synth.SynthContext::getRegion (5 bytes)
Event: 27.763 Thread 0x0000020c6fcf3800 nmethod 1079 0x0000020c63e12f10 code [0x0000020c63e130a0, 0x0000020c63e13178]
Event: 27.763 Thread 0x0000020c6fcf3800 1080       1       sun.awt.SunHints$Value::getIndex (5 bytes)
Event: 27.763 Thread 0x0000020c6fcf3800 nmethod 1080 0x0000020c63e13210 code [0x0000020c63e133a0, 0x0000020c63e13478]
Event: 27.766 Thread 0x0000020c6fcf3800 1084       3       java.util.HashMap::tableSizeFor (32 bytes)
Event: 27.766 Thread 0x0000020c6fcf3800 nmethod 1084 0x0000020c5ca63a10 code [0x0000020c5ca63bc0, 0x0000020c5ca63da8]
Event: 27.771 Thread 0x0000020c6fcf3800 1085  s    3       sun.java2d.StateTrackableDelegate::setUntrackable (33 bytes)
Event: 27.771 Thread 0x0000020c6fcde000 nmethod 1076% 0x0000020c63e13510 code [0x0000020c63e137e0, 0x0000020c63e14538]
Event: 27.771 Thread 0x0000020c6fcf3800 nmethod 1085 0x0000020c5ca63e90 code [0x0000020c5ca64040, 0x0000020c5ca644a8]
Event: 27.771 Thread 0x0000020c6fcf3800 1086       1       sun.java2d.pipe.Region::getHiX (5 bytes)
Event: 27.771 Thread 0x0000020c6fcde000 1082       4       java.util.Arrays::fill (28 bytes)
Event: 27.771 Thread 0x0000020c6fcf3800 nmethod 1086 0x0000020c63e14a90 code [0x0000020c63e14c20, 0x0000020c63e14cf8]
Event: 27.771 Thread 0x0000020c6fcf3800 1087       1       sun.java2d.pipe.Region::getHiY (5 bytes)
Event: 27.772 Thread 0x0000020c6fcf3800 nmethod 1087 0x0000020c63e14d90 code [0x0000020c63e14f20, 0x0000020c63e14ff8]
Event: 27.772 Thread 0x0000020c6fcf3800 1088       3       sun.java2d.SurfaceData::markDirty (8 bytes)
Event: 27.772 Thread 0x0000020c6fcf3800 nmethod 1088 0x0000020c5ca64590 code [0x0000020c5ca64720, 0x0000020c5ca648d8]
Event: 27.772 Thread 0x0000020c6fcf3800 1089       3       javax.swing.plaf.nimbus.NimbusStyle::validate (1150 bytes)
Event: 27.778 Thread 0x0000020c6fcde000 nmethod 1082 0x0000020c63e15090 code [0x0000020c63e15240, 0x0000020c63e154d8]
Event: 27.778 Thread 0x0000020c6fcde000 1093       4       java.awt.LinearGradientPaintContext::fillRaster (97 bytes)

GC Heap History (10 events):
Event: 0.505 GC heap before
{Heap before GC invocations=0 (full 0):
 garbage-first heap   total 65536K, used 10240K [0x00000000c1800000, 0x0000000100000000)
  region size 1024K, 8 young (8192K), 0 survivors (0K)
 Metaspace       used 7501K, capacity 7811K, committed 8064K, reserved 1056768K
  class space    used 891K, capacity 1037K, committed 1152K, reserved 1048576K
}
Event: 0.511 GC heap after
{Heap after GC invocations=1 (full 0):
 garbage-first heap   total 65536K, used 5989K [0x00000000c1800000, 0x0000000100000000)
  region size 1024K, 2 young (2048K), 2 survivors (2048K)
 Metaspace       used 7501K, capacity 7811K, committed 8064K, reserved 1056768K
  class space    used 891K, capacity 1037K, committed 1152K, reserved 1048576K
}
Event: 0.747 GC heap before
{Heap before GC invocations=2 (full 0):
 garbage-first heap   total 173056K, used 109413K [0x00000000c1800000, 0x0000000100000000)
  region size 1024K, 9 young (9216K), 2 survivors (2048K)
 Metaspace       used 7609K, capacity 7939K, committed 8064K, reserved 1056768K
  class space    used 897K, capacity 1037K, committed 1152K, reserved 1048576K
}
Event: 0.750 GC heap after
{Heap after GC invocations=3 (full 0):
 garbage-first heap   total 173056K, used 103494K [0x00000000c1800000, 0x0000000100000000)
  region size 1024K, 1 young (1024K), 1 survivors (1024K)
 Metaspace       used 7609K, capacity 7939K, committed 8064K, reserved 1056768K
  class space    used 897K, capacity 1037K, committed 1152K, reserved 1048576K
}
Event: 0.872 GC heap before
{Heap before GC invocations=3 (full 0):
 garbage-first heap   total 173056K, used 124998K [0x00000000c1800000, 0x0000000100000000)
  region size 1024K, 23 young (23552K), 1 survivors (1024K)
 Metaspace       used 7629K, capacity 7942K, committed 8064K, reserved 1056768K
  class space    used 897K, capacity 1037K, committed 1152K, reserved 1048576K
}
Event: 0.873 GC heap after
{Heap after GC invocations=4 (full 0):
 garbage-first heap   total 173056K, used 103409K [0x00000000c1800000, 0x0000000100000000)
  region size 1024K, 1 young (1024K), 1 survivors (1024K)
 Metaspace       used 7629K, capacity 7942K, committed 8064K, reserved 1056768K
  class space    used 897K, capacity 1037K, committed 1152K, reserved 1048576K
}
Event: 1.150 GC heap before
{Heap before GC invocations=5 (full 0):
 garbage-first heap   total 178176K, used 149489K [0x00000000c1800000, 0x0000000100000000)
  region size 1024K, 46 young (47104K), 1 survivors (1024K)
 Metaspace       used 7629K, capacity 7942K, committed 8064K, reserved 1056768K
  class space    used 897K, capacity 1037K, committed 1152K, reserved 1048576K
}
Event: 1.151 GC heap after
{Heap after GC invocations=6 (full 0):
 garbage-first heap   total 178176K, used 103339K [0x00000000c1800000, 0x0000000100000000)
  region size 1024K, 1 young (1024K), 1 survivors (1024K)
 Metaspace       used 7629K, capacity 7942K, committed 8064K, reserved 1056768K
  class space    used 897K, capacity 1037K, committed 1152K, reserved 1048576K
}
Event: 1.318 GC heap before
{Heap before GC invocations=6 (full 0):
 garbage-first heap   total 178176K, used 124843K [0x00000000c1800000, 0x0000000100000000)
  region size 1024K, 23 young (23552K), 1 survivors (1024K)
 Metaspace       used 8844K, capacity 9127K, committed 9472K, reserved 1056768K
  class space    used 1048K, capacity 1178K, committed 1280K, reserved 1048576K
}
Event: 1.319 GC heap after
{Heap after GC invocations=7 (full 0):
 garbage-first heap   total 178176K, used 103501K [0x00000000c1800000, 0x0000000100000000)
  region size 1024K, 1 young (1024K), 1 survivors (1024K)
 Metaspace       used 8844K, capacity 9127K, committed 9472K, reserved 1056768K
  class space    used 1048K, capacity 1178K, committed 1280K, reserved 1048576K
}

Deoptimization events (20 events):
Event: 27.665 Thread 0x0000020c7070c800 DEOPT PACKING pc=0x0000020c5ca283cb sp=0x0000006177afc9c0
Event: 27.665 Thread 0x0000020c7070c800 DEOPT UNPACKING pc=0x0000020c5c32964e sp=0x0000006177afbe10 mode 0
Event: 27.757 Thread 0x0000020c7070c800 DEOPT PACKING pc=0x0000020c5ca365ab sp=0x0000006177afcdd0
Event: 27.757 Thread 0x0000020c7070c800 DEOPT UNPACKING pc=0x0000020c5c32964e sp=0x0000006177afc160 mode 0
Event: 27.763 Thread 0x0000020c7070c800 DEOPT PACKING pc=0x0000020c5ca314c3 sp=0x0000006177afcca0
Event: 27.763 Thread 0x0000020c7070c800 DEOPT UNPACKING pc=0x0000020c5c32964e sp=0x0000006177afc150 mode 0
Event: 27.765 Thread 0x0000020c7070c800 DEOPT PACKING pc=0x0000020c5ca314c3 sp=0x0000006177afcd90
Event: 27.765 Thread 0x0000020c7070c800 DEOPT UNPACKING pc=0x0000020c5c32964e sp=0x0000006177afc220 mode 0
Event: 27.769 Thread 0x0000020c7070c800 DEOPT PACKING pc=0x0000020c5ca314c3 sp=0x0000006177afcd90
Event: 27.769 Thread 0x0000020c7070c800 DEOPT UNPACKING pc=0x0000020c5c32964e sp=0x0000006177afc220 mode 0
Event: 27.771 Thread 0x0000020c7070c800 DEOPT PACKING pc=0x0000020c5ca314c3 sp=0x0000006177afcd90
Event: 27.771 Thread 0x0000020c7070c800 DEOPT UNPACKING pc=0x0000020c5c32964e sp=0x0000006177afc220 mode 0
Event: 27.774 Thread 0x0000020c7070c800 DEOPT PACKING pc=0x0000020c5ca314c3 sp=0x0000006177afcd90
Event: 27.774 Thread 0x0000020c7070c800 DEOPT UNPACKING pc=0x0000020c5c32964e sp=0x0000006177afc220 mode 0
Event: 27.775 Thread 0x0000020c7070c800 DEOPT PACKING pc=0x0000020c5ca505af sp=0x0000006177afccd0
Event: 27.775 Thread 0x0000020c7070c800 DEOPT UNPACKING pc=0x0000020c5c32964e sp=0x0000006177afc188 mode 0
Event: 27.776 Thread 0x0000020c7070c800 DEOPT PACKING pc=0x0000020c5ca314c3 sp=0x0000006177afcd90
Event: 27.776 Thread 0x0000020c7070c800 DEOPT UNPACKING pc=0x0000020c5c32964e sp=0x0000006177afc220 mode 0
Event: 27.779 Thread 0x0000020c7070c800 DEOPT PACKING pc=0x0000020c5ca505af sp=0x0000006177afccd0
Event: 27.779 Thread 0x0000020c7070c800 DEOPT UNPACKING pc=0x0000020c5c32964e sp=0x0000006177afc188 mode 0

Classes unloaded (0 events):
No events

Classes redefined (0 events):
No events

Internal exceptions (20 events):
Event: 0.365 Thread 0x0000020c53b3b000 Exception <a 'java/lang/ClassNotFoundException'{0x00000000c53830d0}: TextPane> (0x00000000c53830d0) 
thrown [./open/src/hotspot/share/classfile/systemDictionary.cpp, line 226]
Event: 0.365 Thread 0x0000020c53b3b000 Exception <a 'java/lang/ClassNotFoundException'{0x00000000c5383538}: EditorPane> (0x00000000c5383538) 
thrown [./open/src/hotspot/share/classfile/systemDictionary.cpp, line 226]
Event: 0.365 Thread 0x0000020c53b3b000 Exception <a 'java/lang/ClassNotFoundException'{0x00000000c5383e98}: ToolBar> (0x00000000c5383e98) 
thrown [./open/src/hotspot/share/classfile/systemDictionary.cpp, line 226]
Event: 0.365 Thread 0x0000020c53b3b000 Exception <a 'java/lang/ClassNotFoundException'{0x00000000c5384390}: ToolBar> (0x00000000c5384390) 
thrown [./open/src/hotspot/share/classfile/systemDictionary.cpp, line 226]
Event: 0.365 Thread 0x0000020c53b3b000 Exception <a 'java/lang/ClassNotFoundException'{0x00000000c53846f0}: Button> (0x00000000c53846f0) 
thrown [./open/src/hotspot/share/classfile/systemDictionary.cpp, line 226]
Event: 0.365 Thread 0x0000020c53b3b000 Exception <a 'java/lang/ClassNotFoundException'{0x00000000c5384bb8}: ToolBar> (0x00000000c5384bb8) 
thrown [./open/src/hotspot/share/classfile/systemDictionary.cpp, line 226]
Event: 0.365 Thread 0x0000020c53b3b000 Exception <a 'java/lang/ClassNotFoundException'{0x00000000c5384f28}: ToggleButton> (0x00000000c5384f28) 
thrown [./open/src/hotspot/share/classfile/systemDictionary.cpp, line 226]
Event: 0.365 Thread 0x0000020c53b3b000 Exception <a 'java/lang/ClassNotFoundException'{0x00000000c5385368}: javax/swing/JToolBarSeparator> (0x00000000c5385368) 
thrown [./open/src/hotspot/share/classfile/systemDictionary.cpp, line 226]
Event: 0.365 Thread 0x0000020c53b3b000 Exception <a 'java/lang/ClassNotFoundException'{0x00000000c5385670}: ToolBarSeparator> (0x00000000c5385670) 
thrown [./open/src/hotspot/share/classfile/systemDictionary.cpp, line 226]
Event: 0.365 Thread 0x0000020c53b3b000 Exception <a 'java/lang/ClassNotFoundException'{0x00000000c5385b88}: ToolTip> (0x00000000c5385b88) 
thrown [./open/src/hotspot/share/classfile/systemDictionary.cpp, line 226]
Event: 0.366 Thread 0x0000020c53b3b000 Exception <a 'java/lang/ClassNotFoundException'{0x00000000c5386738}: Tree> (0x00000000c5386738) 
thrown [./open/src/hotspot/share/classfile/systemDictionary.cpp, line 226]
Event: 0.366 Thread 0x0000020c53b3b000 Exception <a 'java/lang/ClassNotFoundException'{0x00000000c5386c30}: Tree> (0x00000000c5386c30) 
thrown [./open/src/hotspot/share/classfile/systemDictionary.cpp, line 226]
Event: 0.366 Thread 0x0000020c53b3b000 Exception <a 'java/lang/ClassNotFoundException'{0x00000000c5386fa0}: javax/swing/JTreeCell> (0x00000000c5386fa0) 
thrown [./open/src/hotspot/share/classfile/systemDictionary.cpp, line 226]
Event: 0.366 Thread 0x0000020c53b3b000 Exception <a 'java/lang/ClassNotFoundException'{0x00000000c53872a0}: TreeCell> (0x00000000c53872a0) 
thrown [./open/src/hotspot/share/classfile/systemDictionary.cpp, line 226]
Event: 0.367 Thread 0x0000020c53b3b000 Exception <a 'java/lang/ClassNotFoundException'{0x00000000c5387a60}: RootPane> (0x00000000c5387a60) 
thrown [./open/src/hotspot/share/classfile/systemDictionary.cpp, line 226]
Event: 0.368 Thread 0x0000020c53b3b000 Exception <a 'java/lang/ClassNotFoundException'{0x00000000c538a8b0}: com/sun/swing/internal/plaf/metal/resources/spi/metalProvider> (0x00000000c538a8b0) 
thrown [./open/src/hotspot/share/classfile/systemDictionary.cpp, line 226]
Event: 0.369 Thread 0x0000020c53b3b000 Exception <a 'java/lang/ClassNotFoundException'{0x00000000c538e6b0}: com/sun/swing/internal/plaf/basic/resources/spi/basicProvider> (0x00000000c538e6b0) 
thrown [./open/src/hotspot/share/classfile/systemDictionary.cpp, line 226]
Event: 0.394 Thread 0x0000020c7070c800 Exception <a 'java/lang/ClassNotFoundException'{0x00000000c525d010}: com/sun/swing/internal/plaf/synth/resources/spi/synthProvider> (0x00000000c525d010) 
thrown [./open/src/hotspot/share/classfile/systemDictionary.cpp, line 226]
Event: 1.266 Thread 0x0000020c7070c800 Exception <a 'java/lang/NoSuchMethodError'{0x00000000cb024fd0}: 'void java.lang.invoke.DirectMethodHandle$Holder.invokeStaticInit(java.lang.Object)'> (0x00000000cb024fd0) 
thrown [./open/src/hotspot/share/interpreter/linkResolver.cpp, line 766]
Event: 1.272 Thread 0x0000020c7070c800 Exception <a 'java/lang/NoSuchMethodError'{0x00000000cb04c008}: 'java.lang.Object java.lang.invoke.Invokers$Holder.linkToTargetMethod(java.lang.Object, int, java.lang.Object)'> (0x00000000cb04c008) 
thrown [./open/src/hotspot/share/interpreter/linkResolver.cpp, line 766]

Events (20 events):
Event: 1.439 loading class java/awt/event/ContainerEvent done
Event: 1.439 loading class java/applet/Applet
Event: 1.439 loading class java/awt/Panel
Event: 1.439 loading class java/awt/Panel done
Event: 1.439 loading class java/applet/Applet done
Event: 1.439 loading class java/awt/TextComponent
Event: 1.440 loading class java/awt/TextComponent done
Event: 1.447 loading class java/util/concurrent/locks/AbstractQueuedSynchronizer$ConditionNode
Event: 1.447 loading class java/util/concurrent/ForkJoinPool$ManagedBlocker
Event: 1.447 loading class java/util/concurrent/ForkJoinPool$ManagedBlocker done
Event: 1.447 loading class java/util/concurrent/locks/AbstractQueuedSynchronizer$Node
Event: 1.447 loading class java/util/concurrent/locks/AbstractQueuedSynchronizer$Node done
Event: 1.447 loading class java/util/concurrent/locks/AbstractQueuedSynchronizer$ConditionNode done
Event: 6.248 Executing VM operation: HandshakeOneThread
Event: 6.248 Executing VM operation: HandshakeOneThread done
Event: 6.248 Thread 0x0000020c70710000 Thread exited: 0x0000020c70710000
Event: 6.747 loading class java/util/concurrent/locks/AbstractQueuedSynchronizer$ExclusiveNode
Event: 6.747 loading class java/util/concurrent/locks/AbstractQueuedSynchronizer$ExclusiveNode done
Event: 27.683 Executing VM operation: HandshakeAllThreads
Event: 27.687 Executing VM operation: HandshakeAllThreads done


Dynamic libraries:
0x00007ff74fad0000 - 0x00007ff74fadf000 	C:\Program Files\Java\jdk-14.0.2\bin\java.exe
0x00007ffdc3260000 - 0x00007ffdc3450000 	C:\Windows\SYSTEM32\ntdll.dll
0x00007ffdc1320000 - 0x00007ffdc13d2000 	C:\Windows\System32\KERNEL32.DLL
0x00007ffdc0340000 - 0x00007ffdc05e2000 	C:\Windows\System32\KERNELBASE.dll
0x00007ffdc01f0000 - 0x00007ffdc02ea000 	C:\Windows\System32\ucrtbase.dll
0x00007ffdb9c40000 - 0x00007ffdb9c55000 	C:\Program Files\Java\jdk-14.0.2\bin\VCRUNTIME140.dll
0x00007ffdb1a30000 - 0x00007ffdb1a48000 	C:\Program Files\Java\jdk-14.0.2\bin\jli.dll
0x00007ffdc1be0000 - 0x00007ffdc1c83000 	C:\Windows\System32\ADVAPI32.dll
0x00007ffdc1a00000 - 0x00007ffdc1a9e000 	C:\Windows\System32\msvcrt.dll
0x00007ffdc25d0000 - 0x00007ffdc2667000 	C:\Windows\System32\sechost.dll
0x00007ffdc2320000 - 0x00007ffdc2440000 	C:\Windows\System32\RPCRT4.dll
0x00007ffdc1860000 - 0x00007ffdc19f3000 	C:\Windows\System32\USER32.dll
0x00007ffdae240000 - 0x00007ffdae4c5000 	C:\Windows\WinSxS\amd64_microsoft.windows.common-controls_6595b64144ccf1df_6.0.18362.116_none_e6c4ac41130f2c3a\COMCTL32.dll
0x00007ffdc1440000 - 0x00007ffdc1776000 	C:\Windows\System32\combase.dll
0x00007ffdc05f0000 - 0x00007ffdc0671000 	C:\Windows\System32\bcryptPrimitives.dll
0x00007ffdc1c90000 - 0x00007ffdc1cb6000 	C:\Windows\System32\GDI32.dll
0x00007ffdc02f0000 - 0x00007ffdc0311000 	C:\Windows\System32\win32u.dll
0x00007ffdc1180000 - 0x00007ffdc1314000 	C:\Windows\System32\gdi32full.dll
0x00007ffdc10e0000 - 0x00007ffdc117e000 	C:\Windows\System32\msvcp_win.dll
0x00007ffdadbd0000 - 0x00007ffdadbda000 	C:\Windows\SYSTEM32\VERSION.dll
0x00007ffdc1830000 - 0x00007ffdc185e000 	C:\Windows\System32\IMM32.DLL
0x00007ffda0630000 - 0x00007ffda06cb000 	C:\Program Files\Java\jdk-14.0.2\bin\msvcp140.dll
0x00007ffd743f0000 - 0x00007ffd74f0e000 	C:\Program Files\Java\jdk-14.0.2\bin\server\jvm.dll
0x00007ffdc22f0000 - 0x00007ffdc22f8000 	C:\Windows\System32\PSAPI.DLL
0x00007ffdbc6a0000 - 0x00007ffdbc6c4000 	C:\Windows\SYSTEM32\WINMM.dll
0x00007ffdbafd0000 - 0x00007ffdbafd9000 	C:\Windows\SYSTEM32\WSOCK32.dll
0x00007ffdc1f10000 - 0x00007ffdc1f7f000 	C:\Windows\System32\WS2_32.dll
0x00007ffdbc670000 - 0x00007ffdbc69d000 	C:\Windows\SYSTEM32\winmmbase.dll
0x00007ffdc0800000 - 0x00007ffdc084a000 	C:\Windows\System32\cfgmgr32.dll
0x00007ffdc0140000 - 0x00007ffdc0151000 	C:\Windows\System32\kernel.appcore.dll
0x00007ffdb90a0000 - 0x00007ffdb90aa000 	C:\Program Files\Java\jdk-14.0.2\bin\jimage.dll
0x00007ffdbeab0000 - 0x00007ffdbeca4000 	C:\Windows\SYSTEM32\DBGHELP.DLL
0x00007ffdaf860000 - 0x00007ffdaf88a000 	C:\Windows\SYSTEM32\dbgcore.DLL
0x00007ffdb3050000 - 0x00007ffdb3075000 	C:\Program Files\Java\jdk-14.0.2\bin\java.dll
0x00007ffdb3030000 - 0x00007ffdb3046000 	C:\Program Files\Java\jdk-14.0.2\bin\zip.dll
0x00007ffdc26d0000 - 0x00007ffdc2db0000 	C:\Windows\System32\SHELL32.dll
0x00007ffdc2450000 - 0x00007ffdc24f9000 	C:\Windows\System32\shcore.dll
0x00007ffdc0850000 - 0x00007ffdc0fca000 	C:\Windows\System32\windows.storage.dll
0x00007ffdc0160000 - 0x00007ffdc017f000 	C:\Windows\System32\profapi.dll
0x00007ffdc01a0000 - 0x00007ffdc01ea000 	C:\Windows\System32\powrprof.dll
0x00007ffdc0130000 - 0x00007ffdc0140000 	C:\Windows\System32\UMPDC.dll
0x00007ffdc13e0000 - 0x00007ffdc1432000 	C:\Windows\System32\shlwapi.dll
0x00007ffdc0320000 - 0x00007ffdc0337000 	C:\Windows\System32\cryptsp.dll
0x00007ffdb1990000 - 0x00007ffdb19a9000 	C:\Program Files\Java\jdk-14.0.2\bin\net.dll
0x00007ffdb57c0000 - 0x00007ffdb58af000 	C:\Windows\SYSTEM32\WINHTTP.dll
0x00007ffdbf940000 - 0x00007ffdbf9a7000 	C:\Windows\system32\mswsock.dll
0x00007ffdb1970000 - 0x00007ffdb1982000 	C:\Program Files\Java\jdk-14.0.2\bin\nio.dll
0x00007ffd86910000 - 0x00007ffd86aa9000 	C:\Program Files\Java\jdk-14.0.2\bin\awt.dll
0x00007ffdc1f80000 - 0x00007ffdc2044000 	C:\Windows\System32\OLEAUT32.dll
0x00007ffdbdbd0000 - 0x00007ffdbdc5f000 	C:\Windows\SYSTEM32\apphelp.dll
0x00007ffdbe0c0000 - 0x00007ffdbe159000 	C:\Windows\system32\uxtheme.dll
0x00007ffdc1aa0000 - 0x00007ffdc1bd7000 	C:\Windows\System32\MSCTF.dll
0x00007ffdc1d40000 - 0x00007ffdc1e96000 	C:\Windows\System32\ole32.dll
0x00007ffdbe240000 - 0x00007ffdbe26d000 	C:\Windows\system32\DWMAPI.DLL
0x00007ffda05a0000 - 0x00007ffda0622000 	C:\Program Files\Java\jdk-14.0.2\bin\freetype.dll
0x00007ffd9a130000 - 0x00007ffd9a1d6000 	C:\Program Files\Java\jdk-14.0.2\bin\fontmanager.dll
0x00007ffda02f0000 - 0x00007ffda043f000 	C:\Windows\system32\opengl32.dll
0x00007ffdb1940000 - 0x00007ffdb196c000 	C:\Windows\SYSTEM32\GLU32.dll
0x00007ffdbedf0000 - 0x00007ffdbee10000 	C:\Windows\SYSTEM32\dxcore.dll
0x00007ffdba860000 - 0x00007ffdba8fe000 	C:\Windows\System32\TextInputFramework.dll
0x00007ffdbd650000 - 0x00007ffdbd724000 	C:\Windows\System32\CoreMessaging.dll
0x00007ffdb9eb0000 - 0x00007ffdba1d9000 	C:\Windows\System32\CoreUIComponents.dll
0x00007ffdbf1e0000 - 0x00007ffdbf211000 	C:\Windows\SYSTEM32\ntmarta.dll
0x00007ffdbb930000 - 0x00007ffdbba83000 	C:\Windows\SYSTEM32\wintypes.dll
0x00007ffdb14c0000 - 0x00007ffdb1766000 	C:\Windows\System32\iertutil.dll

dbghelp: loaded successfully - version: 4.0.5 - missing functions: none
symbol engine: initialized successfully - sym options: 0x614 - pdb path: .;C:\Program Files\Java\jdk-14.0.2\bin;C:\Windows\SYSTEM32;C:\Windows\WinSxS\amd64_microsoft.windows.common-controls_6595b64144ccf1df_6.0.18362.116_none_e6c4ac41130f2c3a;C:\Program Files\Java\jdk-14.0.2\bin\server

VM Arguments:
jvm_args: -Dfile.encoding=UTF-8 --module-path=D:\Documents\NetBeansProjects\Covid Management\build\classes 
java_command: home
java_class_path (initial): C:\Program Files\NetBeans-12.5\netbeans\java\modules\ext\AbsoluteLayout.jar;F:\New folder\mysql-connector-java-8.0.26\mysql-connector-java-8.0.26.jar;F:\New folder\rs2xml\rs2xml.jar;D:\Documents\NetBeansProjects\Covid Management\build\classes
Launcher Type: SUN_STANDARD

[Global flags]
     intx CICompilerCount                          = 3                                         {product} {ergonomic}
     uint ConcGCThreads                            = 1                                         {product} {ergonomic}
     uint G1ConcRefinementThreads                  = 4                                         {product} {ergonomic}
   size_t G1HeapRegionSize                         = 1048576                                   {product} {ergonomic}
    uintx GCDrainStackTargetSize                   = 64                                        {product} {ergonomic}
   size_t InitialHeapSize                          = 67108864                                  {product} {ergonomic}
   size_t MarkStackSize                            = 4194304                                   {product} {ergonomic}
   size_t MaxHeapSize                              = 1048576000                                {product} {ergonomic}
   size_t MaxNewSize                               = 629145600                                 {product} {ergonomic}
   size_t MinHeapDeltaBytes                        = 1048576                                   {product} {ergonomic}
   size_t MinHeapSize                              = 8388608                                   {product} {ergonomic}
    uintx NonNMethodCodeHeapSize                   = 5832780                                {pd product} {ergonomic}
    uintx NonProfiledCodeHeapSize                  = 122912730                              {pd product} {ergonomic}
    uintx ProfiledCodeHeapSize                     = 122912730                              {pd product} {ergonomic}
    uintx ReservedCodeCacheSize                    = 251658240                              {pd product} {ergonomic}
     bool SegmentedCodeCache                       = true                                      {product} {ergonomic}
   size_t SoftMaxHeapSize                          = 1048576000                             {manageable} {ergonomic}
     bool UseCompressedClassPointers               = true                                 {lp64_product} {ergonomic}
     bool UseCompressedOops                        = true                                 {lp64_product} {ergonomic}
     bool UseG1GC                                  = true                                      {product} {ergonomic}
     bool UseLargePagesIndividualAllocation        = false                                  {pd product} {ergonomic}

Logging:
Log output configuration:
 #0: stdout all=warning uptime,level,tags
 #1: stderr all=off uptime,level,tags

Environment Variables:
PATH=C:\Program Files (x86)\Common Files\Oracle\Java\javapath;C:\Windows\system32;C:\Windows;C:\Windows\System32\Wbem;C:\Windows\System32\WindowsPowerShell\v1.0\;C:\Windows\System32\OpenSSH\;C:\Program Files\Microsoft SQL Server\Client SDK\ODBC\170\Tools\Binn\;C:\Program Files (x86)\Microsoft SQL Server\150\Tools\Binn\;C:\Program Files\Microsoft SQL Server\150\Tools\Binn\;C:\Program Files\Microsoft SQL Server\150\DTS\Binn\;C:\Program Files (x86)\Microsoft SQL Server\150\DTS\Binn\;C:\Program Files\Azure Data Studio\bin;C:\Program Files\nodejs\;C:\Program Files\Git\cmd;C:\Users\Admin\AppData\Local\Programs\Python\Python310\Scripts\;C:\Users\Admin\AppData\Local\Programs\Python\Python310\;C:\Users\Admin\AppData\Local\Microsoft\WindowsApps;;C:\Users\Admin\AppData\Local\Programs\Microsoft VS Code\bin;C:\Program Files\Azure Data Studio\bin;C:\Users\Admin\AppData\Roaming\npm;F:\Python\PyCharm Community Edition 2021.2.2\bin;
USERNAME=Admin
OS=Windows_NT
PROCESSOR_IDENTIFIER=Intel64 Family 6 Model 142 Stepping 9, GenuineIntel



---------------  S Y S T E M  ---------------

OS: Windows 10 , 64 bit Build 18362 (10.0.18362.86)
OS uptime: 4 days 5:10 hours

CPU:total 4 (initial active 4) (2 cores per cpu, 2 threads per core) family 6 model 142 stepping 9, cmov, cx8, fxsr, mmx, sse, sse2, sse3, ssse3, sse4.1, sse4.2, popcnt, avx, avx2, aes, clmul, erms, 3dnowpref, lzcnt, ht, tsc, tscinvbit, bmi1, bmi2, adx, fma

Memory: 4k page, system-wide physical 3994M (588M free)
TotalPageFile size 6784M (AvailPageFile size 5M)
current process WorkingSet (physical memory assigned to process): 217M, peak: 217M
current process commit charge ("private bytes"): 273M, peak: 274M

vm_info: Java HotSpot(TM) 64-Bit Server VM (14.0.2+12-46) for windows-amd64 JRE (14.0.2+12-46), built on Jul  9 2020 00:35:52 by "mach5one" with MS VC++ 15.9 (VS2017)

END.
